#
# There is insufficient memory for the Java Runtime Environment to continue.
# Native memory allocation (malloc) failed to allocate 1323376 bytes for Chunk::new
# Possible reasons:
#   The system is out of physical RAM or swap space
#   The process is running with CompressedOops enabled, and the Java Heap may be blocking the growth of the native heap
# Possible solutions:
#   Reduce memory load on the system
#   Increase physical memory or swap space
#   Check if swap backing store is full
#   Decrease Java heap size (-Xmx/-Xms)
#   Decrease number of Java threads
#   Decrease Java thread stack sizes (-Xss)
#   Set larger code cache with -XX:ReservedCodeCacheSize=
#   JVM is running with Zero Based Compressed Oops mode in which the Java heap is
#     placed in the first 32GB address space. The Java Heap base address is the
#     maximum limit for the native heap growth. Please use -XX:HeapBaseMinAddress
#     to set the Java Heap base and to place the Java Heap above 32GB virtual address.
# This output file may be truncated or incomplete.
#
#  Out of Memory Error (./src/hotspot/share/memory/arena.cpp:197), pid=22756, tid=22152
#
# JRE version: OpenJDK Runtime Environment (11.0.12+7) (build 11.0.12+7-b1504.28-7817840)
# Java VM: OpenJDK 64-Bit Server VM (11.0.12+7-b1504.28-7817840, mixed mode, tiered, compressed oops, g1 gc, windows-amd64)
# No core dump will be written. Minidumps are not enabled by default on client versions of Windows
#

---------------  S U M M A R Y ------------

Command Line: org.jetbrains.kotlin.cli.jvm.K2JVMCompiler @C:\Users\Sergio\AndroidStudioProjects\spc_swabApp_SergioVersionNew\app\build\20220602_2316218664120404683.compiler.options

Host: Intel(R) Core(TM) i7-10700 CPU @ 2.90GHz, 16 cores, 31G,  Windows 10 , 64 bit Build 19041 (10.0.19041.1706)
Time: Thu Jun  2 17:14:11 2022 Hora est. Pacífico, Sudamérica elapsed time: 4.853743 seconds (0d 0h 0m 4s)

---------------  T H R E A D  ---------------

Current thread (0x0000022621081000):  JavaThread "C2 CompilerThread3" daemon [_thread_in_native, id=22152, stack(0x0000003863900000,0x0000003863a00000)]


Current CompileTask:
C2:   4853 11263       4       org.jetbrains.kotlin.types.DescriptorSubstitutor::substituteTypeParameters (389 bytes)

Stack: [0x0000003863900000,0x0000003863a00000]
Native frames: (J=compiled Java code, j=interpreted, Vv=VM code, C=native code)
V  [jvm.dll+0x5fbcea]
V  [jvm.dll+0x731905]
V  [jvm.dll+0x732f1d]
V  [jvm.dll+0x7335d3]
V  [jvm.dll+0x247bf8]
V  [jvm.dll+0xc018c]
V  [jvm.dll+0xc06cc]
V  [jvm.dll+0x35b31d]
V  [jvm.dll+0x328803]
V  [jvm.dll+0x327cfa]
V  [jvm.dll+0x200602]
V  [jvm.dll+0x1ff794]
V  [jvm.dll+0x18868c]
V  [jvm.dll+0x20e0d7]
V  [jvm.dll+0x20c901]
V  [jvm.dll+0x6f9b7f]
V  [jvm.dll+0x6f26a5]
V  [jvm.dll+0x5fabf6]
C  [ucrtbase.dll+0x21bb2]
C  [KERNEL32.DLL+0x17034]
C  [ntdll.dll+0x52651]


---------------  P R O C E S S  ---------------

Threads class SMR info:
_java_thread_list=0x0000022625d4d900, length=17, elements={
0x00000226771be000, 0x0000022620e42000, 0x0000022620e43800, 0x0000022620e82000,
0x0000022620e86800, 0x0000022620e87800, 0x0000022620e8a800, 0x0000022620ed0800,
0x0000022620ed9000, 0x0000022621061000, 0x0000022621087000, 0x0000022621080800,
0x000002262107f000, 0x0000022621081000, 0x0000022621579000, 0x00000226214c0800,
0x00000226268b3800
}

Java Threads: ( => current thread )
  0x00000226771be000 JavaThread "main" [_thread_in_Java, id=26824, stack(0x0000003862500000,0x0000003862600000)]
  0x0000022620e42000 JavaThread "Reference Handler" daemon [_thread_blocked, id=2572, stack(0x0000003862c00000,0x0000003862d00000)]
  0x0000022620e43800 JavaThread "Finalizer" daemon [_thread_blocked, id=14636, stack(0x0000003862d00000,0x0000003862e00000)]
  0x0000022620e82000 JavaThread "Signal Dispatcher" daemon [_thread_blocked, id=13244, stack(0x0000003862e00000,0x0000003862f00000)]
  0x0000022620e86800 JavaThread "Attach Listener" daemon [_thread_blocked, id=2712, stack(0x0000003862f00000,0x0000003863000000)]
  0x0000022620e87800 JavaThread "Service Thread" daemon [_thread_blocked, id=18316, stack(0x0000003863000000,0x0000003863100000)]
  0x0000022620e8a800 JavaThread "C2 CompilerThread0" daemon [_thread_blocked, id=27728, stack(0x0000003863100000,0x0000003863200000)]
  0x0000022620ed0800 JavaThread "C1 CompilerThread0" daemon [_thread_in_native, id=19856, stack(0x0000003863200000,0x0000003863300000)]
  0x0000022620ed9000 JavaThread "Sweeper thread" daemon [_thread_blocked, id=27864, stack(0x0000003863300000,0x0000003863400000)]
  0x0000022621061000 JavaThread "C1 CompilerThread1" daemon [_thread_blocked, id=19712, stack(0x0000003863400000,0x0000003863500000)]
  0x0000022621087000 JavaThread "Common-Cleaner" daemon [_thread_blocked, id=16112, stack(0x0000003863600000,0x0000003863700000)]
  0x0000022621080800 JavaThread "C2 CompilerThread1" daemon [_thread_blocked, id=5692, stack(0x0000003863700000,0x0000003863800000)]
  0x000002262107f000 JavaThread "C2 CompilerThread2" daemon [_thread_in_native, id=9944, stack(0x0000003863800000,0x0000003863900000)]
=>0x0000022621081000 JavaThread "C2 CompilerThread3" daemon [_thread_in_native, id=22152, stack(0x0000003863900000,0x0000003863a00000)]
  0x0000022621579000 JavaThread "C1 CompilerThread2" daemon [_thread_blocked, id=23940, stack(0x0000003863a00000,0x0000003863b00000)]
  0x00000226214c0800 JavaThread "C1 CompilerThread3" daemon [_thread_blocked, id=24840, stack(0x0000003863b00000,0x0000003863c00000)]
  0x00000226268b3800 JavaThread "C2 CompilerThread4" daemon [_thread_blocked, id=18192, stack(0x0000003864900000,0x0000003864a00000)]

Other Threads:
  0x0000022620e3f800 VMThread "VM Thread" [stack: 0x0000003862b00000,0x0000003862c00000] [id=28860]
  0x000002262107e800 WatcherThread [stack: 0x0000003863500000,0x0000003863600000] [id=25620]
  0x00000226771d6800 GCTaskThread "GC Thread#0" [stack: 0x0000003862600000,0x0000003862700000] [id=18416]
  0x0000022621679800 GCTaskThread "GC Thread#1" [stack: 0x0000003863c00000,0x0000003863d00000] [id=8744]
  0x000002262165c800 GCTaskThread "GC Thread#2" [stack: 0x0000003863d00000,0x0000003863e00000] [id=30536]
  0x00000226215f7800 GCTaskThread "GC Thread#3" [stack: 0x0000003863e00000,0x0000003863f00000] [id=9032]
  0x00000226215f8000 GCTaskThread "GC Thread#4" [stack: 0x0000003863f00000,0x0000003864000000] [id=2164]
  0x0000022621684800 GCTaskThread "GC Thread#5" [stack: 0x0000003864000000,0x0000003864100000] [id=30712]
  0x0000022621685000 GCTaskThread "GC Thread#6" [stack: 0x0000003864100000,0x0000003864200000] [id=23224]
  0x0000022621686000 GCTaskThread "GC Thread#7" [stack: 0x0000003864200000,0x0000003864300000] [id=22572]
  0x0000022621686800 GCTaskThread "GC Thread#8" [stack: 0x0000003864300000,0x0000003864400000] [id=25088]
  0x0000022621687000 GCTaskThread "GC Thread#9" [stack: 0x0000003864400000,0x0000003864500000] [id=756]
  0x000002262168c000 GCTaskThread "GC Thread#10" [stack: 0x0000003864500000,0x0000003864600000] [id=19228]
  0x000002262168c800 GCTaskThread "GC Thread#11" [stack: 0x0000003864600000,0x0000003864700000] [id=1704]
  0x0000022677254000 ConcurrentGCThread "G1 Main Marker" [stack: 0x0000003862700000,0x0000003862800000] [id=29188]
  0x0000022677256800 ConcurrentGCThread "G1 Conc#0" [stack: 0x0000003862800000,0x0000003862900000] [id=23028]
  0x0000022623778000 ConcurrentGCThread "G1 Conc#1" [stack: 0x0000003864700000,0x0000003864800000] [id=22592]
  0x0000022622a66000 ConcurrentGCThread "G1 Conc#2" [stack: 0x0000003864800000,0x0000003864900000] [id=4172]
  0x000002267f5ee000 ConcurrentGCThread "G1 Refine#0" [stack: 0x0000003862900000,0x0000003862a00000] [id=28628]
  0x0000022626885800 ConcurrentGCThread "G1 Refine#1" [stack: 0x0000003864a00000,0x0000003864b00000] [id=3696]
  0x00000226275b1800 ConcurrentGCThread "G1 Refine#2" [stack: 0x0000003864b00000,0x0000003864c00000] [id=25384]
  0x000002267f5ef000 ConcurrentGCThread "G1 Young RemSet Sampling" [stack: 0x0000003862a00000,0x0000003862b00000] [id=24500]

Threads with active compile tasks:
C2 CompilerThread2   4863 11306       4       org.jetbrains.kotlin.types.KotlinTypeFactory::simpleType (107 bytes)
C2 CompilerThread3   4863 11263       4       org.jetbrains.kotlin.types.DescriptorSubstitutor::substituteTypeParameters (389 bytes)

VM state:not at safepoint (normal execution)

VM Mutex/Monitor currently owned by a thread: None

Heap address: 0x0000000605c00000, size: 8100 MB, Compressed Oops mode: Zero based, Oop shift amount: 3
Narrow klass base: 0x0000000800000000, Narrow klass shift: 0
Compressed class space size: 1073741824 Address: 0x0000000800000000

Heap:
 garbage-first heap   total 720896K, used 145408K [0x0000000605c00000, 0x0000000800000000)
  region size 2048K, 47 young (96256K), 8 survivors (16384K)
 Metaspace       used 66704K, capacity 67537K, committed 67848K, reserved 1110016K
  class space    used 7375K, capacity 7715K, committed 7808K, reserved 1048576K
Heap Regions: E=young(eden), S=young(survivor), O=old, HS=humongous(starts), HC=humongous(continues), CS=collection set, F=free, A=archive, TAMS=top-at-mark-start (previous, next)
|   0|0x0000000605c00000, 0x0000000605e00000, 0x0000000605e00000|100%|HS|  |TAMS 0x0000000605e00000, 0x0000000605c00000| Complete 
|   1|0x0000000605e00000, 0x0000000606000000, 0x0000000606000000|100%|HC|  |TAMS 0x0000000606000000, 0x0000000605e00000| Complete 
|   2|0x0000000606000000, 0x0000000606200000, 0x0000000606200000|100%|HS|  |TAMS 0x0000000606200000, 0x0000000606000000| Complete 
|   3|0x0000000606200000, 0x0000000606400000, 0x0000000606400000|100%|HC|  |TAMS 0x0000000606400000, 0x0000000606200000| Complete 
|   4|0x0000000606400000, 0x0000000606600000, 0x0000000606600000|100%|HS|  |TAMS 0x0000000606600000, 0x0000000606400000| Complete 
|   5|0x0000000606600000, 0x0000000606800000, 0x0000000606800000|100%| O|  |TAMS 0x0000000606800000, 0x0000000606600000| Untracked 
|   6|0x0000000606800000, 0x0000000606a00000, 0x0000000606a00000|100%| O|  |TAMS 0x0000000606a00000, 0x0000000606800000| Untracked 
|   7|0x0000000606a00000, 0x0000000606c00000, 0x0000000606c00000|100%| O|  |TAMS 0x0000000606c00000, 0x0000000606a00000| Untracked 
|   8|0x0000000606c00000, 0x0000000606e00000, 0x0000000606e00000|100%| O|  |TAMS 0x0000000606e00000, 0x0000000606c00000| Untracked 
|   9|0x0000000606e00000, 0x0000000607000000, 0x0000000607000000|100%| O|  |TAMS 0x0000000607000000, 0x0000000606e00000| Untracked 
|  10|0x0000000607000000, 0x0000000607200000, 0x0000000607200000|100%| O|  |TAMS 0x0000000607200000, 0x0000000607000000| Untracked 
|  11|0x0000000607200000, 0x0000000607400000, 0x0000000607400000|100%| O|  |TAMS 0x0000000607400000, 0x0000000607200000| Untracked 
|  12|0x0000000607400000, 0x0000000607600000, 0x0000000607600000|100%| O|  |TAMS 0x0000000607600000, 0x0000000607400000| Untracked 
|  13|0x0000000607600000, 0x0000000607800000, 0x0000000607800000|100%| O|  |TAMS 0x0000000607800000, 0x0000000607600000| Untracked 
|  14|0x0000000607800000, 0x0000000607a00000, 0x0000000607a00000|100%| O|  |TAMS 0x0000000607a00000, 0x0000000607800000| Untracked 
|  15|0x0000000607a00000, 0x0000000607c00000, 0x0000000607c00000|100%| O|  |TAMS 0x0000000607c00000, 0x0000000607a00000| Untracked 
|  16|0x0000000607c00000, 0x0000000607e00000, 0x0000000607e00000|100%| O|  |TAMS 0x0000000607e00000, 0x0000000607c00000| Untracked 
|  17|0x0000000607e00000, 0x0000000608000000, 0x0000000608000000|100%| O|  |TAMS 0x0000000607e40200, 0x0000000607e00000| Untracked 
|  18|0x0000000608000000, 0x0000000608200000, 0x0000000608200000|100%|HS|  |TAMS 0x0000000608000000, 0x0000000608000000| Complete 
|  19|0x0000000608200000, 0x0000000608400000, 0x0000000608400000|100%| O|  |TAMS 0x0000000608200000, 0x0000000608200000| Untracked 
|  20|0x0000000608400000, 0x0000000608600000, 0x0000000608600000|100%| O|  |TAMS 0x0000000608400000, 0x0000000608400000| Untracked 
|  21|0x0000000608600000, 0x0000000608800000, 0x0000000608800000|100%| O|  |TAMS 0x0000000608600000, 0x0000000608600000| Untracked 
|  22|0x0000000608800000, 0x0000000608a00000, 0x0000000608a00000|100%| O|  |TAMS 0x0000000608800000, 0x0000000608800000| Untracked 
|  23|0x0000000608a00000, 0x0000000608c00000, 0x0000000608c00000|100%| O|  |TAMS 0x0000000608a00000, 0x0000000608a00000| Untracked 
|  24|0x0000000608c00000, 0x0000000608e00000, 0x0000000608e00000|100%| O|  |TAMS 0x0000000608c00000, 0x0000000608c00000| Untracked 
|  25|0x0000000608e00000, 0x0000000608e00000, 0x0000000609000000|  0%| F|  |TAMS 0x0000000608e00000, 0x0000000608e00000| Untracked 
|  26|0x0000000609000000, 0x0000000609000000, 0x0000000609200000|  0%| F|  |TAMS 0x0000000609000000, 0x0000000609000000| Untracked 
|  27|0x0000000609200000, 0x0000000609200000, 0x0000000609400000|  0%| F|  |TAMS 0x0000000609200000, 0x0000000609200000| Untracked 
|  28|0x0000000609400000, 0x0000000609400000, 0x0000000609600000|  0%| F|  |TAMS 0x0000000609400000, 0x0000000609400000| Untracked 
|  29|0x0000000609600000, 0x0000000609600000, 0x0000000609800000|  0%| F|  |TAMS 0x0000000609600000, 0x0000000609600000| Untracked 
|  30|0x0000000609800000, 0x0000000609800000, 0x0000000609a00000|  0%| F|  |TAMS 0x0000000609800000, 0x0000000609800000| Untracked 
|  31|0x0000000609a00000, 0x0000000609a00000, 0x0000000609c00000|  0%| F|  |TAMS 0x0000000609a00000, 0x0000000609a00000| Untracked 
|  32|0x0000000609c00000, 0x0000000609c00000, 0x0000000609e00000|  0%| F|  |TAMS 0x0000000609c00000, 0x0000000609c00000| Untracked 
|  33|0x0000000609e00000, 0x0000000609e00000, 0x000000060a000000|  0%| F|  |TAMS 0x0000000609e00000, 0x0000000609e00000| Untracked 
|  34|0x000000060a000000, 0x000000060a000000, 0x000000060a200000|  0%| F|  |TAMS 0x000000060a000000, 0x000000060a000000| Untracked 
|  35|0x000000060a200000, 0x000000060a200000, 0x000000060a400000|  0%| F|  |TAMS 0x000000060a200000, 0x000000060a200000| Untracked 
|  36|0x000000060a400000, 0x000000060a400000, 0x000000060a600000|  0%| F|  |TAMS 0x000000060a400000, 0x000000060a400000| Untracked 
|  37|0x000000060a600000, 0x000000060a600000, 0x000000060a800000|  0%| F|  |TAMS 0x000000060a600000, 0x000000060a600000| Untracked 
|  38|0x000000060a800000, 0x000000060a800000, 0x000000060aa00000|  0%| F|  |TAMS 0x000000060a800000, 0x000000060a800000| Untracked 
|  39|0x000000060aa00000, 0x000000060aa00000, 0x000000060ac00000|  0%| F|  |TAMS 0x000000060aa00000, 0x000000060aa00000| Untracked 
|  40|0x000000060ac00000, 0x000000060ac00000, 0x000000060ae00000|  0%| F|  |TAMS 0x000000060ac00000, 0x000000060ac00000| Untracked 
|  41|0x000000060ae00000, 0x000000060ae00000, 0x000000060b000000|  0%| F|  |TAMS 0x000000060ae00000, 0x000000060ae00000| Untracked 
|  42|0x000000060b000000, 0x000000060b000000, 0x000000060b200000|  0%| F|  |TAMS 0x000000060b000000, 0x000000060b000000| Untracked 
|  43|0x000000060b200000, 0x000000060b200000, 0x000000060b400000|  0%| F|  |TAMS 0x000000060b200000, 0x000000060b200000| Untracked 
|  44|0x000000060b400000, 0x000000060b400000, 0x000000060b600000|  0%| F|  |TAMS 0x000000060b400000, 0x000000060b400000| Untracked 
|  45|0x000000060b600000, 0x000000060b600000, 0x000000060b800000|  0%| F|  |TAMS 0x000000060b600000, 0x000000060b600000| Untracked 
|  46|0x000000060b800000, 0x000000060b800000, 0x000000060ba00000|  0%| F|  |TAMS 0x000000060b800000, 0x000000060b800000| Untracked 
|  47|0x000000060ba00000, 0x000000060ba00000, 0x000000060bc00000|  0%| F|  |TAMS 0x000000060ba00000, 0x000000060ba00000| Untracked 
|  48|0x000000060bc00000, 0x000000060bc00000, 0x000000060be00000|  0%| F|  |TAMS 0x000000060bc00000, 0x000000060bc00000| Untracked 
|  49|0x000000060be00000, 0x000000060be00000, 0x000000060c000000|  0%| F|  |TAMS 0x000000060be00000, 0x000000060be00000| Untracked 
|  50|0x000000060c000000, 0x000000060c000000, 0x000000060c200000|  0%| F|  |TAMS 0x000000060c000000, 0x000000060c000000| Untracked 
|  51|0x000000060c200000, 0x000000060c200000, 0x000000060c400000|  0%| F|  |TAMS 0x000000060c200000, 0x000000060c200000| Untracked 
|  52|0x000000060c400000, 0x000000060c400000, 0x000000060c600000|  0%| F|  |TAMS 0x000000060c400000, 0x000000060c400000| Untracked 
|  53|0x000000060c600000, 0x000000060c600000, 0x000000060c800000|  0%| F|  |TAMS 0x000000060c600000, 0x000000060c600000| Untracked 
|  54|0x000000060c800000, 0x000000060c800000, 0x000000060ca00000|  0%| F|  |TAMS 0x000000060c800000, 0x000000060c800000| Untracked 
|  55|0x000000060ca00000, 0x000000060ca00000, 0x000000060cc00000|  0%| F|  |TAMS 0x000000060ca00000, 0x000000060ca00000| Untracked 
|  56|0x000000060cc00000, 0x000000060cc00000, 0x000000060ce00000|  0%| F|  |TAMS 0x000000060cc00000, 0x000000060cc00000| Untracked 
|  57|0x000000060ce00000, 0x000000060ce00000, 0x000000060d000000|  0%| F|  |TAMS 0x000000060ce00000, 0x000000060ce00000| Untracked 
|  58|0x000000060d000000, 0x000000060d000000, 0x000000060d200000|  0%| F|  |TAMS 0x000000060d000000, 0x000000060d000000| Untracked 
|  59|0x000000060d200000, 0x000000060d200000, 0x000000060d400000|  0%| F|  |TAMS 0x000000060d200000, 0x000000060d200000| Untracked 
|  60|0x000000060d400000, 0x000000060d400000, 0x000000060d600000|  0%| F|  |TAMS 0x000000060d400000, 0x000000060d400000| Untracked 
|  61|0x000000060d600000, 0x000000060d600000, 0x000000060d800000|  0%| F|  |TAMS 0x000000060d600000, 0x000000060d600000| Untracked 
|  62|0x000000060d800000, 0x000000060d800000, 0x000000060da00000|  0%| F|  |TAMS 0x000000060d800000, 0x000000060d800000| Untracked 
|  63|0x000000060da00000, 0x000000060da00000, 0x000000060dc00000|  0%| F|  |TAMS 0x000000060da00000, 0x000000060da00000| Untracked 
|  64|0x000000060dc00000, 0x000000060dc00000, 0x000000060de00000|  0%| F|  |TAMS 0x000000060dc00000, 0x000000060dc00000| Untracked 
|  65|0x000000060de00000, 0x000000060de00000, 0x000000060e000000|  0%| F|  |TAMS 0x000000060de00000, 0x000000060de00000| Untracked 
|  66|0x000000060e000000, 0x000000060e000000, 0x000000060e200000|  0%| F|  |TAMS 0x000000060e000000, 0x000000060e000000| Untracked 
|  67|0x000000060e200000, 0x000000060e200000, 0x000000060e400000|  0%| F|  |TAMS 0x000000060e200000, 0x000000060e200000| Untracked 
|  68|0x000000060e400000, 0x000000060e400000, 0x000000060e600000|  0%| F|  |TAMS 0x000000060e400000, 0x000000060e400000| Untracked 
|  69|0x000000060e600000, 0x000000060e600000, 0x000000060e800000|  0%| F|  |TAMS 0x000000060e600000, 0x000000060e600000| Untracked 
|  70|0x000000060e800000, 0x000000060e800000, 0x000000060ea00000|  0%| F|  |TAMS 0x000000060e800000, 0x000000060e800000| Untracked 
|  71|0x000000060ea00000, 0x000000060ea00000, 0x000000060ec00000|  0%| F|  |TAMS 0x000000060ea00000, 0x000000060ea00000| Untracked 
|  72|0x000000060ec00000, 0x000000060ec00000, 0x000000060ee00000|  0%| F|  |TAMS 0x000000060ec00000, 0x000000060ec00000| Untracked 
|  73|0x000000060ee00000, 0x000000060ee00000, 0x000000060f000000|  0%| F|  |TAMS 0x000000060ee00000, 0x000000060ee00000| Untracked 
|  74|0x000000060f000000, 0x000000060f000000, 0x000000060f200000|  0%| F|  |TAMS 0x000000060f000000, 0x000000060f000000| Untracked 
|  75|0x000000060f200000, 0x000000060f200000, 0x000000060f400000|  0%| F|  |TAMS 0x000000060f200000, 0x000000060f200000| Untracked 
|  76|0x000000060f400000, 0x000000060f400000, 0x000000060f600000|  0%| F|  |TAMS 0x000000060f400000, 0x000000060f400000| Untracked 
|  77|0x000000060f600000, 0x000000060f600000, 0x000000060f800000|  0%| F|  |TAMS 0x000000060f600000, 0x000000060f600000| Untracked 
|  78|0x000000060f800000, 0x000000060f800000, 0x000000060fa00000|  0%| F|  |TAMS 0x000000060f800000, 0x000000060f800000| Untracked 
|  79|0x000000060fa00000, 0x000000060fa00000, 0x000000060fc00000|  0%| F|  |TAMS 0x000000060fa00000, 0x000000060fa00000| Untracked 
|  80|0x000000060fc00000, 0x000000060fc00000, 0x000000060fe00000|  0%| F|  |TAMS 0x000000060fc00000, 0x000000060fc00000| Untracked 
|  81|0x000000060fe00000, 0x000000060fe00000, 0x0000000610000000|  0%| F|  |TAMS 0x000000060fe00000, 0x000000060fe00000| Untracked 
|  82|0x0000000610000000, 0x0000000610000000, 0x0000000610200000|  0%| F|  |TAMS 0x0000000610000000, 0x0000000610000000| Untracked 
|  83|0x0000000610200000, 0x0000000610200000, 0x0000000610400000|  0%| F|  |TAMS 0x0000000610200000, 0x0000000610200000| Untracked 
|  84|0x0000000610400000, 0x0000000610400000, 0x0000000610600000|  0%| F|  |TAMS 0x0000000610400000, 0x0000000610400000| Untracked 
|  85|0x0000000610600000, 0x0000000610600000, 0x0000000610800000|  0%| F|  |TAMS 0x0000000610600000, 0x0000000610600000| Untracked 
|  86|0x0000000610800000, 0x0000000610800000, 0x0000000610a00000|  0%| F|  |TAMS 0x0000000610800000, 0x0000000610800000| Untracked 
|  87|0x0000000610a00000, 0x0000000610a00000, 0x0000000610c00000|  0%| F|  |TAMS 0x0000000610a00000, 0x0000000610a00000| Untracked 
|  88|0x0000000610c00000, 0x0000000610c00000, 0x0000000610e00000|  0%| F|  |TAMS 0x0000000610c00000, 0x0000000610c00000| Untracked 
|  89|0x0000000610e00000, 0x0000000610e00000, 0x0000000611000000|  0%| F|  |TAMS 0x0000000610e00000, 0x0000000610e00000| Untracked 
|  90|0x0000000611000000, 0x0000000611000000, 0x0000000611200000|  0%| F|  |TAMS 0x0000000611000000, 0x0000000611000000| Untracked 
|  91|0x0000000611200000, 0x0000000611200000, 0x0000000611400000|  0%| F|  |TAMS 0x0000000611200000, 0x0000000611200000| Untracked 
|  92|0x0000000611400000, 0x0000000611400000, 0x0000000611600000|  0%| F|  |TAMS 0x0000000611400000, 0x0000000611400000| Untracked 
|  93|0x0000000611600000, 0x0000000611600000, 0x0000000611800000|  0%| F|  |TAMS 0x0000000611600000, 0x0000000611600000| Untracked 
|  94|0x0000000611800000, 0x0000000611800000, 0x0000000611a00000|  0%| F|  |TAMS 0x0000000611800000, 0x0000000611800000| Untracked 
|  95|0x0000000611a00000, 0x0000000611a00000, 0x0000000611c00000|  0%| F|  |TAMS 0x0000000611a00000, 0x0000000611a00000| Untracked 
|  96|0x0000000611c00000, 0x0000000611c00000, 0x0000000611e00000|  0%| F|  |TAMS 0x0000000611c00000, 0x0000000611c00000| Untracked 
|  97|0x0000000611e00000, 0x0000000611e00000, 0x0000000612000000|  0%| F|  |TAMS 0x0000000611e00000, 0x0000000611e00000| Untracked 
|  98|0x0000000612000000, 0x0000000612000000, 0x0000000612200000|  0%| F|  |TAMS 0x0000000612000000, 0x0000000612000000| Untracked 
|  99|0x0000000612200000, 0x0000000612200000, 0x0000000612400000|  0%| F|  |TAMS 0x0000000612200000, 0x0000000612200000| Untracked 
| 100|0x0000000612400000, 0x0000000612400000, 0x0000000612600000|  0%| F|  |TAMS 0x0000000612400000, 0x0000000612400000| Untracked 
| 101|0x0000000612600000, 0x0000000612600000, 0x0000000612800000|  0%| F|  |TAMS 0x0000000612600000, 0x0000000612600000| Untracked 
| 102|0x0000000612800000, 0x0000000612800000, 0x0000000612a00000|  0%| F|  |TAMS 0x0000000612800000, 0x0000000612800000| Untracked 
| 103|0x0000000612a00000, 0x0000000612a00000, 0x0000000612c00000|  0%| F|  |TAMS 0x0000000612a00000, 0x0000000612a00000| Untracked 
| 104|0x0000000612c00000, 0x0000000612c00000, 0x0000000612e00000|  0%| F|  |TAMS 0x0000000612c00000, 0x0000000612c00000| Untracked 
| 105|0x0000000612e00000, 0x0000000612e00000, 0x0000000613000000|  0%| F|  |TAMS 0x0000000612e00000, 0x0000000612e00000| Untracked 
| 106|0x0000000613000000, 0x0000000613000000, 0x0000000613200000|  0%| F|  |TAMS 0x0000000613000000, 0x0000000613000000| Untracked 
| 107|0x0000000613200000, 0x0000000613200000, 0x0000000613400000|  0%| F|  |TAMS 0x0000000613200000, 0x0000000613200000| Untracked 
| 108|0x0000000613400000, 0x0000000613400000, 0x0000000613600000|  0%| F|  |TAMS 0x0000000613400000, 0x0000000613400000| Untracked 
| 109|0x0000000613600000, 0x0000000613600000, 0x0000000613800000|  0%| F|  |TAMS 0x0000000613600000, 0x0000000613600000| Untracked 
| 110|0x0000000613800000, 0x0000000613800000, 0x0000000613a00000|  0%| F|  |TAMS 0x0000000613800000, 0x0000000613800000| Untracked 
| 111|0x0000000613a00000, 0x0000000613a00000, 0x0000000613c00000|  0%| F|  |TAMS 0x0000000613a00000, 0x0000000613a00000| Untracked 
| 112|0x0000000613c00000, 0x0000000613c00000, 0x0000000613e00000|  0%| F|  |TAMS 0x0000000613c00000, 0x0000000613c00000| Untracked 
| 113|0x0000000613e00000, 0x0000000613e00000, 0x0000000614000000|  0%| F|  |TAMS 0x0000000613e00000, 0x0000000613e00000| Untracked 
| 114|0x0000000614000000, 0x0000000614000000, 0x0000000614200000|  0%| F|  |TAMS 0x0000000614000000, 0x0000000614000000| Untracked 
| 115|0x0000000614200000, 0x0000000614200000, 0x0000000614400000|  0%| F|  |TAMS 0x0000000614200000, 0x0000000614200000| Untracked 
| 116|0x0000000614400000, 0x0000000614400000, 0x0000000614600000|  0%| F|  |TAMS 0x0000000614400000, 0x0000000614400000| Untracked 
| 117|0x0000000614600000, 0x0000000614600000, 0x0000000614800000|  0%| F|  |TAMS 0x0000000614600000, 0x0000000614600000| Untracked 
| 118|0x0000000614800000, 0x0000000614800000, 0x0000000614a00000|  0%| F|  |TAMS 0x0000000614800000, 0x0000000614800000| Untracked 
| 119|0x0000000614a00000, 0x0000000614a00000, 0x0000000614c00000|  0%| F|  |TAMS 0x0000000614a00000, 0x0000000614a00000| Untracked 
| 120|0x0000000614c00000, 0x0000000614c00000, 0x0000000614e00000|  0%| F|  |TAMS 0x0000000614c00000, 0x0000000614c00000| Untracked 
| 121|0x0000000614e00000, 0x0000000614e00000, 0x0000000615000000|  0%| F|  |TAMS 0x0000000614e00000, 0x0000000614e00000| Untracked 
| 122|0x0000000615000000, 0x0000000615000000, 0x0000000615200000|  0%| F|  |TAMS 0x0000000615000000, 0x0000000615000000| Untracked 
| 123|0x0000000615200000, 0x0000000615200000, 0x0000000615400000|  0%| F|  |TAMS 0x0000000615200000, 0x0000000615200000| Untracked 
| 124|0x0000000615400000, 0x0000000615400000, 0x0000000615600000|  0%| F|  |TAMS 0x0000000615400000, 0x0000000615400000| Untracked 
| 125|0x0000000615600000, 0x0000000615600000, 0x0000000615800000|  0%| F|  |TAMS 0x0000000615600000, 0x0000000615600000| Untracked 
| 126|0x0000000615800000, 0x0000000615800000, 0x0000000615a00000|  0%| F|  |TAMS 0x0000000615800000, 0x0000000615800000| Untracked 
| 127|0x0000000615a00000, 0x0000000615a00000, 0x0000000615c00000|  0%| F|  |TAMS 0x0000000615a00000, 0x0000000615a00000| Untracked 
| 128|0x0000000615c00000, 0x0000000615c00000, 0x0000000615e00000|  0%| F|  |TAMS 0x0000000615c00000, 0x0000000615c00000| Untracked 
| 129|0x0000000615e00000, 0x0000000615e00000, 0x0000000616000000|  0%| F|  |TAMS 0x0000000615e00000, 0x0000000615e00000| Untracked 
| 130|0x0000000616000000, 0x0000000616000000, 0x0000000616200000|  0%| F|  |TAMS 0x0000000616000000, 0x0000000616000000| Untracked 
| 131|0x0000000616200000, 0x0000000616200000, 0x0000000616400000|  0%| F|  |TAMS 0x0000000616200000, 0x0000000616200000| Untracked 
| 132|0x0000000616400000, 0x0000000616400000, 0x0000000616600000|  0%| F|  |TAMS 0x0000000616400000, 0x0000000616400000| Untracked 
| 133|0x0000000616600000, 0x0000000616600000, 0x0000000616800000|  0%| F|  |TAMS 0x0000000616600000, 0x0000000616600000| Untracked 
| 134|0x0000000616800000, 0x0000000616800000, 0x0000000616a00000|  0%| F|  |TAMS 0x0000000616800000, 0x0000000616800000| Untracked 
| 135|0x0000000616a00000, 0x0000000616a00000, 0x0000000616c00000|  0%| F|  |TAMS 0x0000000616a00000, 0x0000000616a00000| Untracked 
| 136|0x0000000616c00000, 0x0000000616c00000, 0x0000000616e00000|  0%| F|  |TAMS 0x0000000616c00000, 0x0000000616c00000| Untracked 
| 137|0x0000000616e00000, 0x0000000616e00000, 0x0000000617000000|  0%| F|  |TAMS 0x0000000616e00000, 0x0000000616e00000| Untracked 
| 138|0x0000000617000000, 0x0000000617000000, 0x0000000617200000|  0%| F|  |TAMS 0x0000000617000000, 0x0000000617000000| Untracked 
| 139|0x0000000617200000, 0x0000000617200000, 0x0000000617400000|  0%| F|  |TAMS 0x0000000617200000, 0x0000000617200000| Untracked 
| 140|0x0000000617400000, 0x0000000617400000, 0x0000000617600000|  0%| F|  |TAMS 0x0000000617400000, 0x0000000617400000| Untracked 
| 141|0x0000000617600000, 0x0000000617600000, 0x0000000617800000|  0%| F|  |TAMS 0x0000000617600000, 0x0000000617600000| Untracked 
| 142|0x0000000617800000, 0x0000000617800000, 0x0000000617a00000|  0%| F|  |TAMS 0x0000000617800000, 0x0000000617800000| Untracked 
| 143|0x0000000617a00000, 0x0000000617a00000, 0x0000000617c00000|  0%| F|  |TAMS 0x0000000617a00000, 0x0000000617a00000| Untracked 
| 144|0x0000000617c00000, 0x0000000617c00000, 0x0000000617e00000|  0%| F|  |TAMS 0x0000000617c00000, 0x0000000617c00000| Untracked 
| 145|0x0000000617e00000, 0x0000000617e00000, 0x0000000618000000|  0%| F|  |TAMS 0x0000000617e00000, 0x0000000617e00000| Untracked 
| 146|0x0000000618000000, 0x0000000618000000, 0x0000000618200000|  0%| F|  |TAMS 0x0000000618000000, 0x0000000618000000| Untracked 
| 147|0x0000000618200000, 0x0000000618200000, 0x0000000618400000|  0%| F|  |TAMS 0x0000000618200000, 0x0000000618200000| Untracked 
| 148|0x0000000618400000, 0x0000000618400000, 0x0000000618600000|  0%| F|  |TAMS 0x0000000618400000, 0x0000000618400000| Untracked 
| 149|0x0000000618600000, 0x0000000618600000, 0x0000000618800000|  0%| F|  |TAMS 0x0000000618600000, 0x0000000618600000| Untracked 
| 150|0x0000000618800000, 0x0000000618800000, 0x0000000618a00000|  0%| F|  |TAMS 0x0000000618800000, 0x0000000618800000| Untracked 
| 151|0x0000000618a00000, 0x0000000618a00000, 0x0000000618c00000|  0%| F|  |TAMS 0x0000000618a00000, 0x0000000618a00000| Untracked 
| 152|0x0000000618c00000, 0x0000000618c00000, 0x0000000618e00000|  0%| F|  |TAMS 0x0000000618c00000, 0x0000000618c00000| Untracked 
| 153|0x0000000618e00000, 0x0000000618e00000, 0x0000000619000000|  0%| F|  |TAMS 0x0000000618e00000, 0x0000000618e00000| Untracked 
| 154|0x0000000619000000, 0x0000000619000000, 0x0000000619200000|  0%| F|  |TAMS 0x0000000619000000, 0x0000000619000000| Untracked 
| 155|0x0000000619200000, 0x0000000619200000, 0x0000000619400000|  0%| F|  |TAMS 0x0000000619200000, 0x0000000619200000| Untracked 
| 156|0x0000000619400000, 0x0000000619400000, 0x0000000619600000|  0%| F|  |TAMS 0x0000000619400000, 0x0000000619400000| Untracked 
| 157|0x0000000619600000, 0x0000000619600000, 0x0000000619800000|  0%| F|  |TAMS 0x0000000619600000, 0x0000000619600000| Untracked 
| 158|0x0000000619800000, 0x0000000619800000, 0x0000000619a00000|  0%| F|  |TAMS 0x0000000619800000, 0x0000000619800000| Untracked 
| 159|0x0000000619a00000, 0x0000000619a00000, 0x0000000619c00000|  0%| F|  |TAMS 0x0000000619a00000, 0x0000000619a00000| Untracked 
| 160|0x0000000619c00000, 0x0000000619c00000, 0x0000000619e00000|  0%| F|  |TAMS 0x0000000619c00000, 0x0000000619c00000| Untracked 
| 161|0x0000000619e00000, 0x0000000619e00000, 0x000000061a000000|  0%| F|  |TAMS 0x0000000619e00000, 0x0000000619e00000| Untracked 
| 162|0x000000061a000000, 0x000000061a000000, 0x000000061a200000|  0%| F|  |TAMS 0x000000061a000000, 0x000000061a000000| Untracked 
| 163|0x000000061a200000, 0x000000061a200000, 0x000000061a400000|  0%| F|  |TAMS 0x000000061a200000, 0x000000061a200000| Untracked 
| 164|0x000000061a400000, 0x000000061a400000, 0x000000061a600000|  0%| F|  |TAMS 0x000000061a400000, 0x000000061a400000| Untracked 
| 165|0x000000061a600000, 0x000000061a600000, 0x000000061a800000|  0%| F|  |TAMS 0x000000061a600000, 0x000000061a600000| Untracked 
| 166|0x000000061a800000, 0x000000061a800000, 0x000000061aa00000|  0%| F|  |TAMS 0x000000061a800000, 0x000000061a800000| Untracked 
| 167|0x000000061aa00000, 0x000000061aa00000, 0x000000061ac00000|  0%| F|  |TAMS 0x000000061aa00000, 0x000000061aa00000| Untracked 
| 168|0x000000061ac00000, 0x000000061ac00000, 0x000000061ae00000|  0%| F|  |TAMS 0x000000061ac00000, 0x000000061ac00000| Untracked 
| 169|0x000000061ae00000, 0x000000061ae00000, 0x000000061b000000|  0%| F|  |TAMS 0x000000061ae00000, 0x000000061ae00000| Untracked 
| 170|0x000000061b000000, 0x000000061b000000, 0x000000061b200000|  0%| F|  |TAMS 0x000000061b000000, 0x000000061b000000| Untracked 
| 171|0x000000061b200000, 0x000000061b200000, 0x000000061b400000|  0%| F|  |TAMS 0x000000061b200000, 0x000000061b200000| Untracked 
| 172|0x000000061b400000, 0x000000061b400000, 0x000000061b600000|  0%| F|  |TAMS 0x000000061b400000, 0x000000061b400000| Untracked 
| 173|0x000000061b600000, 0x000000061b600000, 0x000000061b800000|  0%| F|  |TAMS 0x000000061b600000, 0x000000061b600000| Untracked 
| 174|0x000000061b800000, 0x000000061b800000, 0x000000061ba00000|  0%| F|  |TAMS 0x000000061b800000, 0x000000061b800000| Untracked 
| 175|0x000000061ba00000, 0x000000061ba00000, 0x000000061bc00000|  0%| F|  |TAMS 0x000000061ba00000, 0x000000061ba00000| Untracked 
| 176|0x000000061bc00000, 0x000000061bc00000, 0x000000061be00000|  0%| F|  |TAMS 0x000000061bc00000, 0x000000061bc00000| Untracked 
| 177|0x000000061be00000, 0x000000061be00000, 0x000000061c000000|  0%| F|  |TAMS 0x000000061be00000, 0x000000061be00000| Untracked 
| 178|0x000000061c000000, 0x000000061c000000, 0x000000061c200000|  0%| F|  |TAMS 0x000000061c000000, 0x000000061c000000| Untracked 
| 179|0x000000061c200000, 0x000000061c200000, 0x000000061c400000|  0%| F|  |TAMS 0x000000061c200000, 0x000000061c200000| Untracked 
| 180|0x000000061c400000, 0x000000061c400000, 0x000000061c600000|  0%| F|  |TAMS 0x000000061c400000, 0x000000061c400000| Untracked 
| 181|0x000000061c600000, 0x000000061c600000, 0x000000061c800000|  0%| F|  |TAMS 0x000000061c600000, 0x000000061c600000| Untracked 
| 182|0x000000061c800000, 0x000000061c800000, 0x000000061ca00000|  0%| F|  |TAMS 0x000000061c800000, 0x000000061c800000| Untracked 
| 183|0x000000061ca00000, 0x000000061cc00000, 0x000000061cc00000|100%| S|CS|TAMS 0x000000061ca00000, 0x000000061ca00000| Complete 
| 184|0x000000061cc00000, 0x000000061ce00000, 0x000000061ce00000|100%| S|CS|TAMS 0x000000061cc00000, 0x000000061cc00000| Complete 
| 185|0x000000061ce00000, 0x000000061d000000, 0x000000061d000000|100%| S|CS|TAMS 0x000000061ce00000, 0x000000061ce00000| Complete 
| 186|0x000000061d000000, 0x000000061d200000, 0x000000061d200000|100%| S|CS|TAMS 0x000000061d000000, 0x000000061d000000| Complete 
| 187|0x000000061d200000, 0x000000061d400000, 0x000000061d400000|100%| S|CS|TAMS 0x000000061d200000, 0x000000061d200000| Complete 
| 188|0x000000061d400000, 0x000000061d600000, 0x000000061d600000|100%| S|CS|TAMS 0x000000061d400000, 0x000000061d400000| Complete 
| 189|0x000000061d600000, 0x000000061d800000, 0x000000061d800000|100%| S|CS|TAMS 0x000000061d600000, 0x000000061d600000| Complete 
| 190|0x000000061d800000, 0x000000061da00000, 0x000000061da00000|100%| S|CS|TAMS 0x000000061d800000, 0x000000061d800000| Complete 
| 191|0x000000061da00000, 0x000000061da00000, 0x000000061dc00000|  0%| F|  |TAMS 0x000000061da00000, 0x000000061da00000| Untracked 
| 192|0x000000061dc00000, 0x000000061dc00000, 0x000000061de00000|  0%| F|  |TAMS 0x000000061dc00000, 0x000000061dc00000| Untracked 
| 193|0x000000061de00000, 0x000000061de00000, 0x000000061e000000|  0%| F|  |TAMS 0x000000061de00000, 0x000000061de00000| Untracked 
| 194|0x000000061e000000, 0x000000061e000000, 0x000000061e200000|  0%| F|  |TAMS 0x000000061e000000, 0x000000061e000000| Untracked 
| 195|0x000000061e200000, 0x000000061e200000, 0x000000061e400000|  0%| F|  |TAMS 0x000000061e200000, 0x000000061e200000| Untracked 
| 196|0x000000061e400000, 0x000000061e400000, 0x000000061e600000|  0%| F|  |TAMS 0x000000061e400000, 0x000000061e400000| Untracked 
| 197|0x000000061e600000, 0x000000061e600000, 0x000000061e800000|  0%| F|  |TAMS 0x000000061e600000, 0x000000061e600000| Untracked 
| 198|0x000000061e800000, 0x000000061e800000, 0x000000061ea00000|  0%| F|  |TAMS 0x000000061e800000, 0x000000061e800000| Untracked 
| 199|0x000000061ea00000, 0x000000061ea00000, 0x000000061ec00000|  0%| F|  |TAMS 0x000000061ea00000, 0x000000061ea00000| Untracked 
| 200|0x000000061ec00000, 0x000000061ec00000, 0x000000061ee00000|  0%| F|  |TAMS 0x000000061ec00000, 0x000000061ec00000| Untracked 
| 201|0x000000061ee00000, 0x000000061ee00000, 0x000000061f000000|  0%| F|  |TAMS 0x000000061ee00000, 0x000000061ee00000| Untracked 
| 202|0x000000061f000000, 0x000000061f000000, 0x000000061f200000|  0%| F|  |TAMS 0x000000061f000000, 0x000000061f000000| Untracked 
| 203|0x000000061f200000, 0x000000061f200000, 0x000000061f400000|  0%| F|  |TAMS 0x000000061f200000, 0x000000061f200000| Untracked 
| 204|0x000000061f400000, 0x000000061f400000, 0x000000061f600000|  0%| F|  |TAMS 0x000000061f400000, 0x000000061f400000| Untracked 
| 205|0x000000061f600000, 0x000000061f600000, 0x000000061f800000|  0%| F|  |TAMS 0x000000061f600000, 0x000000061f600000| Untracked 
| 206|0x000000061f800000, 0x000000061f800000, 0x000000061fa00000|  0%| F|  |TAMS 0x000000061f800000, 0x000000061f800000| Untracked 
| 207|0x000000061fa00000, 0x000000061fa00000, 0x000000061fc00000|  0%| F|  |TAMS 0x000000061fa00000, 0x000000061fa00000| Untracked 
| 208|0x000000061fc00000, 0x000000061fc00000, 0x000000061fe00000|  0%| F|  |TAMS 0x000000061fc00000, 0x000000061fc00000| Untracked 
| 209|0x000000061fe00000, 0x000000061fe00000, 0x0000000620000000|  0%| F|  |TAMS 0x000000061fe00000, 0x000000061fe00000| Untracked 
| 210|0x0000000620000000, 0x0000000620000000, 0x0000000620200000|  0%| F|  |TAMS 0x0000000620000000, 0x0000000620000000| Untracked 
| 211|0x0000000620200000, 0x0000000620200000, 0x0000000620400000|  0%| F|  |TAMS 0x0000000620200000, 0x0000000620200000| Untracked 
| 212|0x0000000620400000, 0x0000000620400000, 0x0000000620600000|  0%| F|  |TAMS 0x0000000620400000, 0x0000000620400000| Untracked 
| 213|0x0000000620600000, 0x0000000620600000, 0x0000000620800000|  0%| F|  |TAMS 0x0000000620600000, 0x0000000620600000| Untracked 
| 214|0x0000000620800000, 0x0000000620800000, 0x0000000620a00000|  0%| F|  |TAMS 0x0000000620800000, 0x0000000620800000| Untracked 
| 215|0x0000000620a00000, 0x0000000620a00000, 0x0000000620c00000|  0%| F|  |TAMS 0x0000000620a00000, 0x0000000620a00000| Untracked 
| 216|0x0000000620c00000, 0x0000000620c00000, 0x0000000620e00000|  0%| F|  |TAMS 0x0000000620c00000, 0x0000000620c00000| Untracked 
| 217|0x0000000620e00000, 0x0000000620e00000, 0x0000000621000000|  0%| F|  |TAMS 0x0000000620e00000, 0x0000000620e00000| Untracked 
| 218|0x0000000621000000, 0x0000000621000000, 0x0000000621200000|  0%| F|  |TAMS 0x0000000621000000, 0x0000000621000000| Untracked 
| 219|0x0000000621200000, 0x0000000621200000, 0x0000000621400000|  0%| F|  |TAMS 0x0000000621200000, 0x0000000621200000| Untracked 
| 220|0x0000000621400000, 0x0000000621400000, 0x0000000621600000|  0%| F|  |TAMS 0x0000000621400000, 0x0000000621400000| Untracked 
| 221|0x0000000621600000, 0x0000000621600000, 0x0000000621800000|  0%| F|  |TAMS 0x0000000621600000, 0x0000000621600000| Untracked 
| 222|0x0000000621800000, 0x0000000621800000, 0x0000000621a00000|  0%| F|  |TAMS 0x0000000621800000, 0x0000000621800000| Untracked 
| 223|0x0000000621a00000, 0x0000000621a00000, 0x0000000621c00000|  0%| F|  |TAMS 0x0000000621a00000, 0x0000000621a00000| Untracked 
| 224|0x0000000621c00000, 0x0000000621c00000, 0x0000000621e00000|  0%| F|  |TAMS 0x0000000621c00000, 0x0000000621c00000| Untracked 
| 225|0x0000000621e00000, 0x0000000621e00000, 0x0000000622000000|  0%| F|  |TAMS 0x0000000621e00000, 0x0000000621e00000| Untracked 
| 226|0x0000000622000000, 0x0000000622000000, 0x0000000622200000|  0%| F|  |TAMS 0x0000000622000000, 0x0000000622000000| Untracked 
| 227|0x0000000622200000, 0x0000000622200000, 0x0000000622400000|  0%| F|  |TAMS 0x0000000622200000, 0x0000000622200000| Untracked 
| 228|0x0000000622400000, 0x0000000622400000, 0x0000000622600000|  0%| F|  |TAMS 0x0000000622400000, 0x0000000622400000| Untracked 
| 229|0x0000000622600000, 0x0000000622600000, 0x0000000622800000|  0%| F|  |TAMS 0x0000000622600000, 0x0000000622600000| Untracked 
| 230|0x0000000622800000, 0x0000000622800000, 0x0000000622a00000|  0%| F|  |TAMS 0x0000000622800000, 0x0000000622800000| Untracked 
| 231|0x0000000622a00000, 0x0000000622a00000, 0x0000000622c00000|  0%| F|  |TAMS 0x0000000622a00000, 0x0000000622a00000| Untracked 
| 232|0x0000000622c00000, 0x0000000622c00000, 0x0000000622e00000|  0%| F|  |TAMS 0x0000000622c00000, 0x0000000622c00000| Untracked 
| 233|0x0000000622e00000, 0x0000000622e00000, 0x0000000623000000|  0%| F|  |TAMS 0x0000000622e00000, 0x0000000622e00000| Untracked 
| 234|0x0000000623000000, 0x0000000623000000, 0x0000000623200000|  0%| F|  |TAMS 0x0000000623000000, 0x0000000623000000| Untracked 
| 235|0x0000000623200000, 0x0000000623200000, 0x0000000623400000|  0%| F|  |TAMS 0x0000000623200000, 0x0000000623200000| Untracked 
| 236|0x0000000623400000, 0x0000000623400000, 0x0000000623600000|  0%| F|  |TAMS 0x0000000623400000, 0x0000000623400000| Untracked 
| 237|0x0000000623600000, 0x0000000623600000, 0x0000000623800000|  0%| F|  |TAMS 0x0000000623600000, 0x0000000623600000| Untracked 
| 238|0x0000000623800000, 0x0000000623800000, 0x0000000623a00000|  0%| F|  |TAMS 0x0000000623800000, 0x0000000623800000| Untracked 
| 239|0x0000000623a00000, 0x0000000623a00000, 0x0000000623c00000|  0%| F|  |TAMS 0x0000000623a00000, 0x0000000623a00000| Untracked 
| 240|0x0000000623c00000, 0x0000000623c00000, 0x0000000623e00000|  0%| F|  |TAMS 0x0000000623c00000, 0x0000000623c00000| Untracked 
| 241|0x0000000623e00000, 0x0000000623e00000, 0x0000000624000000|  0%| F|  |TAMS 0x0000000623e00000, 0x0000000623e00000| Untracked 
| 242|0x0000000624000000, 0x0000000624000000, 0x0000000624200000|  0%| F|  |TAMS 0x0000000624000000, 0x0000000624000000| Untracked 
| 243|0x0000000624200000, 0x0000000624200000, 0x0000000624400000|  0%| F|  |TAMS 0x0000000624200000, 0x0000000624200000| Untracked 
| 244|0x0000000624400000, 0x0000000624400000, 0x0000000624600000|  0%| F|  |TAMS 0x0000000624400000, 0x0000000624400000| Untracked 
| 245|0x0000000624600000, 0x0000000624600000, 0x0000000624800000|  0%| F|  |TAMS 0x0000000624600000, 0x0000000624600000| Untracked 
| 246|0x0000000624800000, 0x0000000624800000, 0x0000000624a00000|  0%| F|  |TAMS 0x0000000624800000, 0x0000000624800000| Untracked 
| 247|0x0000000624a00000, 0x0000000624a00000, 0x0000000624c00000|  0%| F|  |TAMS 0x0000000624a00000, 0x0000000624a00000| Untracked 
| 248|0x0000000624c00000, 0x0000000624c00000, 0x0000000624e00000|  0%| F|  |TAMS 0x0000000624c00000, 0x0000000624c00000| Untracked 
| 249|0x0000000624e00000, 0x0000000624e00000, 0x0000000625000000|  0%| F|  |TAMS 0x0000000624e00000, 0x0000000624e00000| Untracked 
| 250|0x0000000625000000, 0x0000000625000000, 0x0000000625200000|  0%| F|  |TAMS 0x0000000625000000, 0x0000000625000000| Untracked 
| 251|0x0000000625200000, 0x0000000625200000, 0x0000000625400000|  0%| F|  |TAMS 0x0000000625200000, 0x0000000625200000| Untracked 
| 252|0x0000000625400000, 0x0000000625400000, 0x0000000625600000|  0%| F|  |TAMS 0x0000000625400000, 0x0000000625400000| Untracked 
| 253|0x0000000625600000, 0x0000000625600000, 0x0000000625800000|  0%| F|  |TAMS 0x0000000625600000, 0x0000000625600000| Untracked 
| 254|0x0000000625800000, 0x0000000625800000, 0x0000000625a00000|  0%| F|  |TAMS 0x0000000625800000, 0x0000000625800000| Untracked 
| 255|0x0000000625a00000, 0x0000000625a00000, 0x0000000625c00000|  0%| F|  |TAMS 0x0000000625a00000, 0x0000000625a00000| Untracked 
| 256|0x0000000625c00000, 0x0000000625c00000, 0x0000000625e00000|  0%| F|  |TAMS 0x0000000625c00000, 0x0000000625c00000| Untracked 
| 257|0x0000000625e00000, 0x0000000625e00000, 0x0000000626000000|  0%| F|  |TAMS 0x0000000625e00000, 0x0000000625e00000| Untracked 
| 258|0x0000000626000000, 0x0000000626000000, 0x0000000626200000|  0%| F|  |TAMS 0x0000000626000000, 0x0000000626000000| Untracked 
| 259|0x0000000626200000, 0x0000000626200000, 0x0000000626400000|  0%| F|  |TAMS 0x0000000626200000, 0x0000000626200000| Untracked 
| 260|0x0000000626400000, 0x0000000626400000, 0x0000000626600000|  0%| F|  |TAMS 0x0000000626400000, 0x0000000626400000| Untracked 
| 261|0x0000000626600000, 0x0000000626600000, 0x0000000626800000|  0%| F|  |TAMS 0x0000000626600000, 0x0000000626600000| Untracked 
| 262|0x0000000626800000, 0x0000000626800000, 0x0000000626a00000|  0%| F|  |TAMS 0x0000000626800000, 0x0000000626800000| Untracked 
| 263|0x0000000626a00000, 0x0000000626a00000, 0x0000000626c00000|  0%| F|  |TAMS 0x0000000626a00000, 0x0000000626a00000| Untracked 
| 264|0x0000000626c00000, 0x0000000626c00000, 0x0000000626e00000|  0%| F|  |TAMS 0x0000000626c00000, 0x0000000626c00000| Untracked 
| 265|0x0000000626e00000, 0x0000000626e00000, 0x0000000627000000|  0%| F|  |TAMS 0x0000000626e00000, 0x0000000626e00000| Untracked 
| 266|0x0000000627000000, 0x0000000627000000, 0x0000000627200000|  0%| F|  |TAMS 0x0000000627000000, 0x0000000627000000| Untracked 
| 267|0x0000000627200000, 0x0000000627200000, 0x0000000627400000|  0%| F|  |TAMS 0x0000000627200000, 0x0000000627200000| Untracked 
| 268|0x0000000627400000, 0x0000000627400000, 0x0000000627600000|  0%| F|  |TAMS 0x0000000627400000, 0x0000000627400000| Untracked 
| 269|0x0000000627600000, 0x0000000627600000, 0x0000000627800000|  0%| F|  |TAMS 0x0000000627600000, 0x0000000627600000| Untracked 
| 270|0x0000000627800000, 0x0000000627800000, 0x0000000627a00000|  0%| F|  |TAMS 0x0000000627800000, 0x0000000627800000| Untracked 
| 271|0x0000000627a00000, 0x0000000627a00000, 0x0000000627c00000|  0%| F|  |TAMS 0x0000000627a00000, 0x0000000627a00000| Untracked 
| 272|0x0000000627c00000, 0x0000000627c00000, 0x0000000627e00000|  0%| F|  |TAMS 0x0000000627c00000, 0x0000000627c00000| Untracked 
| 273|0x0000000627e00000, 0x0000000627e00000, 0x0000000628000000|  0%| F|  |TAMS 0x0000000627e00000, 0x0000000627e00000| Untracked 
| 274|0x0000000628000000, 0x0000000628000000, 0x0000000628200000|  0%| F|  |TAMS 0x0000000628000000, 0x0000000628000000| Untracked 
| 275|0x0000000628200000, 0x0000000628200000, 0x0000000628400000|  0%| F|  |TAMS 0x0000000628200000, 0x0000000628200000| Untracked 
| 276|0x0000000628400000, 0x0000000628400000, 0x0000000628600000|  0%| F|  |TAMS 0x0000000628400000, 0x0000000628400000| Untracked 
| 277|0x0000000628600000, 0x0000000628600000, 0x0000000628800000|  0%| F|  |TAMS 0x0000000628600000, 0x0000000628600000| Untracked 
| 278|0x0000000628800000, 0x0000000628800000, 0x0000000628a00000|  0%| F|  |TAMS 0x0000000628800000, 0x0000000628800000| Untracked 
| 279|0x0000000628a00000, 0x0000000628a00000, 0x0000000628c00000|  0%| F|  |TAMS 0x0000000628a00000, 0x0000000628a00000| Untracked 
| 280|0x0000000628c00000, 0x0000000628c00000, 0x0000000628e00000|  0%| F|  |TAMS 0x0000000628c00000, 0x0000000628c00000| Untracked 
| 281|0x0000000628e00000, 0x0000000628e00000, 0x0000000629000000|  0%| F|  |TAMS 0x0000000628e00000, 0x0000000628e00000| Untracked 
| 282|0x0000000629000000, 0x0000000629000000, 0x0000000629200000|  0%| F|  |TAMS 0x0000000629000000, 0x0000000629000000| Untracked 
| 283|0x0000000629200000, 0x0000000629200000, 0x0000000629400000|  0%| F|  |TAMS 0x0000000629200000, 0x0000000629200000| Untracked 
| 284|0x0000000629400000, 0x0000000629400000, 0x0000000629600000|  0%| F|  |TAMS 0x0000000629400000, 0x0000000629400000| Untracked 
| 285|0x0000000629600000, 0x0000000629600000, 0x0000000629800000|  0%| F|  |TAMS 0x0000000629600000, 0x0000000629600000| Untracked 
| 286|0x0000000629800000, 0x0000000629800000, 0x0000000629a00000|  0%| F|  |TAMS 0x0000000629800000, 0x0000000629800000| Untracked 
| 287|0x0000000629a00000, 0x0000000629a00000, 0x0000000629c00000|  0%| F|  |TAMS 0x0000000629a00000, 0x0000000629a00000| Untracked 
| 288|0x0000000629c00000, 0x0000000629c00000, 0x0000000629e00000|  0%| F|  |TAMS 0x0000000629c00000, 0x0000000629c00000| Untracked 
| 289|0x0000000629e00000, 0x0000000629e00000, 0x000000062a000000|  0%| F|  |TAMS 0x0000000629e00000, 0x0000000629e00000| Untracked 
| 290|0x000000062a000000, 0x000000062a000000, 0x000000062a200000|  0%| F|  |TAMS 0x000000062a000000, 0x000000062a000000| Untracked 
| 291|0x000000062a200000, 0x000000062a200000, 0x000000062a400000|  0%| F|  |TAMS 0x000000062a200000, 0x000000062a200000| Untracked 
| 292|0x000000062a400000, 0x000000062a400000, 0x000000062a600000|  0%| F|  |TAMS 0x000000062a400000, 0x000000062a400000| Untracked 
| 293|0x000000062a600000, 0x000000062a600000, 0x000000062a800000|  0%| F|  |TAMS 0x000000062a600000, 0x000000062a600000| Untracked 
| 294|0x000000062a800000, 0x000000062a800000, 0x000000062aa00000|  0%| F|  |TAMS 0x000000062a800000, 0x000000062a800000| Untracked 
| 295|0x000000062aa00000, 0x000000062aa00000, 0x000000062ac00000|  0%| F|  |TAMS 0x000000062aa00000, 0x000000062aa00000| Untracked 
| 296|0x000000062ac00000, 0x000000062ac00000, 0x000000062ae00000|  0%| F|  |TAMS 0x000000062ac00000, 0x000000062ac00000| Untracked 
| 297|0x000000062ae00000, 0x000000062ae00000, 0x000000062b000000|  0%| F|  |TAMS 0x000000062ae00000, 0x000000062ae00000| Untracked 
| 298|0x000000062b000000, 0x000000062b000000, 0x000000062b200000|  0%| F|  |TAMS 0x000000062b000000, 0x000000062b000000| Untracked 
| 299|0x000000062b200000, 0x000000062b200000, 0x000000062b400000|  0%| F|  |TAMS 0x000000062b200000, 0x000000062b200000| Untracked 
| 300|0x000000062b400000, 0x000000062b400000, 0x000000062b600000|  0%| F|  |TAMS 0x000000062b400000, 0x000000062b400000| Untracked 
| 301|0x000000062b600000, 0x000000062b600000, 0x000000062b800000|  0%| F|  |TAMS 0x000000062b600000, 0x000000062b600000| Untracked 
| 302|0x000000062b800000, 0x000000062b800000, 0x000000062ba00000|  0%| F|  |TAMS 0x000000062b800000, 0x000000062b800000| Untracked 
| 303|0x000000062ba00000, 0x000000062ba00000, 0x000000062bc00000|  0%| F|  |TAMS 0x000000062ba00000, 0x000000062ba00000| Untracked 
| 304|0x000000062bc00000, 0x000000062bc00000, 0x000000062be00000|  0%| F|  |TAMS 0x000000062bc00000, 0x000000062bc00000| Untracked 
| 305|0x000000062be00000, 0x000000062be00000, 0x000000062c000000|  0%| F|  |TAMS 0x000000062be00000, 0x000000062be00000| Untracked 
| 306|0x000000062c000000, 0x000000062c000000, 0x000000062c200000|  0%| F|  |TAMS 0x000000062c000000, 0x000000062c000000| Untracked 
| 307|0x000000062c200000, 0x000000062c200000, 0x000000062c400000|  0%| F|  |TAMS 0x000000062c200000, 0x000000062c200000| Untracked 
| 308|0x000000062c400000, 0x000000062c400000, 0x000000062c600000|  0%| F|  |TAMS 0x000000062c400000, 0x000000062c400000| Untracked 
| 309|0x000000062c600000, 0x000000062c600000, 0x000000062c800000|  0%| F|  |TAMS 0x000000062c600000, 0x000000062c600000| Untracked 
| 310|0x000000062c800000, 0x000000062c800000, 0x000000062ca00000|  0%| F|  |TAMS 0x000000062c800000, 0x000000062c800000| Untracked 
| 311|0x000000062ca00000, 0x000000062ca00000, 0x000000062cc00000|  0%| F|  |TAMS 0x000000062ca00000, 0x000000062ca00000| Untracked 
| 312|0x000000062cc00000, 0x000000062cc00000, 0x000000062ce00000|  0%| F|  |TAMS 0x000000062cc00000, 0x000000062cc00000| Untracked 
| 313|0x000000062ce00000, 0x000000062cf00800, 0x000000062d000000| 50%| E|  |TAMS 0x000000062ce00000, 0x000000062ce00000| Complete 
| 314|0x000000062d000000, 0x000000062d200000, 0x000000062d200000|100%| E|CS|TAMS 0x000000062d000000, 0x000000062d000000| Complete 
| 315|0x000000062d200000, 0x000000062d400000, 0x000000062d400000|100%| E|CS|TAMS 0x000000062d200000, 0x000000062d200000| Complete 
| 316|0x000000062d400000, 0x000000062d600000, 0x000000062d600000|100%| E|CS|TAMS 0x000000062d400000, 0x000000062d400000| Complete 
| 317|0x000000062d600000, 0x000000062d800000, 0x000000062d800000|100%| E|CS|TAMS 0x000000062d600000, 0x000000062d600000| Complete 
| 318|0x000000062d800000, 0x000000062da00000, 0x000000062da00000|100%| E|CS|TAMS 0x000000062d800000, 0x000000062d800000| Complete 
| 319|0x000000062da00000, 0x000000062dc00000, 0x000000062dc00000|100%| E|CS|TAMS 0x000000062da00000, 0x000000062da00000| Complete 
| 320|0x000000062dc00000, 0x000000062de00000, 0x000000062de00000|100%| E|CS|TAMS 0x000000062dc00000, 0x000000062dc00000| Complete 
| 321|0x000000062de00000, 0x000000062e000000, 0x000000062e000000|100%| E|CS|TAMS 0x000000062de00000, 0x000000062de00000| Complete 
| 322|0x000000062e000000, 0x000000062e200000, 0x000000062e200000|100%| E|CS|TAMS 0x000000062e000000, 0x000000062e000000| Complete 
| 323|0x000000062e200000, 0x000000062e400000, 0x000000062e400000|100%| E|CS|TAMS 0x000000062e200000, 0x000000062e200000| Complete 
| 324|0x000000062e400000, 0x000000062e600000, 0x000000062e600000|100%| E|CS|TAMS 0x000000062e400000, 0x000000062e400000| Complete 
| 325|0x000000062e600000, 0x000000062e800000, 0x000000062e800000|100%| E|CS|TAMS 0x000000062e600000, 0x000000062e600000| Complete 
| 326|0x000000062e800000, 0x000000062ea00000, 0x000000062ea00000|100%| E|CS|TAMS 0x000000062e800000, 0x000000062e800000| Complete 
| 327|0x000000062ea00000, 0x000000062ec00000, 0x000000062ec00000|100%| E|CS|TAMS 0x000000062ea00000, 0x000000062ea00000| Complete 
| 328|0x000000062ec00000, 0x000000062ee00000, 0x000000062ee00000|100%| E|CS|TAMS 0x000000062ec00000, 0x000000062ec00000| Complete 
| 329|0x000000062ee00000, 0x000000062f000000, 0x000000062f000000|100%| E|CS|TAMS 0x000000062ee00000, 0x000000062ee00000| Complete 
| 330|0x000000062f000000, 0x000000062f200000, 0x000000062f200000|100%| E|CS|TAMS 0x000000062f000000, 0x000000062f000000| Complete 
| 331|0x000000062f200000, 0x000000062f400000, 0x000000062f400000|100%| E|CS|TAMS 0x000000062f200000, 0x000000062f200000| Complete 
| 332|0x000000062f400000, 0x000000062f600000, 0x000000062f600000|100%| E|CS|TAMS 0x000000062f400000, 0x000000062f400000| Complete 
| 333|0x000000062f600000, 0x000000062f800000, 0x000000062f800000|100%| E|CS|TAMS 0x000000062f600000, 0x000000062f600000| Complete 
| 334|0x000000062f800000, 0x000000062fa00000, 0x000000062fa00000|100%| E|CS|TAMS 0x000000062f800000, 0x000000062f800000| Complete 
| 335|0x000000062fa00000, 0x000000062fc00000, 0x000000062fc00000|100%| E|CS|TAMS 0x000000062fa00000, 0x000000062fa00000| Complete 
| 336|0x000000062fc00000, 0x000000062fe00000, 0x000000062fe00000|100%| E|CS|TAMS 0x000000062fc00000, 0x000000062fc00000| Complete 
| 337|0x000000062fe00000, 0x0000000630000000, 0x0000000630000000|100%| E|CS|TAMS 0x000000062fe00000, 0x000000062fe00000| Complete 
| 338|0x0000000630000000, 0x0000000630200000, 0x0000000630200000|100%| E|CS|TAMS 0x0000000630000000, 0x0000000630000000| Complete 
| 339|0x0000000630200000, 0x0000000630400000, 0x0000000630400000|100%| E|CS|TAMS 0x0000000630200000, 0x0000000630200000| Complete 
| 340|0x0000000630400000, 0x0000000630600000, 0x0000000630600000|100%| E|CS|TAMS 0x0000000630400000, 0x0000000630400000| Complete 
| 341|0x0000000630600000, 0x0000000630800000, 0x0000000630800000|100%| E|CS|TAMS 0x0000000630600000, 0x0000000630600000| Complete 
| 342|0x0000000630800000, 0x0000000630a00000, 0x0000000630a00000|100%| E|CS|TAMS 0x0000000630800000, 0x0000000630800000| Complete 
| 343|0x0000000630a00000, 0x0000000630c00000, 0x0000000630c00000|100%| E|CS|TAMS 0x0000000630a00000, 0x0000000630a00000| Complete 
| 344|0x0000000630c00000, 0x0000000630e00000, 0x0000000630e00000|100%| E|CS|TAMS 0x0000000630c00000, 0x0000000630c00000| Complete 
| 345|0x0000000630e00000, 0x0000000631000000, 0x0000000631000000|100%| E|CS|TAMS 0x0000000630e00000, 0x0000000630e00000| Complete 
| 346|0x0000000631000000, 0x0000000631200000, 0x0000000631200000|100%| E|CS|TAMS 0x0000000631000000, 0x0000000631000000| Complete 
| 347|0x0000000631200000, 0x0000000631400000, 0x0000000631400000|100%| E|CS|TAMS 0x0000000631200000, 0x0000000631200000| Complete 
| 348|0x0000000631400000, 0x0000000631600000, 0x0000000631600000|100%| E|CS|TAMS 0x0000000631400000, 0x0000000631400000| Complete 
| 349|0x0000000631600000, 0x0000000631800000, 0x0000000631800000|100%| E|CS|TAMS 0x0000000631600000, 0x0000000631600000| Complete 
| 350|0x0000000631800000, 0x0000000631a00000, 0x0000000631a00000|100%| E|CS|TAMS 0x0000000631800000, 0x0000000631800000| Complete 
| 351|0x0000000631a00000, 0x0000000631c00000, 0x0000000631c00000|100%| E|CS|TAMS 0x0000000631a00000, 0x0000000631a00000| Complete 

Card table byte_map: [0x000002267c530000,0x000002267d510000] _byte_map_base: 0x0000022679502000

Marking Bits (Prev, Next): (CMBitMap*) 0x00000226772439a0, (CMBitMap*) 0x0000022677243968
 Prev Bits: [0x0000022616e90000, 0x000002261ed20000)
 Next Bits: [0x000002260f000000, 0x0000022616e90000)

Polling page: 0x0000022674f40000

Metaspace:

Usage:
  Non-class:     58.42 MB capacity,    57.94 MB (>99%) used,   372.95 KB ( <1%) free+waste,   117.56 KB ( <1%) overhead. 
      Class:      7.53 MB capacity,     7.20 MB ( 96%) used,   289.02 KB (  4%) free+waste,    50.38 KB ( <1%) overhead. 
       Both:     65.95 MB capacity,    65.14 MB ( 99%) used,   661.97 KB ( <1%) free+waste,   167.94 KB ( <1%) overhead. 

Virtual space:
  Non-class space:       60.00 MB reserved,      58.63 MB ( 98%) committed 
      Class space:        1.00 GB reserved,       7.63 MB ( <1%) committed 
             Both:        1.06 GB reserved,      66.26 MB (  6%) committed 

Chunk freelists:
   Non-Class:  26.00 KB
       Class:  0 bytes
        Both:  26.00 KB

MaxMetaspaceSize: 17179869184.00 GB
CompressedClassSpaceSize: 1.00 GB
Initial GC threshold: 20.80 MB
Current GC threshold: 98.55 MB
CDS: off

CodeHeap 'non-profiled nmethods': size=119168Kb used=6727Kb max_used=6727Kb free=112440Kb
 bounds [0x0000022607ba0000, 0x0000022608240000, 0x000002260f000000]
CodeHeap 'profiled nmethods': size=119168Kb used=34235Kb max_used=34235Kb free=84932Kb
 bounds [0x0000022600740000, 0x00000226028b0000, 0x0000022607ba0000]
CodeHeap 'non-nmethods': size=7424Kb used=3006Kb max_used=3072Kb free=4418Kb
 bounds [0x0000022600000000, 0x0000022600310000, 0x0000022600740000]
 total_blobs=11937 nmethods=11347 adapters=497
 compilation: enabled
              stopped_count=0, restarted_count=0
 full_count=0

Compilation events (20 events):
Event: 4.848 Thread 0x00000226214c0800 11378       3       org.jetbrains.kotlin.resolve.calls.components.ClassicTypeSystemContextForCS::isNotNullTypeParameter (6 bytes)
Event: 4.848 Thread 0x0000022620ed0800 nmethod 11377 0x000002260288db90 code [0x000002260288ddc0, 0x000002260288e448]
Event: 4.848 Thread 0x00000226214c0800 nmethod 11378 0x000002260288e690 code [0x000002260288e8c0, 0x000002260288eff8]
Event: 4.849 Thread 0x0000022620e8a800 11379       4       java.util.concurrent.ConcurrentHashMap::resizeStamp (8 bytes)
Event: 4.849 Thread 0x0000022620e8a800 nmethod 11379 0x0000022608230090 code [0x0000022608230220, 0x0000022608230278]
Event: 4.850 Thread 0x0000022621061000 11380       3       org.jetbrains.kotlin.resolve.calls.inference.model.NewConstraintSystemImpl::isAnyConstructor (18 bytes)
Event: 4.850 Thread 0x0000022621579000 nmethod 11376 0x000002260288f290 code [0x000002260288fba0, 0x0000022602896888]
Event: 4.850 Thread 0x0000022621061000 nmethod 11380 0x0000022602898410 code [0x0000022602898640, 0x0000022602898cc8]
Event: 4.851 Thread 0x0000022620ed0800 11381       3       org.jetbrains.kotlin.metadata.ProtoBuf$Class::getDefaultInstanceForType (5 bytes)
Event: 4.851 Thread 0x00000226214c0800 11382       3       org.jetbrains.kotlin.metadata.ProtoBuf$Class::getDefaultInstanceForType (4 bytes)
Event: 4.851 Thread 0x00000226214c0800 nmethod 11382 0x0000022602898f10 code [0x00000226028990c0, 0x00000226028991d8]
Event: 4.851 Thread 0x0000022620ed0800 nmethod 11381 0x0000022602899290 code [0x0000022602899440, 0x0000022602899598]
Event: 4.851 Thread 0x0000022621080800 11383       4       java.util.ArrayDeque::addLast (51 bytes)
Event: 4.851 Thread 0x0000022621579000 11384       3       org.jetbrains.kotlin.descriptors.impl.FunctionDescriptorImpl::getSubstitutedValueParameters (270 bytes)
Event: 4.851 Thread 0x0000022621061000 11385       3       org.jetbrains.kotlin.types.StarProjectionImpl::getProjectionKind (4 bytes)
Event: 4.851 Thread 0x0000022621061000 nmethod 11385 0x0000022602899690 code [0x0000022602899840, 0x0000022602899958]
Event: 4.852 Thread 0x0000022621579000 nmethod 11384 0x0000022602899a10 code [0x0000022602899e20, 0x000002260289c2e8]
Event: 4.852 Thread 0x0000022621080800 nmethod 11383 0x0000022608230390 code [0x0000022608230540, 0x0000022608230768]
Event: 4.852 Thread 0x00000226214c0800 11386       3       jdk.internal.reflect.AccessorGenerator::add (5 bytes)
Event: 4.852 Thread 0x00000226214c0800 nmethod 11386 0x000002260289ce10 code [0x000002260289cfc0, 0x000002260289d0b8]

GC Heap History (14 events):
Event: 0.332 GC heap before
{Heap before GC invocations=0 (full 0):
 garbage-first heap   total 520192K, used 26624K [0x0000000605c00000, 0x0000000800000000)
  region size 2048K, 12 young (24576K), 0 survivors (0K)
 Metaspace       used 11767K, capacity 11922K, committed 12160K, reserved 1060864K
  class space    used 1091K, capacity 1141K, committed 1152K, reserved 1048576K
}
Event: 0.334 GC heap after
{Heap after GC invocations=1 (full 0):
 garbage-first heap   total 520192K, used 6617K [0x0000000605c00000, 0x0000000800000000)
  region size 2048K, 2 young (4096K), 2 survivors (4096K)
 Metaspace       used 11767K, capacity 11922K, committed 12160K, reserved 1060864K
  class space    used 1091K, capacity 1141K, committed 1152K, reserved 1048576K
}
Event: 0.761 GC heap before
{Heap before GC invocations=1 (full 0):
 garbage-first heap   total 520192K, used 47577K [0x0000000605c00000, 0x0000000800000000)
  region size 2048K, 23 young (47104K), 2 survivors (4096K)
 Metaspace       used 20956K, capacity 21186K, committed 21248K, reserved 1069056K
  class space    used 2201K, capacity 2280K, committed 2304K, reserved 1048576K
}
Event: 0.769 GC heap after
{Heap after GC invocations=2 (full 0):
 garbage-first heap   total 520192K, used 10483K [0x0000000605c00000, 0x0000000800000000)
  region size 2048K, 4 young (8192K), 4 survivors (8192K)
 Metaspace       used 20956K, capacity 21186K, committed 21248K, reserved 1069056K
  class space    used 2201K, capacity 2280K, committed 2304K, reserved 1048576K
}
Event: 1.488 GC heap before
{Heap before GC invocations=3 (full 0):
 garbage-first heap   total 520192K, used 80115K [0x0000000605c00000, 0x0000000800000000)
  region size 2048K, 36 young (73728K), 4 survivors (8192K)
 Metaspace       used 35266K, capacity 35774K, committed 36048K, reserved 1081344K
  class space    used 4376K, capacity 4578K, committed 4608K, reserved 1048576K
}
Event: 1.504 GC heap after
{Heap after GC invocations=4 (full 0):
 garbage-first heap   total 520192K, used 23938K [0x0000000605c00000, 0x0000000800000000)
  region size 2048K, 6 young (12288K), 6 survivors (12288K)
 Metaspace       used 35266K, capacity 35774K, committed 36048K, reserved 1081344K
  class space    used 4376K, capacity 4578K, committed 4608K, reserved 1048576K
}
Event: 1.613 GC heap before
{Heap before GC invocations=5 (full 0):
 garbage-first heap   total 520192K, used 36226K [0x0000000605c00000, 0x0000000800000000)
  region size 2048K, 12 young (24576K), 6 survivors (12288K)
 Metaspace       used 37013K, capacity 37514K, committed 37840K, reserved 1083392K
  class space    used 4565K, capacity 4774K, committed 4864K, reserved 1048576K
}
Event: 1.617 GC heap after
{Heap after GC invocations=6 (full 0):
 garbage-first heap   total 520192K, used 24194K [0x0000000605c00000, 0x0000000800000000)
  region size 2048K, 2 young (4096K), 2 survivors (4096K)
 Metaspace       used 37013K, capacity 37514K, committed 37840K, reserved 1083392K
  class space    used 4565K, capacity 4774K, committed 4864K, reserved 1048576K
}
Event: 2.368 GC heap before
{Heap before GC invocations=6 (full 0):
 garbage-first heap   total 520192K, used 106114K [0x0000000605c00000, 0x0000000800000000)
  region size 2048K, 41 young (83968K), 2 survivors (4096K)
 Metaspace       used 49667K, capacity 50339K, committed 50640K, reserved 1093632K
  class space    used 5798K, capacity 6070K, committed 6144K, reserved 1048576K
}
Event: 2.372 GC heap after
{Heap after GC invocations=7 (full 0):
 garbage-first heap   total 520192K, used 37129K [0x0000000605c00000, 0x0000000800000000)
  region size 2048K, 6 young (12288K), 6 survivors (12288K)
 Metaspace       used 49667K, capacity 50339K, committed 50640K, reserved 1093632K
  class space    used 5798K, capacity 6070K, committed 6144K, reserved 1048576K
}
Event: 3.473 GC heap before
{Heap before GC invocations=7 (full 0):
 garbage-first heap   total 520192K, used 127241K [0x0000000605c00000, 0x0000000800000000)
  region size 2048K, 51 young (104448K), 6 survivors (12288K)
 Metaspace       used 59349K, capacity 60125K, committed 60296K, reserved 1101824K
  class space    used 6749K, capacity 7073K, committed 7168K, reserved 1048576K
}
Event: 3.509 GC heap after
{Heap after GC invocations=8 (full 0):
 garbage-first heap   total 520192K, used 49247K [0x0000000605c00000, 0x0000000800000000)
  region size 2048K, 7 young (14336K), 7 survivors (14336K)
 Metaspace       used 59349K, capacity 60125K, committed 60296K, reserved 1101824K
  class space    used 6749K, capacity 7073K, committed 7168K, reserved 1048576K
}
Event: 4.337 GC heap before
{Heap before GC invocations=9 (full 0):
 garbage-first heap   total 520192K, used 165983K [0x0000000605c00000, 0x0000000800000000)
  region size 2048K, 63 young (129024K), 7 survivors (14336K)
 Metaspace       used 64080K, capacity 64952K, committed 65160K, reserved 1107968K
  class space    used 7238K, capacity 7570K, committed 7680K, reserved 1048576K
}
Event: 4.352 GC heap after
{Heap after GC invocations=10 (full 0):
 garbage-first heap   total 720896K, used 67584K [0x0000000605c00000, 0x0000000800000000)
  region size 2048K, 8 young (16384K), 8 survivors (16384K)
 Metaspace       used 64080K, capacity 64952K, committed 65160K, reserved 1107968K
  class space    used 7238K, capacity 7570K, committed 7680K, reserved 1048576K
}

Deoptimization events (20 events):
Event: 4.809 Thread 0x00000226771be000 Uncommon trap: trap_request=0xffffffde fr.pc=0x00000226081d32b0 relative=0x0000000000000090
Event: 4.809 Thread 0x00000226771be000 Uncommon trap: reason=class_check action=maybe_recompile pc=0x00000226081d32b0 method=org.jetbrains.kotlin.resolve.source.PsiSourceElementKt.getPsi(Lorg/jetbrains/kotlin/descriptors/SourceElement;)Lorg/jetbrains/kotlin/com/intellij/psi/PsiElement; @ 7 c2
Event: 4.809 Thread 0x00000226771be000 DEOPT PACKING pc=0x00000226081d32b0 sp=0x00000038625fc410
Event: 4.809 Thread 0x00000226771be000 DEOPT UNPACKING pc=0x000002260004a1af sp=0x00000038625fc3b0 mode 2
Event: 4.809 Thread 0x00000226771be000 Uncommon trap: trap_request=0xffffffc6 fr.pc=0x00000226081d46dc relative=0x00000000000004dc
Event: 4.809 Thread 0x00000226771be000 Uncommon trap: reason=bimorphic_or_optimized_type_check action=maybe_recompile pc=0x00000226081d46dc method=org.jetbrains.kotlin.resolve.DescriptorToSourceUtils.collectEffectiveReferencedDescriptors(Ljava/util/List;Lorg/jetbrains/kotlin/descriptors/Declar
Event: 4.809 Thread 0x00000226771be000 DEOPT PACKING pc=0x00000226081d46dc sp=0x00000038625fc4d0
Event: 4.809 Thread 0x00000226771be000 DEOPT UNPACKING pc=0x000002260004a1af sp=0x00000038625fc398 mode 2
Event: 4.820 Thread 0x00000226771be000 Uncommon trap: trap_request=0xffffffc6 fr.pc=0x00000226081ae67c relative=0x00000000000000bc
Event: 4.820 Thread 0x00000226771be000 Uncommon trap: reason=bimorphic_or_optimized_type_check action=maybe_recompile pc=0x00000226081ae67c method=org.jetbrains.kotlin.types.FlexibleType.getAnnotations()Lorg/jetbrains/kotlin/descriptors/annotations/Annotations; @ 4 c2
Event: 4.820 Thread 0x00000226771be000 DEOPT PACKING pc=0x00000226081ae67c sp=0x00000038625fbbc0
Event: 4.820 Thread 0x00000226771be000 DEOPT UNPACKING pc=0x000002260004a1af sp=0x00000038625fbb58 mode 2
Event: 4.824 Thread 0x00000226771be000 Uncommon trap: trap_request=0xffffffc6 fr.pc=0x00000226081ae67c relative=0x00000000000000bc
Event: 4.824 Thread 0x00000226771be000 Uncommon trap: reason=bimorphic_or_optimized_type_check action=maybe_recompile pc=0x00000226081ae67c method=org.jetbrains.kotlin.types.FlexibleType.getAnnotations()Lorg/jetbrains/kotlin/descriptors/annotations/Annotations; @ 4 c2
Event: 4.824 Thread 0x00000226771be000 DEOPT PACKING pc=0x00000226081ae67c sp=0x00000038625fbbc0
Event: 4.824 Thread 0x00000226771be000 DEOPT UNPACKING pc=0x000002260004a1af sp=0x00000038625fbb58 mode 2
Event: 4.833 Thread 0x00000226771be000 Uncommon trap: trap_request=0xffffffc6 fr.pc=0x00000226081ae67c relative=0x00000000000000bc
Event: 4.833 Thread 0x00000226771be000 Uncommon trap: reason=bimorphic_or_optimized_type_check action=maybe_recompile pc=0x00000226081ae67c method=org.jetbrains.kotlin.types.FlexibleType.getAnnotations()Lorg/jetbrains/kotlin/descriptors/annotations/Annotations; @ 4 c2
Event: 4.833 Thread 0x00000226771be000 DEOPT PACKING pc=0x00000226081ae67c sp=0x00000038625fbbc0
Event: 4.833 Thread 0x00000226771be000 DEOPT UNPACKING pc=0x000002260004a1af sp=0x00000038625fbb58 mode 2

Classes redefined (0 events):
No events

Internal exceptions (20 events):
Event: 3.193 Thread 0x00000226771be000 Implicit null exception at 0x0000022607c555f5 to 0x0000022607c557f0
Event: 3.545 Thread 0x00000226771be000 Exception <a 'java/lang/NoSuchMethodError'{0x000000062553bba8}: 'java.lang.Object java.lang.invoke.DirectMethodHandle$Holder.invokeStaticInit(java.lang.Object, java.lang.Object, java.lang.Object)'> (0x000000062553bba8) thrown at [./src/hotspot/share/interpreter/linkResolver.cpp, line 773]
Event: 3.765 Thread 0x00000226771be000 Exception <a 'java/lang/NoSuchMethodError'{0x00000006235eace8}: 'int java.lang.invoke.DirectMethodHandle$Holder.invokeInterface(java.lang.Object, java.lang.Object)'> (0x00000006235eace8) thrown at [./src/hotspot/share/interpreter/linkResolver.cpp, line 773]
Event: 3.774 Thread 0x00000226771be000 Exception <a 'java/lang/NoSuchMethodError'{0x00000006232edd40}: 'java.lang.Object java.lang.invoke.DirectMethodHandle$Holder.invokeStatic(java.lang.Object, int, java.lang.Object, java.lang.Object)'> (0x00000006232edd40) thrown at [./src/hotspot/share/interpreter/linkResolver.cpp, line 773]
Event: 4.001 Thread 0x00000226771be000 Exception <a 'java/lang/NoSuchMethodError'{0x0000000620ecb8a8}: 'int java.lang.invoke.DirectMethodHandle$Holder.invokeStaticInit(java.lang.Object, int)'> (0x0000000620ecb8a8) thrown at [./src/hotspot/share/interpreter/linkResolver.cpp, line 773]
Event: 4.004 Thread 0x00000226771be000 Implicit null exception at 0x0000022608035d39 to 0x000002260803633b
Event: 4.014 Thread 0x00000226771be000 Implicit null exception at 0x000002260806af60 to 0x000002260806b95d
Event: 4.135 Thread 0x00000226771be000 Implicit null exception at 0x00000226080d5a94 to 0x00000226080dcee0
Event: 4.207 Thread 0x00000226771be000 Exception <a 'java/lang/NoSuchMethodError'{0x000000061f5028e0}: 'int java.lang.invoke.DirectMethodHandle$Holder.invokeVirtual(java.lang.Object, java.lang.Object, java.lang.Object)'> (0x000000061f5028e0) thrown at [./src/hotspot/share/interpreter/linkResolver.cpp, line 773]
Event: 4.261 Thread 0x00000226771be000 Exception <a 'java/lang/NoSuchMethodError'{0x000000061f3b53d8}: 'void java.lang.invoke.DirectMethodHandle$Holder.invokeInterface(java.lang.Object, java.lang.Object)'> (0x000000061f3b53d8) thrown at [./src/hotspot/share/interpreter/linkResolver.cpp, line 773]
Event: 4.296 Thread 0x00000226771be000 Exception <a 'java/lang/IncompatibleClassChangeError'{0x000000061e360198}: Found class java.lang.Object, but interface was expected> (0x000000061e360198) thrown at [./src/hotspot/share/interpreter/linkResolver.cpp, line 839]
Event: 4.606 Thread 0x00000226771be000 Exception <a 'java/lang/NoSuchMethodError'{0x000000062dd5d6f8}: 'java.lang.Object java.lang.invoke.Invokers$Holder.linkToTargetMethod(java.lang.Object, java.lang.Object, java.lang.Object, int, int, java.lang.Object)'> (0x000000062dd5d6f8) thrown at [./src/hotspot/share/interpreter/linkResolver.cpp, line 773]
Event: 4.607 Thread 0x00000226771be000 Implicit null exception at 0x000002260809467d to 0x0000022608095ee8
Event: 4.607 Thread 0x00000226771be000 Implicit null exception at 0x00000226081325cc to 0x000002260813ae6c
Event: 4.607 Thread 0x00000226771be000 Implicit null exception at 0x00000226080b5c23 to 0x00000226080b5de6
Event: 4.691 Thread 0x00000226771be000 Implicit null exception at 0x0000022607bbcf77 to 0x0000022607bbd484
Event: 4.701 Thread 0x00000226771be000 Exception <a 'java/lang/NoSuchMethodError'{0x000000062d6c94a8}: 'java.lang.Object java.lang.invoke.DirectMethodHandle$Holder.invokeInterface(java.lang.Object, java.lang.Object, java.lang.Object)'> (0x000000062d6c94a8) thrown at [./src/hotspot/share/interpreter/linkResolver.cpp, line 773]
Event: 4.701 Thread 0x00000226771be000 Exception <a 'java/lang/IncompatibleClassChangeError'{0x000000062d6cc6d8}: Found class java.lang.Object, but interface was expected> (0x000000062d6cc6d8) thrown at [./src/hotspot/share/interpreter/linkResolver.cpp, line 839]
Event: 4.706 Thread 0x00000226771be000 Implicit null exception at 0x0000022607bbda74 to 0x0000022607bbdf9c
Event: 4.760 Thread 0x00000226771be000 Exception <a 'java/lang/NoSuchMethodError'{0x000000062d209810}: 'java.lang.Object java.lang.invoke.Invokers$Holder.linkToTargetMethod(java.lang.Object, java.lang.Object, java.lang.Object, java.lang.Object, java.lang.Object, java.lang.Object, java.lang.Object)'> (0x000000062d209810) thrown at [./src/hotspot/share/interpreter/linkResolver.cpp, line 773]

Events (20 events):
Event: 4.776 loading class org/jetbrains/kotlin/types/checker/TypeIntersector$intersectTypesWithoutIntersectionType$filteredEqualTypes$1
Event: 4.776 loading class org/jetbrains/kotlin/types/checker/TypeIntersector$intersectTypesWithoutIntersectionType$filteredEqualTypes$1 done
Event: 4.777 loading class org/jetbrains/kotlin/resolve/constants/IntegerLiteralTypeConstructor$Companion$Mode
Event: 4.777 loading class org/jetbrains/kotlin/resolve/constants/IntegerLiteralTypeConstructor$Companion$Mode done
Event: 4.784 loading class org/jetbrains/kotlin/resolve/calls/tower/SimpleTypeArgumentImpl
Event: 4.784 loading class org/jetbrains/kotlin/resolve/calls/tower/SimpleTypeArgumentImpl done
Event: 4.784 loading class org/jetbrains/kotlin/resolve/calls/model/SimpleTypeArgument
Event: 4.784 loading class org/jetbrains/kotlin/resolve/calls/model/SimpleTypeArgument done
Event: 4.784 loading class org/jetbrains/kotlin/resolve/calls/model/TypeArgument
Event: 4.784 loading class org/jetbrains/kotlin/resolve/calls/model/TypeArgument done
Event: 4.789 loading class org/jetbrains/kotlin/resolve/calls/components/TypeArgumentsToParametersMapper$TypeArgumentsMapping$TypeArgumentsMappingImpl
Event: 4.789 loading class org/jetbrains/kotlin/resolve/calls/components/TypeArgumentsToParametersMapper$TypeArgumentsMapping$TypeArgumentsMappingImpl done
Event: 4.789 loading class org/jetbrains/kotlin/resolve/calls/inference/model/ExplicitTypeParameterConstraintPositionImpl
Event: 4.789 loading class org/jetbrains/kotlin/resolve/calls/inference/model/ExplicitTypeParameterConstraintPositionImpl done
Event: 4.789 loading class org/jetbrains/kotlin/resolve/calls/inference/model/ExplicitTypeParameterConstraintPosition
Event: 4.789 loading class org/jetbrains/kotlin/resolve/calls/inference/model/ExplicitTypeParameterConstraintPosition done
Event: 4.791 Executing VM operation: ICBufferFull
Event: 4.791 Executing VM operation: ICBufferFull done
Event: 4.850 Executing VM operation: ICBufferFull
Event: 4.850 Executing VM operation: ICBufferFull done


Dynamic libraries:
0x00007ff6fd600000 - 0x00007ff6fd60a000 	C:\Program Files\Android\Android Studio\jre\bin\java.exe
0x00007ffb9cb90000 - 0x00007ffb9cd85000 	C:\Windows\SYSTEM32\ntdll.dll
0x00007ffb9b370000 - 0x00007ffb9b42d000 	C:\Windows\System32\KERNEL32.DLL
0x00007ffb9a4c0000 - 0x00007ffb9a78d000 	C:\Windows\System32\KERNELBASE.dll
0x00007ffb9a8c0000 - 0x00007ffb9a9c0000 	C:\Windows\System32\ucrtbase.dll
0x00007ffb92790000 - 0x00007ffb927a7000 	C:\Program Files\Android\Android Studio\jre\bin\VCRUNTIME140.dll
0x00007ffb928f0000 - 0x00007ffb92909000 	C:\Program Files\Android\Android Studio\jre\bin\jli.dll
0x00007ffb9c060000 - 0x00007ffb9c200000 	C:\Windows\System32\USER32.dll
0x00007ffb9a2a0000 - 0x00007ffb9a2c2000 	C:\Windows\System32\win32u.dll
0x00007ffb796e0000 - 0x00007ffb7997a000 	C:\Windows\WinSxS\amd64_microsoft.windows.common-controls_6595b64144ccf1df_6.0.19041.1110_none_60b5254171f9507e\COMCTL32.dll
0x00007ffb9b200000 - 0x00007ffb9b22a000 	C:\Windows\System32\GDI32.dll
0x00007ffb9a3b0000 - 0x00007ffb9a4bb000 	C:\Windows\System32\gdi32full.dll
0x00007ffb9a790000 - 0x00007ffb9a82d000 	C:\Windows\System32\msvcp_win.dll
0x00007ffb9c200000 - 0x00007ffb9c29e000 	C:\Windows\System32\msvcrt.dll
0x00007ffb9bfa0000 - 0x00007ffb9bfd0000 	C:\Windows\System32\IMM32.DLL
0x00007ffb87390000 - 0x00007ffb8742d000 	C:\Program Files\Android\Android Studio\jre\bin\msvcp140.dll
0x00007ffaf3fc0000 - 0x00007ffaf4aa5000 	C:\Program Files\Android\Android Studio\jre\bin\server\jvm.dll
0x00007ffb9ac50000 - 0x00007ffb9acfe000 	C:\Windows\System32\ADVAPI32.dll
0x00007ffb9ca50000 - 0x00007ffb9caec000 	C:\Windows\System32\sechost.dll
0x00007ffb9b230000 - 0x00007ffb9b355000 	C:\Windows\System32\RPCRT4.dll
0x00007ffb9abe0000 - 0x00007ffb9abe8000 	C:\Windows\System32\PSAPI.DLL
0x00007ffb76170000 - 0x00007ffb76179000 	C:\Windows\SYSTEM32\WSOCK32.dll
0x00007ffb77350000 - 0x00007ffb77377000 	C:\Windows\SYSTEM32\WINMM.dll
0x00007ffb94040000 - 0x00007ffb9404a000 	C:\Windows\SYSTEM32\VERSION.dll
0x00007ffb9ad00000 - 0x00007ffb9ad6b000 	C:\Windows\System32\WS2_32.dll
0x00007ffb98070000 - 0x00007ffb98082000 	C:\Windows\SYSTEM32\kernel.appcore.dll
0x00007ffb88560000 - 0x00007ffb88571000 	C:\Program Files\Android\Android Studio\jre\bin\verify.dll
0x00007ffb8d3c0000 - 0x00007ffb8d5a4000 	C:\Windows\SYSTEM32\DBGHELP.DLL
0x00007ffb8d390000 - 0x00007ffb8d3bc000 	C:\Windows\SYSTEM32\dbgcore.DLL
0x00007ffb9a830000 - 0x00007ffb9a8b2000 	C:\Windows\System32\bcryptPrimitives.dll
0x00007ffb87960000 - 0x00007ffb87989000 	C:\Program Files\Android\Android Studio\jre\bin\java.dll
0x00007ffb93ad0000 - 0x00007ffb93adb000 	C:\Program Files\Android\Android Studio\jre\bin\jimage.dll
0x00007ffb87940000 - 0x00007ffb87958000 	C:\Program Files\Android\Android Studio\jre\bin\zip.dll
0x00007ffb9c300000 - 0x00007ffb9ca44000 	C:\Windows\System32\SHELL32.dll
0x00007ffb98380000 - 0x00007ffb98b14000 	C:\Windows\SYSTEM32\windows.storage.dll
0x00007ffb9ad80000 - 0x00007ffb9b0d4000 	C:\Windows\System32\combase.dll
0x00007ffb99b50000 - 0x00007ffb99b7c000 	C:\Windows\SYSTEM32\Wldp.dll
0x00007ffb9bcc0000 - 0x00007ffb9bd6d000 	C:\Windows\System32\SHCORE.dll
0x00007ffb9c2a0000 - 0x00007ffb9c2f5000 	C:\Windows\System32\shlwapi.dll
0x00007ffb9a1e0000 - 0x00007ffb9a1ff000 	C:\Windows\SYSTEM32\profapi.dll
0x00007ffb87760000 - 0x00007ffb8777a000 	C:\Program Files\Android\Android Studio\jre\bin\net.dll
0x00007ffb93220000 - 0x00007ffb9332a000 	C:\Windows\SYSTEM32\WINHTTP.dll
0x00007ffb99930000 - 0x00007ffb9999a000 	C:\Windows\system32\mswsock.dll
0x00007ffb87580000 - 0x00007ffb87594000 	C:\Program Files\Android\Android Studio\jre\bin\nio.dll

dbghelp: loaded successfully - version: 4.0.5 - missing functions: none
symbol engine: initialized successfully - sym options: 0x614 - pdb path: .;C:\Program Files\Android\Android Studio\jre\bin;C:\Windows\SYSTEM32;C:\Windows\WinSxS\amd64_microsoft.windows.common-controls_6595b64144ccf1df_6.0.19041.1110_none_60b5254171f9507e;C:\Program Files\Android\Android Studio\jre\bin\server

VM Arguments:
java_command: org.jetbrains.kotlin.cli.jvm.K2JVMCompiler @C:\Users\Sergio\AndroidStudioProjects\spc_swabApp_SergioVersionNew\app\build\20220602_2316218664120404683.compiler.options
java_class_path (initial): C:\Users\Sergio\.gradle\caches\modules-2\files-2.1\org.jetbrains.kotlin\kotlin-compiler-embeddable\1.6.21\97bdd5a752ce73b58ef16c17bc7f0ea2faff7a2e\kotlin-compiler-embeddable-1.6.21.jar;C:\Users\Sergio\.gradle\caches\modules-2\files-2.1\org.jetbrains.kotlin\kotlin-reflect\1.6.21\5dc3574d9b7bebfcb4ec6b10ada4aaa9e140bd0b\kotlin-reflect-1.6.21.jar;C:\Users\Sergio\.gradle\caches\modules-2\files-2.1\org.jetbrains.kotlin\kotlin-stdlib\1.6.21\11ef67f1900634fd951bad28c53ec957fabbe5b8\kotlin-stdlib-1.6.21.jar;C:\Users\Sergio\.gradle\caches\modules-2\files-2.1\org.jetbrains.kotlin\kotlin-script-runtime\1.6.21\99c6675100da5d6d5b1c5a1032f27f28008d101b\kotlin-script-runtime-1.6.21.jar;C:\Users\Sergio\.gradle\caches\modules-2\files-2.1\org.jetbrains.kotlin\kotlin-daemon-embeddable\1.6.21\46b78cf392e1c4f10854c3cadba44abb7b82250f\kotlin-daemon-embeddable-1.6.21.jar;C:\Users\Sergio\.gradle\caches\modules-2\files-2.1\org.jetbrains.intellij.deps\trove4j\1.0.20200330\3afb14d5f9ceb459d724e907a21145e8ff394f02\trove4j-1.0.20200330.jar;C:\Users\Sergio\.gradle\caches\modules-2\files-2.1\net.java.dev.jna\jna\5.6.0\330f2244e9030119ab3030fc3fededc86713d9cc\jna-5.6.0.jar;C:\Users\Sergio\.gradle\caches\modules-2\files-2.1\org.jetbrains.kotlin\kotlin-stdlib-common\1.6.21\5e5b55c26dbc80372a920aef60eb774b714559b8\kotlin-stdlib-common-1.6.21.jar;C:\Users\Sergio\.gradle\caches\modules-2\files-2.1\org.jetbrains\annotations\13.0\919f0dfe192fb4e063e7dacadee7f8bb9a2672a9\annotations-13.0.jar
Launcher Type: SUN_STANDARD

[Global flags]
     intx CICompilerCount                          = 12                                        {product} {ergonomic}
     uint ConcGCThreads                            = 3                                         {product} {ergonomic}
     uint G1ConcRefinementThreads                  = 13                                        {product} {ergonomic}
   size_t G1HeapRegionSize                         = 2097152                                   {product} {ergonomic}
    uintx GCDrainStackTargetSize                   = 64                                        {product} {ergonomic}
   size_t InitialHeapSize                          = 532676608                                 {product} {ergonomic}
   size_t MarkStackSize                            = 4194304                                   {product} {ergonomic}
   size_t MaxHeapSize                              = 8493465600                                {product} {ergonomic}
   size_t MaxNewSize                               = 5096079360                                {product} {ergonomic}
   size_t MinHeapDeltaBytes                        = 2097152                                   {product} {ergonomic}
    uintx NonNMethodCodeHeapSize                   = 7594288                                {pd product} {ergonomic}
    uintx NonProfiledCodeHeapSize                  = 122031976                              {pd product} {ergonomic}
    uintx ProfiledCodeHeapSize                     = 122031976                              {pd product} {ergonomic}
    uintx ReservedCodeCacheSize                    = 251658240                              {pd product} {ergonomic}
     bool SegmentedCodeCache                       = true                                      {product} {ergonomic}
     bool UseCompressedClassPointers               = true                                 {lp64_product} {ergonomic}
     bool UseCompressedOops                        = true                                 {lp64_product} {ergonomic}
     bool UseG1GC                                  = true                                      {product} {ergonomic}
     bool UseLargePagesIndividualAllocation        = false                                  {pd product} {ergonomic}

Logging:
Log output configuration:
 #0: stdout all=warning uptime,level,tags
 #1: stderr all=off uptime,level,tags

Environment Variables:
PATH=C:\Program Files (x86)\VMware\VMware Workstation\bin\;C:\Program Files\Eclipse Foundation\jdk-8.0.302.8-hotspot\bin;C:\Python39\Scripts\;C:\Python39\;C:\Program Files\Common Files\Oracle\Java\javapath;C:\Program Files (x86)\Microsoft SDKs\Azure\CLI2\wbin;C:\Windows\system32;C:\Windows;C:\Windows\System32\Wbem;C:\Windows\System32\WindowsPowerShell\v1.0\;C:\Windows\System32\OpenSSH\;C:\Program Files\dotnet\;C:\Program Files\Microsoft SQL Server\130\Tools\Binn\;C:\Program Files\Microsoft SQL Server\Client SDK\ODBC\170\Tools\Binn\;C:\Program Files\Microsoft SQL Server\120\DTS\Binn\;C:\Program Files\Microsoft SQL Server\Client SDK\ODBC\110\Tools\Binn\;C:\Program Files (x86)\Microsoft SQL Server\120\Tools\Binn\;C:\Program Files\Microsoft SQL Server\120\Tools\Binn\;C:\Program Files (x86)\Microsoft SQL Server\120\Tools\Binn\ManagementStudio\;C:\Program Files (x86)\Microsoft SQL Server\120\DTS\Binn\;C:\Users\Sergio\anaconda3;C:\Users\Sergio\anaconda3\Library\mingw-w64\bin;C:\Users\Sergio\anaconda3\Library\usr\bin;C:\Users\Sergio\anaconda3\Library\bin;C:\Users\Sergio\anaconda3\Scripts;C:\Users\Sergio\AppData\Local;C:\;C:\ProgramData\chocolatey\bin;C:\Program Files\CMake\bin;C:\Program Files\Graphviz\bin;C:\Program Files\PuTTY\;D:\xampp\php;C:\ProgramData\ComposerSetup\bin;C:\Program Files\Git\cmd;C:\Users\Sergio\anaconda3;C:\Users\Sergio\anaconda3\Library\mingw-w64\bin;C:\Users\Sergio\anaconda3\Library\usr\bin;C:\Users\Sergio\anaconda3\Library\bin;C:\Users\Sergio\anaconda3\Scripts;C:\Users\Sergio\AppData\Local\Microsoft\WindowsApps;C:\Users\Sergio\AppData\Local\GitHubDesktop\bin;C:\Users\Sergio\AppData\Local\Programs\Microsoft VS Code\bin;C:\Users\Sergio\.dotnet\tools;C:\Program Files\Sublime Text 3;D:\SERGIO\Portables\iperf-3.1.3-win64;c:\snmp\bin\;C:\Program Files\Notepad++;C:\Users\Sergio\AppData\Roaming\Composer\vendor\bin;C:\cygwin64\bin;C:\cygwin64\usr\local\bin;C:\Users\Sergio\AppData\Local\Markdown Monster;C:\Users\Sergio\.dotnet\tools;D:\SERGIO\Portables\ookla-spee
USERNAME=Sergio
OS=Windows_NT
PROCESSOR_IDENTIFIER=Intel64 Family 6 Model 165 Stepping 5, GenuineIntel



---------------  S Y S T E M  ---------------

OS: Windows 10 , 64 bit Build 19041 (10.0.19041.1706)
OS uptime: 2 days 19:25 hours
Hyper-V role detected

CPU:total 16 (initial active 16) (8 cores per cpu, 2 threads per core) family 6 model 165 stepping 5 microcode 0xca, cmov, cx8, fxsr, mmx, sse, sse2, sse3, ssse3, sse4.1, sse4.2, popcnt, avx, avx2, aes, clmul, erms, 3dnowpref, lzcnt, ht, tsc, tscinvbit, bmi1, bmi2, adx, fma

Memory: 4k page, system-wide physical 32394M (769M free)
TotalPageFile size 40586M (AvailPageFile size 5M)
current process WorkingSet (physical memory assigned to process): 534M, peak: 535M
current process commit charge ("private bytes"): 1026M, peak: 1026M

vm_info: OpenJDK 64-Bit Server VM (11.0.12+7-b1504.28-7817840) for windows-amd64 JRE (11.0.12+7-b1504.28-7817840), built on Oct 13 2021 22:12:33 by "builder" with MS VC++ 14.0 (VS2015)

END.
