#
# There is insufficient memory for the Java Runtime Environment to continue.
# Native memory allocation (malloc) failed to allocate 2685616 bytes for Chunk::new
# Possible reasons:
#   The system is out of physical RAM or swap space
#   The process is running with CompressedOops enabled, and the Java Heap may be blocking the growth of the native heap
# Possible solutions:
#   Reduce memory load on the system
#   Increase physical memory or swap space
#   Check if swap backing store is full
#   Decrease Java heap size (-Xmx/-Xms)
#   Decrease number of Java threads
#   Decrease Java thread stack sizes (-Xss)
#   Set larger code cache with -XX:ReservedCodeCacheSize=
#   JVM is running with Zero Based Compressed Oops mode in which the Java heap is
#     placed in the first 32GB address space. The Java Heap base address is the
#     maximum limit for the native heap growth. Please use -XX:HeapBaseMinAddress
#     to set the Java Heap base and to place the Java Heap above 32GB virtual address.
# This output file may be truncated or incomplete.
#
#  Out of Memory Error (./src/hotspot/share/memory/arena.cpp:197), pid=16292, tid=24836
#
# JRE version: OpenJDK Runtime Environment (11.0.12+7) (build 11.0.12+7-b1504.28-7817840)
# Java VM: OpenJDK 64-Bit Server VM (11.0.12+7-b1504.28-7817840, mixed mode, tiered, compressed oops, g1 gc, windows-amd64)
# No core dump will be written. Minidumps are not enabled by default on client versions of Windows
#

---------------  S U M M A R Y ------------

Command Line: org.jetbrains.kotlin.cli.jvm.K2JVMCompiler @C:\Users\Sergio\AndroidStudioProjects\spc_swabApp_SergioVersionNew\app\build\20220606_1247660341377670867.compiler.options

Host: Intel(R) Core(TM) i7-10700 CPU @ 2.90GHz, 16 cores, 31G,  Windows 10 , 64 bit Build 19041 (10.0.19041.1706)
Time: Mon Jun  6 14:08:50 2022 Hora est. Pacífico, Sudamérica elapsed time: 3.929891 seconds (0d 0h 0m 3s)

---------------  T H R E A D  ---------------

Current thread (0x000001e3e6ebc000):  JavaThread "C2 CompilerThread3" daemon [_thread_in_native, id=24836, stack(0x0000007e57100000,0x0000007e57200000)]


Current CompileTask:
C2:   3929 8706       4       org.jetbrains.kotlin.load.java.structure.impl.classFiles.BinaryJavaMethodBase$Companion::create (572 bytes)

Stack: [0x0000007e57100000,0x0000007e57200000]
Native frames: (J=compiled Java code, j=interpreted, Vv=VM code, C=native code)
V  [jvm.dll+0x5fbcea]
V  [jvm.dll+0x731905]
V  [jvm.dll+0x732f1d]
V  [jvm.dll+0x7335d3]
V  [jvm.dll+0x247bf8]
V  [jvm.dll+0xc018c]
V  [jvm.dll+0xc06cc]
V  [jvm.dll+0x35b31d]
V  [jvm.dll+0x328803]
V  [jvm.dll+0x327cfa]
V  [jvm.dll+0x200602]
V  [jvm.dll+0x1ff794]
V  [jvm.dll+0x18868c]
V  [jvm.dll+0x20e0d7]
V  [jvm.dll+0x20c901]
V  [jvm.dll+0x6f9b7f]
V  [jvm.dll+0x6f26a5]
V  [jvm.dll+0x5fabf6]
C  [ucrtbase.dll+0x21bb2]
C  [KERNEL32.DLL+0x17034]
C  [ntdll.dll+0x52651]


---------------  P R O C E S S  ---------------

Threads class SMR info:
_java_thread_list=0x000001e3e5c3e4f0, length=16, elements={
0x000001e3b868e000, 0x000001e3e2195000, 0x000001e3e21bf000, 0x000001e3e21d4000,
0x000001e3e21d6000, 0x000001e3e21d7000, 0x000001e3e21dc000, 0x000001e3e21dd000,
0x000001e3e2221800, 0x000001e3e23cb800, 0x000001e3e23e7000, 0x000001e3e23df800,
0x000001e3e2417800, 0x000001e3e2921000, 0x000001e3e2934000, 0x000001e3e6ebc000
}

Java Threads: ( => current thread )
  0x000001e3b868e000 JavaThread "main" [_thread_in_native, id=25496, stack(0x0000007e55d00000,0x0000007e55e00000)]
  0x000001e3e2195000 JavaThread "Reference Handler" daemon [_thread_blocked, id=22632, stack(0x0000007e56400000,0x0000007e56500000)]
  0x000001e3e21bf000 JavaThread "Finalizer" daemon [_thread_blocked, id=9176, stack(0x0000007e56500000,0x0000007e56600000)]
  0x000001e3e21d4000 JavaThread "Signal Dispatcher" daemon [_thread_blocked, id=26196, stack(0x0000007e56600000,0x0000007e56700000)]
  0x000001e3e21d6000 JavaThread "Attach Listener" daemon [_thread_blocked, id=13388, stack(0x0000007e56700000,0x0000007e56800000)]
  0x000001e3e21d7000 JavaThread "Service Thread" daemon [_thread_blocked, id=25888, stack(0x0000007e56800000,0x0000007e56900000)]
  0x000001e3e21dc000 JavaThread "C2 CompilerThread0" daemon [_thread_in_native, id=17436, stack(0x0000007e56900000,0x0000007e56a00000)]
  0x000001e3e21dd000 JavaThread "C1 CompilerThread0" daemon [_thread_blocked, id=25188, stack(0x0000007e56a00000,0x0000007e56b00000)]
  0x000001e3e2221800 JavaThread "Sweeper thread" daemon [_thread_blocked, id=5180, stack(0x0000007e56b00000,0x0000007e56c00000)]
  0x000001e3e23cb800 JavaThread "C1 CompilerThread1" daemon [_thread_blocked, id=16232, stack(0x0000007e56c00000,0x0000007e56d00000)]
  0x000001e3e23e7000 JavaThread "Common-Cleaner" daemon [_thread_blocked, id=7928, stack(0x0000007e56e00000,0x0000007e56f00000)]
  0x000001e3e23df800 JavaThread "C2 CompilerThread1" daemon [_thread_in_native, id=8252, stack(0x0000007e56f00000,0x0000007e57000000)]
  0x000001e3e2417800 JavaThread "C2 CompilerThread2" daemon [_thread_in_native, id=25848, stack(0x0000007e57000000,0x0000007e57100000)]
  0x000001e3e2921000 JavaThread "C1 CompilerThread2" daemon [_thread_blocked, id=21276, stack(0x0000007e57200000,0x0000007e57300000)]
  0x000001e3e2934000 JavaThread "C1 CompilerThread3" daemon [_thread_blocked, id=22540, stack(0x0000007e57300000,0x0000007e57400000)]
=>0x000001e3e6ebc000 JavaThread "C2 CompilerThread3" daemon [_thread_in_native, id=24836, stack(0x0000007e57100000,0x0000007e57200000)]

Other Threads:
  0x000001e3e2193000 VMThread "VM Thread" [stack: 0x0000007e56300000,0x0000007e56400000] [id=6124]
  0x000001e3e23de800 WatcherThread [stack: 0x0000007e56d00000,0x0000007e56e00000] [id=6996]
  0x000001e3b86a6800 GCTaskThread "GC Thread#0" [stack: 0x0000007e55e00000,0x0000007e55f00000] [id=20576]
  0x000001e3e2af5000 GCTaskThread "GC Thread#1" [stack: 0x0000007e57400000,0x0000007e57500000] [id=1476]
  0x000001e3e2b29000 GCTaskThread "GC Thread#2" [stack: 0x0000007e57500000,0x0000007e57600000] [id=21948]
  0x000001e3e2afe800 GCTaskThread "GC Thread#3" [stack: 0x0000007e57600000,0x0000007e57700000] [id=12308]
  0x000001e3e2aff000 GCTaskThread "GC Thread#4" [stack: 0x0000007e57700000,0x0000007e57800000] [id=16360]
  0x000001e3e2a7b800 GCTaskThread "GC Thread#5" [stack: 0x0000007e57800000,0x0000007e57900000] [id=23508]
  0x000001e3e2a7c800 GCTaskThread "GC Thread#6" [stack: 0x0000007e57900000,0x0000007e57a00000] [id=21376]
  0x000001e3e2ae7800 GCTaskThread "GC Thread#7" [stack: 0x0000007e57a00000,0x0000007e57b00000] [id=22292]
  0x000001e3e2aef000 GCTaskThread "GC Thread#8" [stack: 0x0000007e57b00000,0x0000007e57c00000] [id=25432]
  0x000001e3e2af0000 GCTaskThread "GC Thread#9" [stack: 0x0000007e57c00000,0x0000007e57d00000] [id=26452]
  0x000001e3e2b64800 GCTaskThread "GC Thread#10" [stack: 0x0000007e57d00000,0x0000007e57e00000] [id=13848]
  0x000001e3e2b65000 GCTaskThread "GC Thread#11" [stack: 0x0000007e57e00000,0x0000007e57f00000] [id=3772]
  0x000001e3e8066800 GCTaskThread "GC Thread#12" [stack: 0x0000007e58600000,0x0000007e58700000] [id=26376]
  0x000001e3b8727000 ConcurrentGCThread "G1 Main Marker" [stack: 0x0000007e55f00000,0x0000007e56000000] [id=13832]
  0x000001e3b8729800 ConcurrentGCThread "G1 Conc#0" [stack: 0x0000007e56000000,0x0000007e56100000] [id=14012]
  0x000001e3e3d1f800 ConcurrentGCThread "G1 Conc#1" [stack: 0x0000007e57f00000,0x0000007e58000000] [id=9572]
  0x000001e3e38e0000 ConcurrentGCThread "G1 Conc#2" [stack: 0x0000007e58000000,0x0000007e58100000] [id=4700]
  0x000001e3e17f7000 ConcurrentGCThread "G1 Refine#0" [stack: 0x0000007e56100000,0x0000007e56200000] [id=24884]
  0x000001e3e74e2000 ConcurrentGCThread "G1 Refine#1" [stack: 0x0000007e58100000,0x0000007e58200000] [id=10616]
  0x000001e3e69a9000 ConcurrentGCThread "G1 Refine#2" [stack: 0x0000007e58200000,0x0000007e58300000] [id=1724]
  0x000001e3e69aa000 ConcurrentGCThread "G1 Refine#3" [stack: 0x0000007e58300000,0x0000007e58400000] [id=15616]
  0x000001e3e7963000 ConcurrentGCThread "G1 Refine#4" [stack: 0x0000007e58400000,0x0000007e58500000] [id=15160]
  0x000001e3e7963800 ConcurrentGCThread "G1 Refine#5" [stack: 0x0000007e58500000,0x0000007e58600000] [id=23440]
  0x000001e3e17f8000 ConcurrentGCThread "G1 Young RemSet Sampling" [stack: 0x0000007e56200000,0x0000007e56300000] [id=26112]

Threads with active compile tasks:
C2 CompilerThread0   3937 8863       4       org.jetbrains.kotlin.protobuf.GeneratedMessageLite$ExtendableMessage::makeExtensionsImmutable (8 bytes)
C2 CompilerThread1   3937 8630       4       org.jetbrains.kotlin.cli.jvm.index.JvmDependenciesIndexImpl::search (379 bytes)
C2 CompilerThread2   3937 8769       4       org.jetbrains.kotlin.types.KotlinType::equals (56 bytes)
C2 CompilerThread3   3937 8706       4       org.jetbrains.kotlin.load.java.structure.impl.classFiles.BinaryJavaMethodBase$Companion::create (572 bytes)

VM state:not at safepoint (normal execution)

VM Mutex/Monitor currently owned by a thread: None

Heap address: 0x0000000605c00000, size: 8100 MB, Compressed Oops mode: Zero based, Oop shift amount: 3
Narrow klass base: 0x0000000800000000, Narrow klass shift: 0
Compressed class space size: 1073741824 Address: 0x0000000800000000

Heap:
 garbage-first heap   total 632832K, used 95069K [0x0000000605c00000, 0x0000000800000000)
  region size 2048K, 30 young (61440K), 7 survivors (14336K)
 Metaspace       used 60919K, capacity 61722K, committed 61960K, reserved 1103872K
  class space    used 6863K, capacity 7178K, committed 7296K, reserved 1048576K
Heap Regions: E=young(eden), S=young(survivor), O=old, HS=humongous(starts), HC=humongous(continues), CS=collection set, F=free, A=archive, TAMS=top-at-mark-start (previous, next)
|   0|0x0000000605c00000, 0x0000000605e00000, 0x0000000605e00000|100%|HS|  |TAMS 0x0000000605e00000, 0x0000000605c00000| Complete 
|   1|0x0000000605e00000, 0x0000000606000000, 0x0000000606000000|100%|HC|  |TAMS 0x0000000606000000, 0x0000000605e00000| Complete 
|   2|0x0000000606000000, 0x0000000606200000, 0x0000000606200000|100%|HS|  |TAMS 0x0000000606200000, 0x0000000606000000| Complete 
|   3|0x0000000606200000, 0x0000000606400000, 0x0000000606400000|100%|HC|  |TAMS 0x0000000606400000, 0x0000000606200000| Complete 
|   4|0x0000000606400000, 0x0000000606600000, 0x0000000606600000|100%| O|  |TAMS 0x0000000606600000, 0x0000000606400000| Untracked 
|   5|0x0000000606600000, 0x0000000606800000, 0x0000000606800000|100%| O|  |TAMS 0x0000000606800000, 0x0000000606600000| Untracked 
|   6|0x0000000606800000, 0x0000000606a00000, 0x0000000606a00000|100%|HS|  |TAMS 0x0000000606a00000, 0x0000000606800000| Complete 
|   7|0x0000000606a00000, 0x0000000606c00000, 0x0000000606c00000|100%| O|  |TAMS 0x0000000606c00000, 0x0000000606a00000| Untracked 
|   8|0x0000000606c00000, 0x0000000606e00000, 0x0000000606e00000|100%| O|  |TAMS 0x0000000606e00000, 0x0000000606c00000| Untracked 
|   9|0x0000000606e00000, 0x0000000607000000, 0x0000000607000000|100%| O|  |TAMS 0x0000000607000000, 0x0000000606e00000| Untracked 
|  10|0x0000000607000000, 0x0000000607200000, 0x0000000607200000|100%| O|  |TAMS 0x0000000607200000, 0x0000000607000000| Untracked 
|  11|0x0000000607200000, 0x0000000607400000, 0x0000000607400000|100%| O|  |TAMS 0x0000000607400000, 0x0000000607200000| Untracked 
|  12|0x0000000607400000, 0x0000000607600000, 0x0000000607600000|100%| O|  |TAMS 0x0000000607600000, 0x0000000607400000| Untracked 
|  13|0x0000000607600000, 0x0000000607800000, 0x0000000607800000|100%| O|  |TAMS 0x0000000607800000, 0x0000000607600000| Untracked 
|  14|0x0000000607800000, 0x0000000607a00000, 0x0000000607a00000|100%| O|  |TAMS 0x0000000607a00000, 0x0000000607800000| Untracked 
|  15|0x0000000607a00000, 0x0000000607c00000, 0x0000000607c00000|100%| O|  |TAMS 0x0000000607c00000, 0x0000000607a00000| Untracked 
|  16|0x0000000607c00000, 0x0000000607e00000, 0x0000000607e00000|100%| O|  |TAMS 0x0000000607e00000, 0x0000000607c00000| Untracked 
|  17|0x0000000607e00000, 0x0000000607ed7400, 0x0000000608000000| 42%| O|  |TAMS 0x0000000607ed7400, 0x0000000607e00000| Untracked 
|  18|0x0000000608000000, 0x0000000608000000, 0x0000000608200000|  0%| F|  |TAMS 0x0000000608000000, 0x0000000608000000| Untracked 
|  19|0x0000000608200000, 0x0000000608200000, 0x0000000608400000|  0%| F|  |TAMS 0x0000000608200000, 0x0000000608200000| Untracked 
|  20|0x0000000608400000, 0x0000000608400000, 0x0000000608600000|  0%| F|  |TAMS 0x0000000608400000, 0x0000000608400000| Untracked 
|  21|0x0000000608600000, 0x0000000608600000, 0x0000000608800000|  0%| F|  |TAMS 0x0000000608600000, 0x0000000608600000| Untracked 
|  22|0x0000000608800000, 0x0000000608800000, 0x0000000608a00000|  0%| F|  |TAMS 0x0000000608800000, 0x0000000608800000| Untracked 
|  23|0x0000000608a00000, 0x0000000608a00000, 0x0000000608c00000|  0%| F|  |TAMS 0x0000000608a00000, 0x0000000608a00000| Untracked 
|  24|0x0000000608c00000, 0x0000000608c00000, 0x0000000608e00000|  0%| F|  |TAMS 0x0000000608c00000, 0x0000000608c00000| Untracked 
|  25|0x0000000608e00000, 0x0000000608e00000, 0x0000000609000000|  0%| F|  |TAMS 0x0000000608e00000, 0x0000000608e00000| Untracked 
|  26|0x0000000609000000, 0x0000000609000000, 0x0000000609200000|  0%| F|  |TAMS 0x0000000609000000, 0x0000000609000000| Untracked 
|  27|0x0000000609200000, 0x0000000609200000, 0x0000000609400000|  0%| F|  |TAMS 0x0000000609200000, 0x0000000609200000| Untracked 
|  28|0x0000000609400000, 0x0000000609400000, 0x0000000609600000|  0%| F|  |TAMS 0x0000000609400000, 0x0000000609400000| Untracked 
|  29|0x0000000609600000, 0x0000000609600000, 0x0000000609800000|  0%| F|  |TAMS 0x0000000609600000, 0x0000000609600000| Untracked 
|  30|0x0000000609800000, 0x0000000609800000, 0x0000000609a00000|  0%| F|  |TAMS 0x0000000609800000, 0x0000000609800000| Untracked 
|  31|0x0000000609a00000, 0x0000000609a00000, 0x0000000609c00000|  0%| F|  |TAMS 0x0000000609a00000, 0x0000000609a00000| Untracked 
|  32|0x0000000609c00000, 0x0000000609c00000, 0x0000000609e00000|  0%| F|  |TAMS 0x0000000609c00000, 0x0000000609c00000| Untracked 
|  33|0x0000000609e00000, 0x0000000609e00000, 0x000000060a000000|  0%| F|  |TAMS 0x0000000609e00000, 0x0000000609e00000| Untracked 
|  34|0x000000060a000000, 0x000000060a000000, 0x000000060a200000|  0%| F|  |TAMS 0x000000060a000000, 0x000000060a000000| Untracked 
|  35|0x000000060a200000, 0x000000060a200000, 0x000000060a400000|  0%| F|  |TAMS 0x000000060a200000, 0x000000060a200000| Untracked 
|  36|0x000000060a400000, 0x000000060a400000, 0x000000060a600000|  0%| F|  |TAMS 0x000000060a400000, 0x000000060a400000| Untracked 
|  37|0x000000060a600000, 0x000000060a600000, 0x000000060a800000|  0%| F|  |TAMS 0x000000060a600000, 0x000000060a600000| Untracked 
|  38|0x000000060a800000, 0x000000060a800000, 0x000000060aa00000|  0%| F|  |TAMS 0x000000060a800000, 0x000000060a800000| Untracked 
|  39|0x000000060aa00000, 0x000000060aa00000, 0x000000060ac00000|  0%| F|  |TAMS 0x000000060aa00000, 0x000000060aa00000| Untracked 
|  40|0x000000060ac00000, 0x000000060ac00000, 0x000000060ae00000|  0%| F|  |TAMS 0x000000060ac00000, 0x000000060ac00000| Untracked 
|  41|0x000000060ae00000, 0x000000060ae00000, 0x000000060b000000|  0%| F|  |TAMS 0x000000060ae00000, 0x000000060ae00000| Untracked 
|  42|0x000000060b000000, 0x000000060b000000, 0x000000060b200000|  0%| F|  |TAMS 0x000000060b000000, 0x000000060b000000| Untracked 
|  43|0x000000060b200000, 0x000000060b200000, 0x000000060b400000|  0%| F|  |TAMS 0x000000060b200000, 0x000000060b200000| Untracked 
|  44|0x000000060b400000, 0x000000060b400000, 0x000000060b600000|  0%| F|  |TAMS 0x000000060b400000, 0x000000060b400000| Untracked 
|  45|0x000000060b600000, 0x000000060b600000, 0x000000060b800000|  0%| F|  |TAMS 0x000000060b600000, 0x000000060b600000| Untracked 
|  46|0x000000060b800000, 0x000000060b800000, 0x000000060ba00000|  0%| F|  |TAMS 0x000000060b800000, 0x000000060b800000| Untracked 
|  47|0x000000060ba00000, 0x000000060ba00000, 0x000000060bc00000|  0%| F|  |TAMS 0x000000060ba00000, 0x000000060ba00000| Untracked 
|  48|0x000000060bc00000, 0x000000060bc00000, 0x000000060be00000|  0%| F|  |TAMS 0x000000060bc00000, 0x000000060bc00000| Untracked 
|  49|0x000000060be00000, 0x000000060be00000, 0x000000060c000000|  0%| F|  |TAMS 0x000000060be00000, 0x000000060be00000| Untracked 
|  50|0x000000060c000000, 0x000000060c000000, 0x000000060c200000|  0%| F|  |TAMS 0x000000060c000000, 0x000000060c000000| Untracked 
|  51|0x000000060c200000, 0x000000060c200000, 0x000000060c400000|  0%| F|  |TAMS 0x000000060c200000, 0x000000060c200000| Untracked 
|  52|0x000000060c400000, 0x000000060c400000, 0x000000060c600000|  0%| F|  |TAMS 0x000000060c400000, 0x000000060c400000| Untracked 
|  53|0x000000060c600000, 0x000000060c600000, 0x000000060c800000|  0%| F|  |TAMS 0x000000060c600000, 0x000000060c600000| Untracked 
|  54|0x000000060c800000, 0x000000060c800000, 0x000000060ca00000|  0%| F|  |TAMS 0x000000060c800000, 0x000000060c800000| Untracked 
|  55|0x000000060ca00000, 0x000000060ca00000, 0x000000060cc00000|  0%| F|  |TAMS 0x000000060ca00000, 0x000000060ca00000| Untracked 
|  56|0x000000060cc00000, 0x000000060cc00000, 0x000000060ce00000|  0%| F|  |TAMS 0x000000060cc00000, 0x000000060cc00000| Untracked 
|  57|0x000000060ce00000, 0x000000060ce00000, 0x000000060d000000|  0%| F|  |TAMS 0x000000060ce00000, 0x000000060ce00000| Untracked 
|  58|0x000000060d000000, 0x000000060d000000, 0x000000060d200000|  0%| F|  |TAMS 0x000000060d000000, 0x000000060d000000| Untracked 
|  59|0x000000060d200000, 0x000000060d200000, 0x000000060d400000|  0%| F|  |TAMS 0x000000060d200000, 0x000000060d200000| Untracked 
|  60|0x000000060d400000, 0x000000060d400000, 0x000000060d600000|  0%| F|  |TAMS 0x000000060d400000, 0x000000060d400000| Untracked 
|  61|0x000000060d600000, 0x000000060d600000, 0x000000060d800000|  0%| F|  |TAMS 0x000000060d600000, 0x000000060d600000| Untracked 
|  62|0x000000060d800000, 0x000000060d800000, 0x000000060da00000|  0%| F|  |TAMS 0x000000060d800000, 0x000000060d800000| Untracked 
|  63|0x000000060da00000, 0x000000060da00000, 0x000000060dc00000|  0%| F|  |TAMS 0x000000060da00000, 0x000000060da00000| Untracked 
|  64|0x000000060dc00000, 0x000000060dc00000, 0x000000060de00000|  0%| F|  |TAMS 0x000000060dc00000, 0x000000060dc00000| Untracked 
|  65|0x000000060de00000, 0x000000060de00000, 0x000000060e000000|  0%| F|  |TAMS 0x000000060de00000, 0x000000060de00000| Untracked 
|  66|0x000000060e000000, 0x000000060e000000, 0x000000060e200000|  0%| F|  |TAMS 0x000000060e000000, 0x000000060e000000| Untracked 
|  67|0x000000060e200000, 0x000000060e200000, 0x000000060e400000|  0%| F|  |TAMS 0x000000060e200000, 0x000000060e200000| Untracked 
|  68|0x000000060e400000, 0x000000060e400000, 0x000000060e600000|  0%| F|  |TAMS 0x000000060e400000, 0x000000060e400000| Untracked 
|  69|0x000000060e600000, 0x000000060e600000, 0x000000060e800000|  0%| F|  |TAMS 0x000000060e600000, 0x000000060e600000| Untracked 
|  70|0x000000060e800000, 0x000000060e800000, 0x000000060ea00000|  0%| F|  |TAMS 0x000000060e800000, 0x000000060e800000| Untracked 
|  71|0x000000060ea00000, 0x000000060ea00000, 0x000000060ec00000|  0%| F|  |TAMS 0x000000060ea00000, 0x000000060ea00000| Untracked 
|  72|0x000000060ec00000, 0x000000060ec00000, 0x000000060ee00000|  0%| F|  |TAMS 0x000000060ec00000, 0x000000060ec00000| Untracked 
|  73|0x000000060ee00000, 0x000000060ee00000, 0x000000060f000000|  0%| F|  |TAMS 0x000000060ee00000, 0x000000060ee00000| Untracked 
|  74|0x000000060f000000, 0x000000060f000000, 0x000000060f200000|  0%| F|  |TAMS 0x000000060f000000, 0x000000060f000000| Untracked 
|  75|0x000000060f200000, 0x000000060f200000, 0x000000060f400000|  0%| F|  |TAMS 0x000000060f200000, 0x000000060f200000| Untracked 
|  76|0x000000060f400000, 0x000000060f400000, 0x000000060f600000|  0%| F|  |TAMS 0x000000060f400000, 0x000000060f400000| Untracked 
|  77|0x000000060f600000, 0x000000060f600000, 0x000000060f800000|  0%| F|  |TAMS 0x000000060f600000, 0x000000060f600000| Untracked 
|  78|0x000000060f800000, 0x000000060f800000, 0x000000060fa00000|  0%| F|  |TAMS 0x000000060f800000, 0x000000060f800000| Untracked 
|  79|0x000000060fa00000, 0x000000060fa00000, 0x000000060fc00000|  0%| F|  |TAMS 0x000000060fa00000, 0x000000060fa00000| Untracked 
|  80|0x000000060fc00000, 0x000000060fc00000, 0x000000060fe00000|  0%| F|  |TAMS 0x000000060fc00000, 0x000000060fc00000| Untracked 
|  81|0x000000060fe00000, 0x000000060fe00000, 0x0000000610000000|  0%| F|  |TAMS 0x000000060fe00000, 0x000000060fe00000| Untracked 
|  82|0x0000000610000000, 0x0000000610000000, 0x0000000610200000|  0%| F|  |TAMS 0x0000000610000000, 0x0000000610000000| Untracked 
|  83|0x0000000610200000, 0x0000000610200000, 0x0000000610400000|  0%| F|  |TAMS 0x0000000610200000, 0x0000000610200000| Untracked 
|  84|0x0000000610400000, 0x0000000610400000, 0x0000000610600000|  0%| F|  |TAMS 0x0000000610400000, 0x0000000610400000| Untracked 
|  85|0x0000000610600000, 0x0000000610600000, 0x0000000610800000|  0%| F|  |TAMS 0x0000000610600000, 0x0000000610600000| Untracked 
|  86|0x0000000610800000, 0x0000000610800000, 0x0000000610a00000|  0%| F|  |TAMS 0x0000000610800000, 0x0000000610800000| Untracked 
|  87|0x0000000610a00000, 0x0000000610a00000, 0x0000000610c00000|  0%| F|  |TAMS 0x0000000610a00000, 0x0000000610a00000| Untracked 
|  88|0x0000000610c00000, 0x0000000610c00000, 0x0000000610e00000|  0%| F|  |TAMS 0x0000000610c00000, 0x0000000610c00000| Untracked 
|  89|0x0000000610e00000, 0x0000000610e00000, 0x0000000611000000|  0%| F|  |TAMS 0x0000000610e00000, 0x0000000610e00000| Untracked 
|  90|0x0000000611000000, 0x0000000611000000, 0x0000000611200000|  0%| F|  |TAMS 0x0000000611000000, 0x0000000611000000| Untracked 
|  91|0x0000000611200000, 0x0000000611200000, 0x0000000611400000|  0%| F|  |TAMS 0x0000000611200000, 0x0000000611200000| Untracked 
|  92|0x0000000611400000, 0x0000000611400000, 0x0000000611600000|  0%| F|  |TAMS 0x0000000611400000, 0x0000000611400000| Untracked 
|  93|0x0000000611600000, 0x0000000611600000, 0x0000000611800000|  0%| F|  |TAMS 0x0000000611600000, 0x0000000611600000| Untracked 
|  94|0x0000000611800000, 0x0000000611800000, 0x0000000611a00000|  0%| F|  |TAMS 0x0000000611800000, 0x0000000611800000| Untracked 
|  95|0x0000000611a00000, 0x0000000611a00000, 0x0000000611c00000|  0%| F|  |TAMS 0x0000000611a00000, 0x0000000611a00000| Untracked 
|  96|0x0000000611c00000, 0x0000000611c00000, 0x0000000611e00000|  0%| F|  |TAMS 0x0000000611c00000, 0x0000000611c00000| Untracked 
|  97|0x0000000611e00000, 0x0000000611e00000, 0x0000000612000000|  0%| F|  |TAMS 0x0000000611e00000, 0x0000000611e00000| Untracked 
|  98|0x0000000612000000, 0x0000000612000000, 0x0000000612200000|  0%| F|  |TAMS 0x0000000612000000, 0x0000000612000000| Untracked 
|  99|0x0000000612200000, 0x0000000612200000, 0x0000000612400000|  0%| F|  |TAMS 0x0000000612200000, 0x0000000612200000| Untracked 
| 100|0x0000000612400000, 0x0000000612400000, 0x0000000612600000|  0%| F|  |TAMS 0x0000000612400000, 0x0000000612400000| Untracked 
| 101|0x0000000612600000, 0x0000000612600000, 0x0000000612800000|  0%| F|  |TAMS 0x0000000612600000, 0x0000000612600000| Untracked 
| 102|0x0000000612800000, 0x0000000612800000, 0x0000000612a00000|  0%| F|  |TAMS 0x0000000612800000, 0x0000000612800000| Untracked 
| 103|0x0000000612a00000, 0x0000000612a00000, 0x0000000612c00000|  0%| F|  |TAMS 0x0000000612a00000, 0x0000000612a00000| Untracked 
| 104|0x0000000612c00000, 0x0000000612c00000, 0x0000000612e00000|  0%| F|  |TAMS 0x0000000612c00000, 0x0000000612c00000| Untracked 
| 105|0x0000000612e00000, 0x0000000612e00000, 0x0000000613000000|  0%| F|  |TAMS 0x0000000612e00000, 0x0000000612e00000| Untracked 
| 106|0x0000000613000000, 0x0000000613000000, 0x0000000613200000|  0%| F|  |TAMS 0x0000000613000000, 0x0000000613000000| Untracked 
| 107|0x0000000613200000, 0x0000000613200000, 0x0000000613400000|  0%| F|  |TAMS 0x0000000613200000, 0x0000000613200000| Untracked 
| 108|0x0000000613400000, 0x0000000613400000, 0x0000000613600000|  0%| F|  |TAMS 0x0000000613400000, 0x0000000613400000| Untracked 
| 109|0x0000000613600000, 0x0000000613600000, 0x0000000613800000|  0%| F|  |TAMS 0x0000000613600000, 0x0000000613600000| Untracked 
| 110|0x0000000613800000, 0x0000000613800000, 0x0000000613a00000|  0%| F|  |TAMS 0x0000000613800000, 0x0000000613800000| Untracked 
| 111|0x0000000613a00000, 0x0000000613a00000, 0x0000000613c00000|  0%| F|  |TAMS 0x0000000613a00000, 0x0000000613a00000| Untracked 
| 112|0x0000000613c00000, 0x0000000613c00000, 0x0000000613e00000|  0%| F|  |TAMS 0x0000000613c00000, 0x0000000613c00000| Untracked 
| 113|0x0000000613e00000, 0x0000000613e00000, 0x0000000614000000|  0%| F|  |TAMS 0x0000000613e00000, 0x0000000613e00000| Untracked 
| 114|0x0000000614000000, 0x0000000614000000, 0x0000000614200000|  0%| F|  |TAMS 0x0000000614000000, 0x0000000614000000| Untracked 
| 115|0x0000000614200000, 0x0000000614200000, 0x0000000614400000|  0%| F|  |TAMS 0x0000000614200000, 0x0000000614200000| Untracked 
| 116|0x0000000614400000, 0x0000000614400000, 0x0000000614600000|  0%| F|  |TAMS 0x0000000614400000, 0x0000000614400000| Untracked 
| 117|0x0000000614600000, 0x0000000614600000, 0x0000000614800000|  0%| F|  |TAMS 0x0000000614600000, 0x0000000614600000| Untracked 
| 118|0x0000000614800000, 0x0000000614800000, 0x0000000614a00000|  0%| F|  |TAMS 0x0000000614800000, 0x0000000614800000| Untracked 
| 119|0x0000000614a00000, 0x0000000614a00000, 0x0000000614c00000|  0%| F|  |TAMS 0x0000000614a00000, 0x0000000614a00000| Untracked 
| 120|0x0000000614c00000, 0x0000000614c00000, 0x0000000614e00000|  0%| F|  |TAMS 0x0000000614c00000, 0x0000000614c00000| Untracked 
| 121|0x0000000614e00000, 0x0000000614e00000, 0x0000000615000000|  0%| F|  |TAMS 0x0000000614e00000, 0x0000000614e00000| Untracked 
| 122|0x0000000615000000, 0x0000000615000000, 0x0000000615200000|  0%| F|  |TAMS 0x0000000615000000, 0x0000000615000000| Untracked 
| 123|0x0000000615200000, 0x0000000615200000, 0x0000000615400000|  0%| F|  |TAMS 0x0000000615200000, 0x0000000615200000| Untracked 
| 124|0x0000000615400000, 0x0000000615400000, 0x0000000615600000|  0%| F|  |TAMS 0x0000000615400000, 0x0000000615400000| Untracked 
| 125|0x0000000615600000, 0x0000000615600000, 0x0000000615800000|  0%| F|  |TAMS 0x0000000615600000, 0x0000000615600000| Untracked 
| 126|0x0000000615800000, 0x0000000615800000, 0x0000000615a00000|  0%| F|  |TAMS 0x0000000615800000, 0x0000000615800000| Untracked 
| 127|0x0000000615a00000, 0x0000000615a00000, 0x0000000615c00000|  0%| F|  |TAMS 0x0000000615a00000, 0x0000000615a00000| Untracked 
| 128|0x0000000615c00000, 0x0000000615c00000, 0x0000000615e00000|  0%| F|  |TAMS 0x0000000615c00000, 0x0000000615c00000| Untracked 
| 129|0x0000000615e00000, 0x0000000615e00000, 0x0000000616000000|  0%| F|  |TAMS 0x0000000615e00000, 0x0000000615e00000| Untracked 
| 130|0x0000000616000000, 0x0000000616000000, 0x0000000616200000|  0%| F|  |TAMS 0x0000000616000000, 0x0000000616000000| Untracked 
| 131|0x0000000616200000, 0x0000000616200000, 0x0000000616400000|  0%| F|  |TAMS 0x0000000616200000, 0x0000000616200000| Untracked 
| 132|0x0000000616400000, 0x0000000616400000, 0x0000000616600000|  0%| F|  |TAMS 0x0000000616400000, 0x0000000616400000| Untracked 
| 133|0x0000000616600000, 0x0000000616600000, 0x0000000616800000|  0%| F|  |TAMS 0x0000000616600000, 0x0000000616600000| Untracked 
| 134|0x0000000616800000, 0x0000000616800000, 0x0000000616a00000|  0%| F|  |TAMS 0x0000000616800000, 0x0000000616800000| Untracked 
| 135|0x0000000616a00000, 0x0000000616a00000, 0x0000000616c00000|  0%| F|  |TAMS 0x0000000616a00000, 0x0000000616a00000| Untracked 
| 136|0x0000000616c00000, 0x0000000616c00000, 0x0000000616e00000|  0%| F|  |TAMS 0x0000000616c00000, 0x0000000616c00000| Untracked 
| 137|0x0000000616e00000, 0x0000000616e00000, 0x0000000617000000|  0%| F|  |TAMS 0x0000000616e00000, 0x0000000616e00000| Untracked 
| 138|0x0000000617000000, 0x0000000617000000, 0x0000000617200000|  0%| F|  |TAMS 0x0000000617000000, 0x0000000617000000| Untracked 
| 139|0x0000000617200000, 0x0000000617200000, 0x0000000617400000|  0%| F|  |TAMS 0x0000000617200000, 0x0000000617200000| Untracked 
| 140|0x0000000617400000, 0x0000000617400000, 0x0000000617600000|  0%| F|  |TAMS 0x0000000617400000, 0x0000000617400000| Untracked 
| 141|0x0000000617600000, 0x0000000617600000, 0x0000000617800000|  0%| F|  |TAMS 0x0000000617600000, 0x0000000617600000| Untracked 
| 142|0x0000000617800000, 0x0000000617800000, 0x0000000617a00000|  0%| F|  |TAMS 0x0000000617800000, 0x0000000617800000| Untracked 
| 143|0x0000000617a00000, 0x0000000617a00000, 0x0000000617c00000|  0%| F|  |TAMS 0x0000000617a00000, 0x0000000617a00000| Untracked 
| 144|0x0000000617c00000, 0x0000000617c00000, 0x0000000617e00000|  0%| F|  |TAMS 0x0000000617c00000, 0x0000000617c00000| Untracked 
| 145|0x0000000617e00000, 0x0000000617e00000, 0x0000000618000000|  0%| F|  |TAMS 0x0000000617e00000, 0x0000000617e00000| Untracked 
| 146|0x0000000618000000, 0x0000000618000000, 0x0000000618200000|  0%| F|  |TAMS 0x0000000618000000, 0x0000000618000000| Untracked 
| 147|0x0000000618200000, 0x0000000618200000, 0x0000000618400000|  0%| F|  |TAMS 0x0000000618200000, 0x0000000618200000| Untracked 
| 148|0x0000000618400000, 0x0000000618400000, 0x0000000618600000|  0%| F|  |TAMS 0x0000000618400000, 0x0000000618400000| Untracked 
| 149|0x0000000618600000, 0x0000000618600000, 0x0000000618800000|  0%| F|  |TAMS 0x0000000618600000, 0x0000000618600000| Untracked 
| 150|0x0000000618800000, 0x0000000618800000, 0x0000000618a00000|  0%| F|  |TAMS 0x0000000618800000, 0x0000000618800000| Untracked 
| 151|0x0000000618a00000, 0x0000000618a00000, 0x0000000618c00000|  0%| F|  |TAMS 0x0000000618a00000, 0x0000000618a00000| Untracked 
| 152|0x0000000618c00000, 0x0000000618c00000, 0x0000000618e00000|  0%| F|  |TAMS 0x0000000618c00000, 0x0000000618c00000| Untracked 
| 153|0x0000000618e00000, 0x0000000618e00000, 0x0000000619000000|  0%| F|  |TAMS 0x0000000618e00000, 0x0000000618e00000| Untracked 
| 154|0x0000000619000000, 0x0000000619000000, 0x0000000619200000|  0%| F|  |TAMS 0x0000000619000000, 0x0000000619000000| Untracked 
| 155|0x0000000619200000, 0x0000000619200000, 0x0000000619400000|  0%| F|  |TAMS 0x0000000619200000, 0x0000000619200000| Untracked 
| 156|0x0000000619400000, 0x0000000619400000, 0x0000000619600000|  0%| F|  |TAMS 0x0000000619400000, 0x0000000619400000| Untracked 
| 157|0x0000000619600000, 0x0000000619600000, 0x0000000619800000|  0%| F|  |TAMS 0x0000000619600000, 0x0000000619600000| Untracked 
| 158|0x0000000619800000, 0x0000000619800000, 0x0000000619a00000|  0%| F|  |TAMS 0x0000000619800000, 0x0000000619800000| Untracked 
| 159|0x0000000619a00000, 0x0000000619a00000, 0x0000000619c00000|  0%| F|  |TAMS 0x0000000619a00000, 0x0000000619a00000| Untracked 
| 160|0x0000000619c00000, 0x0000000619c00000, 0x0000000619e00000|  0%| F|  |TAMS 0x0000000619c00000, 0x0000000619c00000| Untracked 
| 161|0x0000000619e00000, 0x0000000619e00000, 0x000000061a000000|  0%| F|  |TAMS 0x0000000619e00000, 0x0000000619e00000| Untracked 
| 162|0x000000061a000000, 0x000000061a000000, 0x000000061a200000|  0%| F|  |TAMS 0x000000061a000000, 0x000000061a000000| Untracked 
| 163|0x000000061a200000, 0x000000061a200000, 0x000000061a400000|  0%| F|  |TAMS 0x000000061a200000, 0x000000061a200000| Untracked 
| 164|0x000000061a400000, 0x000000061a400000, 0x000000061a600000|  0%| F|  |TAMS 0x000000061a400000, 0x000000061a400000| Untracked 
| 165|0x000000061a600000, 0x000000061a600000, 0x000000061a800000|  0%| F|  |TAMS 0x000000061a600000, 0x000000061a600000| Untracked 
| 166|0x000000061a800000, 0x000000061a800000, 0x000000061aa00000|  0%| F|  |TAMS 0x000000061a800000, 0x000000061a800000| Untracked 
| 167|0x000000061aa00000, 0x000000061aa00000, 0x000000061ac00000|  0%| F|  |TAMS 0x000000061aa00000, 0x000000061aa00000| Untracked 
| 168|0x000000061ac00000, 0x000000061ac00000, 0x000000061ae00000|  0%| F|  |TAMS 0x000000061ac00000, 0x000000061ac00000| Untracked 
| 169|0x000000061ae00000, 0x000000061ae00000, 0x000000061b000000|  0%| F|  |TAMS 0x000000061ae00000, 0x000000061ae00000| Untracked 
| 170|0x000000061b000000, 0x000000061b000000, 0x000000061b200000|  0%| F|  |TAMS 0x000000061b000000, 0x000000061b000000| Untracked 
| 171|0x000000061b200000, 0x000000061b200000, 0x000000061b400000|  0%| F|  |TAMS 0x000000061b200000, 0x000000061b200000| Untracked 
| 172|0x000000061b400000, 0x000000061b400000, 0x000000061b600000|  0%| F|  |TAMS 0x000000061b400000, 0x000000061b400000| Untracked 
| 173|0x000000061b600000, 0x000000061b600000, 0x000000061b800000|  0%| F|  |TAMS 0x000000061b600000, 0x000000061b600000| Untracked 
| 174|0x000000061b800000, 0x000000061b800000, 0x000000061ba00000|  0%| F|  |TAMS 0x000000061b800000, 0x000000061b800000| Untracked 
| 175|0x000000061ba00000, 0x000000061ba00000, 0x000000061bc00000|  0%| F|  |TAMS 0x000000061ba00000, 0x000000061ba00000| Untracked 
| 176|0x000000061bc00000, 0x000000061bc00000, 0x000000061be00000|  0%| F|  |TAMS 0x000000061bc00000, 0x000000061bc00000| Untracked 
| 177|0x000000061be00000, 0x000000061be00000, 0x000000061c000000|  0%| F|  |TAMS 0x000000061be00000, 0x000000061be00000| Untracked 
| 178|0x000000061c000000, 0x000000061c000000, 0x000000061c200000|  0%| F|  |TAMS 0x000000061c000000, 0x000000061c000000| Untracked 
| 179|0x000000061c200000, 0x000000061c200000, 0x000000061c400000|  0%| F|  |TAMS 0x000000061c200000, 0x000000061c200000| Untracked 
| 180|0x000000061c400000, 0x000000061c400000, 0x000000061c600000|  0%| F|  |TAMS 0x000000061c400000, 0x000000061c400000| Untracked 
| 181|0x000000061c600000, 0x000000061c600000, 0x000000061c800000|  0%| F|  |TAMS 0x000000061c600000, 0x000000061c600000| Untracked 
| 182|0x000000061c800000, 0x000000061c800000, 0x000000061ca00000|  0%| F|  |TAMS 0x000000061c800000, 0x000000061c800000| Untracked 
| 183|0x000000061ca00000, 0x000000061ca00000, 0x000000061cc00000|  0%| F|  |TAMS 0x000000061ca00000, 0x000000061ca00000| Untracked 
| 184|0x000000061cc00000, 0x000000061cc00000, 0x000000061ce00000|  0%| F|  |TAMS 0x000000061cc00000, 0x000000061cc00000| Untracked 
| 185|0x000000061ce00000, 0x000000061ce00000, 0x000000061d000000|  0%| F|  |TAMS 0x000000061ce00000, 0x000000061ce00000| Untracked 
| 186|0x000000061d000000, 0x000000061d000000, 0x000000061d200000|  0%| F|  |TAMS 0x000000061d000000, 0x000000061d000000| Untracked 
| 187|0x000000061d200000, 0x000000061d200000, 0x000000061d400000|  0%| F|  |TAMS 0x000000061d200000, 0x000000061d200000| Untracked 
| 188|0x000000061d400000, 0x000000061d400000, 0x000000061d600000|  0%| F|  |TAMS 0x000000061d400000, 0x000000061d400000| Untracked 
| 189|0x000000061d600000, 0x000000061d600000, 0x000000061d800000|  0%| F|  |TAMS 0x000000061d600000, 0x000000061d600000| Untracked 
| 190|0x000000061d800000, 0x000000061d800000, 0x000000061da00000|  0%| F|  |TAMS 0x000000061d800000, 0x000000061d800000| Untracked 
| 191|0x000000061da00000, 0x000000061da00000, 0x000000061dc00000|  0%| F|  |TAMS 0x000000061da00000, 0x000000061da00000| Untracked 
| 192|0x000000061dc00000, 0x000000061dc00000, 0x000000061de00000|  0%| F|  |TAMS 0x000000061dc00000, 0x000000061dc00000| Untracked 
| 193|0x000000061de00000, 0x000000061de00000, 0x000000061e000000|  0%| F|  |TAMS 0x000000061de00000, 0x000000061de00000| Untracked 
| 194|0x000000061e000000, 0x000000061e000000, 0x000000061e200000|  0%| F|  |TAMS 0x000000061e000000, 0x000000061e000000| Untracked 
| 195|0x000000061e200000, 0x000000061e200000, 0x000000061e400000|  0%| F|  |TAMS 0x000000061e200000, 0x000000061e200000| Untracked 
| 196|0x000000061e400000, 0x000000061e400000, 0x000000061e600000|  0%| F|  |TAMS 0x000000061e400000, 0x000000061e400000| Untracked 
| 197|0x000000061e600000, 0x000000061e600000, 0x000000061e800000|  0%| F|  |TAMS 0x000000061e600000, 0x000000061e600000| Untracked 
| 198|0x000000061e800000, 0x000000061e800000, 0x000000061ea00000|  0%| F|  |TAMS 0x000000061e800000, 0x000000061e800000| Untracked 
| 199|0x000000061ea00000, 0x000000061ea00000, 0x000000061ec00000|  0%| F|  |TAMS 0x000000061ea00000, 0x000000061ea00000| Untracked 
| 200|0x000000061ec00000, 0x000000061ec00000, 0x000000061ee00000|  0%| F|  |TAMS 0x000000061ec00000, 0x000000061ec00000| Untracked 
| 201|0x000000061ee00000, 0x000000061ee00000, 0x000000061f000000|  0%| F|  |TAMS 0x000000061ee00000, 0x000000061ee00000| Untracked 
| 202|0x000000061f000000, 0x000000061f000000, 0x000000061f200000|  0%| F|  |TAMS 0x000000061f000000, 0x000000061f000000| Untracked 
| 203|0x000000061f200000, 0x000000061f200000, 0x000000061f400000|  0%| F|  |TAMS 0x000000061f200000, 0x000000061f200000| Untracked 
| 204|0x000000061f400000, 0x000000061f400000, 0x000000061f600000|  0%| F|  |TAMS 0x000000061f400000, 0x000000061f400000| Untracked 
| 205|0x000000061f600000, 0x000000061f600000, 0x000000061f800000|  0%| F|  |TAMS 0x000000061f600000, 0x000000061f600000| Untracked 
| 206|0x000000061f800000, 0x000000061f800000, 0x000000061fa00000|  0%| F|  |TAMS 0x000000061f800000, 0x000000061f800000| Untracked 
| 207|0x000000061fa00000, 0x000000061fa00000, 0x000000061fc00000|  0%| F|  |TAMS 0x000000061fa00000, 0x000000061fa00000| Untracked 
| 208|0x000000061fc00000, 0x000000061fc00000, 0x000000061fe00000|  0%| F|  |TAMS 0x000000061fc00000, 0x000000061fc00000| Untracked 
| 209|0x000000061fe00000, 0x000000061fe00000, 0x0000000620000000|  0%| F|  |TAMS 0x000000061fe00000, 0x000000061fe00000| Untracked 
| 210|0x0000000620000000, 0x0000000620000000, 0x0000000620200000|  0%| F|  |TAMS 0x0000000620000000, 0x0000000620000000| Untracked 
| 211|0x0000000620200000, 0x0000000620200000, 0x0000000620400000|  0%| F|  |TAMS 0x0000000620200000, 0x0000000620200000| Untracked 
| 212|0x0000000620400000, 0x0000000620400000, 0x0000000620600000|  0%| F|  |TAMS 0x0000000620400000, 0x0000000620400000| Untracked 
| 213|0x0000000620600000, 0x0000000620600000, 0x0000000620800000|  0%| F|  |TAMS 0x0000000620600000, 0x0000000620600000| Untracked 
| 214|0x0000000620800000, 0x0000000620800000, 0x0000000620a00000|  0%| F|  |TAMS 0x0000000620800000, 0x0000000620800000| Untracked 
| 215|0x0000000620a00000, 0x0000000620a00000, 0x0000000620c00000|  0%| F|  |TAMS 0x0000000620a00000, 0x0000000620a00000| Untracked 
| 216|0x0000000620c00000, 0x0000000620c00000, 0x0000000620e00000|  0%| F|  |TAMS 0x0000000620c00000, 0x0000000620c00000| Untracked 
| 217|0x0000000620e00000, 0x0000000620e00000, 0x0000000621000000|  0%| F|  |TAMS 0x0000000620e00000, 0x0000000620e00000| Untracked 
| 218|0x0000000621000000, 0x0000000621000000, 0x0000000621200000|  0%| F|  |TAMS 0x0000000621000000, 0x0000000621000000| Untracked 
| 219|0x0000000621200000, 0x0000000621200000, 0x0000000621400000|  0%| F|  |TAMS 0x0000000621200000, 0x0000000621200000| Untracked 
| 220|0x0000000621400000, 0x0000000621400000, 0x0000000621600000|  0%| F|  |TAMS 0x0000000621400000, 0x0000000621400000| Untracked 
| 221|0x0000000621600000, 0x0000000621600000, 0x0000000621800000|  0%| F|  |TAMS 0x0000000621600000, 0x0000000621600000| Untracked 
| 222|0x0000000621800000, 0x0000000621800000, 0x0000000621a00000|  0%| F|  |TAMS 0x0000000621800000, 0x0000000621800000| Untracked 
| 223|0x0000000621a00000, 0x0000000621a00000, 0x0000000621c00000|  0%| F|  |TAMS 0x0000000621a00000, 0x0000000621a00000| Untracked 
| 224|0x0000000621c00000, 0x0000000621c00000, 0x0000000621e00000|  0%| F|  |TAMS 0x0000000621c00000, 0x0000000621c00000| Untracked 
| 225|0x0000000621e00000, 0x0000000621e00000, 0x0000000622000000|  0%| F|  |TAMS 0x0000000621e00000, 0x0000000621e00000| Untracked 
| 226|0x0000000622000000, 0x0000000622000000, 0x0000000622200000|  0%| F|  |TAMS 0x0000000622000000, 0x0000000622000000| Untracked 
| 227|0x0000000622200000, 0x0000000622200000, 0x0000000622400000|  0%| F|  |TAMS 0x0000000622200000, 0x0000000622200000| Untracked 
| 228|0x0000000622400000, 0x0000000622400000, 0x0000000622600000|  0%| F|  |TAMS 0x0000000622400000, 0x0000000622400000| Untracked 
| 229|0x0000000622600000, 0x0000000622600000, 0x0000000622800000|  0%| F|  |TAMS 0x0000000622600000, 0x0000000622600000| Untracked 
| 230|0x0000000622800000, 0x0000000622800000, 0x0000000622a00000|  0%| F|  |TAMS 0x0000000622800000, 0x0000000622800000| Untracked 
| 231|0x0000000622a00000, 0x0000000622a00000, 0x0000000622c00000|  0%| F|  |TAMS 0x0000000622a00000, 0x0000000622a00000| Untracked 
| 232|0x0000000622c00000, 0x0000000622c00000, 0x0000000622e00000|  0%| F|  |TAMS 0x0000000622c00000, 0x0000000622c00000| Untracked 
| 233|0x0000000622e00000, 0x0000000622e00000, 0x0000000623000000|  0%| F|  |TAMS 0x0000000622e00000, 0x0000000622e00000| Untracked 
| 234|0x0000000623000000, 0x0000000623000000, 0x0000000623200000|  0%| F|  |TAMS 0x0000000623000000, 0x0000000623000000| Untracked 
| 235|0x0000000623200000, 0x0000000623200000, 0x0000000623400000|  0%| F|  |TAMS 0x0000000623200000, 0x0000000623200000| Untracked 
| 236|0x0000000623400000, 0x0000000623400000, 0x0000000623600000|  0%| F|  |TAMS 0x0000000623400000, 0x0000000623400000| Untracked 
| 237|0x0000000623600000, 0x0000000623600000, 0x0000000623800000|  0%| F|  |TAMS 0x0000000623600000, 0x0000000623600000| Untracked 
| 238|0x0000000623800000, 0x0000000623800000, 0x0000000623a00000|  0%| F|  |TAMS 0x0000000623800000, 0x0000000623800000| Untracked 
| 239|0x0000000623a00000, 0x0000000623a00000, 0x0000000623c00000|  0%| F|  |TAMS 0x0000000623a00000, 0x0000000623a00000| Untracked 
| 240|0x0000000623c00000, 0x0000000623c00000, 0x0000000623e00000|  0%| F|  |TAMS 0x0000000623c00000, 0x0000000623c00000| Untracked 
| 241|0x0000000623e00000, 0x0000000623e00000, 0x0000000624000000|  0%| F|  |TAMS 0x0000000623e00000, 0x0000000623e00000| Untracked 
| 242|0x0000000624000000, 0x0000000624000000, 0x0000000624200000|  0%| F|  |TAMS 0x0000000624000000, 0x0000000624000000| Untracked 
| 243|0x0000000624200000, 0x0000000624200000, 0x0000000624400000|  0%| F|  |TAMS 0x0000000624200000, 0x0000000624200000| Untracked 
| 244|0x0000000624400000, 0x0000000624400000, 0x0000000624600000|  0%| F|  |TAMS 0x0000000624400000, 0x0000000624400000| Untracked 
| 245|0x0000000624600000, 0x0000000624600000, 0x0000000624800000|  0%| F|  |TAMS 0x0000000624600000, 0x0000000624600000| Untracked 
| 246|0x0000000624800000, 0x0000000624800000, 0x0000000624a00000|  0%| F|  |TAMS 0x0000000624800000, 0x0000000624800000| Untracked 
| 247|0x0000000624a00000, 0x0000000624a00000, 0x0000000624c00000|  0%| F|  |TAMS 0x0000000624a00000, 0x0000000624a00000| Untracked 
| 248|0x0000000624c00000, 0x0000000624c00000, 0x0000000624e00000|  0%| F|  |TAMS 0x0000000624c00000, 0x0000000624c00000| Untracked 
| 249|0x0000000624e00000, 0x0000000624e00000, 0x0000000625000000|  0%| F|  |TAMS 0x0000000624e00000, 0x0000000624e00000| Untracked 
| 250|0x0000000625000000, 0x0000000625000000, 0x0000000625200000|  0%| F|  |TAMS 0x0000000625000000, 0x0000000625000000| Untracked 
| 251|0x0000000625200000, 0x0000000625200000, 0x0000000625400000|  0%| F|  |TAMS 0x0000000625200000, 0x0000000625200000| Untracked 
| 252|0x0000000625400000, 0x0000000625400000, 0x0000000625600000|  0%| F|  |TAMS 0x0000000625400000, 0x0000000625400000| Untracked 
| 253|0x0000000625600000, 0x0000000625600000, 0x0000000625800000|  0%| F|  |TAMS 0x0000000625600000, 0x0000000625600000| Untracked 
| 254|0x0000000625800000, 0x0000000625800000, 0x0000000625a00000|  0%| F|  |TAMS 0x0000000625800000, 0x0000000625800000| Untracked 
| 255|0x0000000625a00000, 0x0000000625a00000, 0x0000000625c00000|  0%| F|  |TAMS 0x0000000625a00000, 0x0000000625a00000| Untracked 
| 256|0x0000000625c00000, 0x0000000625c00000, 0x0000000625e00000|  0%| F|  |TAMS 0x0000000625c00000, 0x0000000625c00000| Untracked 
| 257|0x0000000625e00000, 0x0000000625e00000, 0x0000000626000000|  0%| F|  |TAMS 0x0000000625e00000, 0x0000000625e00000| Untracked 
| 258|0x0000000626000000, 0x0000000626000000, 0x0000000626200000|  0%| F|  |TAMS 0x0000000626000000, 0x0000000626000000| Untracked 
| 259|0x0000000626200000, 0x0000000626200000, 0x0000000626400000|  0%| F|  |TAMS 0x0000000626200000, 0x0000000626200000| Untracked 
| 260|0x0000000626400000, 0x0000000626400000, 0x0000000626600000|  0%| F|  |TAMS 0x0000000626400000, 0x0000000626400000| Untracked 
| 261|0x0000000626600000, 0x0000000626600000, 0x0000000626800000|  0%| F|  |TAMS 0x0000000626600000, 0x0000000626600000| Untracked 
| 262|0x0000000626800000, 0x0000000626800000, 0x0000000626a00000|  0%| F|  |TAMS 0x0000000626800000, 0x0000000626800000| Untracked 
| 263|0x0000000626a00000, 0x0000000626a00000, 0x0000000626c00000|  0%| F|  |TAMS 0x0000000626a00000, 0x0000000626a00000| Untracked 
| 264|0x0000000626c00000, 0x0000000626c00000, 0x0000000626e00000|  0%| F|  |TAMS 0x0000000626c00000, 0x0000000626c00000| Untracked 
| 265|0x0000000626e00000, 0x0000000626e00000, 0x0000000627000000|  0%| F|  |TAMS 0x0000000626e00000, 0x0000000626e00000| Untracked 
| 266|0x0000000627000000, 0x0000000627000000, 0x0000000627200000|  0%| F|  |TAMS 0x0000000627000000, 0x0000000627000000| Untracked 
| 267|0x0000000627200000, 0x0000000627400000, 0x0000000627400000|100%| S|CS|TAMS 0x0000000627200000, 0x0000000627200000| Complete 
| 268|0x0000000627400000, 0x0000000627600000, 0x0000000627600000|100%| S|CS|TAMS 0x0000000627400000, 0x0000000627400000| Complete 
| 269|0x0000000627600000, 0x0000000627800000, 0x0000000627800000|100%| S|CS|TAMS 0x0000000627600000, 0x0000000627600000| Complete 
| 270|0x0000000627800000, 0x0000000627a00000, 0x0000000627a00000|100%| S|CS|TAMS 0x0000000627800000, 0x0000000627800000| Complete 
| 271|0x0000000627a00000, 0x0000000627c00000, 0x0000000627c00000|100%| S|CS|TAMS 0x0000000627a00000, 0x0000000627a00000| Complete 
| 272|0x0000000627c00000, 0x0000000627e00000, 0x0000000627e00000|100%| S|CS|TAMS 0x0000000627c00000, 0x0000000627c00000| Complete 
| 273|0x0000000627e00000, 0x0000000628000000, 0x0000000628000000|100%| S|CS|TAMS 0x0000000627e00000, 0x0000000627e00000| Complete 
| 274|0x0000000628000000, 0x0000000628000000, 0x0000000628200000|  0%| F|  |TAMS 0x0000000628000000, 0x0000000628000000| Untracked 
| 275|0x0000000628200000, 0x0000000628200000, 0x0000000628400000|  0%| F|  |TAMS 0x0000000628200000, 0x0000000628200000| Untracked 
| 276|0x0000000628400000, 0x0000000628400000, 0x0000000628600000|  0%| F|  |TAMS 0x0000000628400000, 0x0000000628400000| Untracked 
| 277|0x0000000628600000, 0x0000000628600000, 0x0000000628800000|  0%| F|  |TAMS 0x0000000628600000, 0x0000000628600000| Untracked 
| 278|0x0000000628800000, 0x0000000628800000, 0x0000000628a00000|  0%| F|  |TAMS 0x0000000628800000, 0x0000000628800000| Untracked 
| 279|0x0000000628a00000, 0x0000000628a00000, 0x0000000628c00000|  0%| F|  |TAMS 0x0000000628a00000, 0x0000000628a00000| Untracked 
| 280|0x0000000628c00000, 0x0000000628c00000, 0x0000000628e00000|  0%| F|  |TAMS 0x0000000628c00000, 0x0000000628c00000| Untracked 
| 281|0x0000000628e00000, 0x0000000628e00000, 0x0000000629000000|  0%| F|  |TAMS 0x0000000628e00000, 0x0000000628e00000| Untracked 
| 282|0x0000000629000000, 0x0000000629000000, 0x0000000629200000|  0%| F|  |TAMS 0x0000000629000000, 0x0000000629000000| Untracked 
| 283|0x0000000629200000, 0x0000000629200000, 0x0000000629400000|  0%| F|  |TAMS 0x0000000629200000, 0x0000000629200000| Untracked 
| 284|0x0000000629400000, 0x0000000629400000, 0x0000000629600000|  0%| F|  |TAMS 0x0000000629400000, 0x0000000629400000| Untracked 
| 285|0x0000000629600000, 0x0000000629600000, 0x0000000629800000|  0%| F|  |TAMS 0x0000000629600000, 0x0000000629600000| Untracked 
| 286|0x0000000629800000, 0x0000000629a00000, 0x0000000629a00000|100%| E|  |TAMS 0x0000000629800000, 0x0000000629800000| Complete 
| 287|0x0000000629a00000, 0x0000000629c00000, 0x0000000629c00000|100%| E|CS|TAMS 0x0000000629a00000, 0x0000000629a00000| Complete 
| 288|0x0000000629c00000, 0x0000000629e00000, 0x0000000629e00000|100%| E|CS|TAMS 0x0000000629c00000, 0x0000000629c00000| Complete 
| 289|0x0000000629e00000, 0x000000062a000000, 0x000000062a000000|100%| E|CS|TAMS 0x0000000629e00000, 0x0000000629e00000| Complete 
| 290|0x000000062a000000, 0x000000062a200000, 0x000000062a200000|100%| E|CS|TAMS 0x000000062a000000, 0x000000062a000000| Complete 
| 291|0x000000062a200000, 0x000000062a400000, 0x000000062a400000|100%| E|CS|TAMS 0x000000062a200000, 0x000000062a200000| Complete 
| 292|0x000000062a400000, 0x000000062a600000, 0x000000062a600000|100%| E|CS|TAMS 0x000000062a400000, 0x000000062a400000| Complete 
| 293|0x000000062a600000, 0x000000062a800000, 0x000000062a800000|100%| E|CS|TAMS 0x000000062a600000, 0x000000062a600000| Complete 
| 294|0x000000062a800000, 0x000000062aa00000, 0x000000062aa00000|100%| E|CS|TAMS 0x000000062a800000, 0x000000062a800000| Complete 
| 295|0x000000062aa00000, 0x000000062ac00000, 0x000000062ac00000|100%| E|CS|TAMS 0x000000062aa00000, 0x000000062aa00000| Complete 
| 296|0x000000062ac00000, 0x000000062ae00000, 0x000000062ae00000|100%| E|CS|TAMS 0x000000062ac00000, 0x000000062ac00000| Complete 
| 297|0x000000062ae00000, 0x000000062b000000, 0x000000062b000000|100%| E|CS|TAMS 0x000000062ae00000, 0x000000062ae00000| Complete 
| 298|0x000000062b000000, 0x000000062b200000, 0x000000062b200000|100%| E|CS|TAMS 0x000000062b000000, 0x000000062b000000| Complete 
| 299|0x000000062b200000, 0x000000062b400000, 0x000000062b400000|100%| E|CS|TAMS 0x000000062b200000, 0x000000062b200000| Complete 
| 300|0x000000062b400000, 0x000000062b600000, 0x000000062b600000|100%| E|CS|TAMS 0x000000062b400000, 0x000000062b400000| Complete 
| 301|0x000000062b600000, 0x000000062b800000, 0x000000062b800000|100%| E|CS|TAMS 0x000000062b600000, 0x000000062b600000| Complete 
| 302|0x000000062b800000, 0x000000062ba00000, 0x000000062ba00000|100%| E|CS|TAMS 0x000000062b800000, 0x000000062b800000| Complete 
| 303|0x000000062ba00000, 0x000000062bc00000, 0x000000062bc00000|100%| E|CS|TAMS 0x000000062ba00000, 0x000000062ba00000| Complete 
| 304|0x000000062bc00000, 0x000000062be00000, 0x000000062be00000|100%| E|CS|TAMS 0x000000062bc00000, 0x000000062bc00000| Complete 
| 305|0x000000062be00000, 0x000000062c000000, 0x000000062c000000|100%| E|CS|TAMS 0x000000062be00000, 0x000000062be00000| Complete 
| 306|0x000000062c000000, 0x000000062c200000, 0x000000062c200000|100%| E|CS|TAMS 0x000000062c000000, 0x000000062c000000| Complete 
| 307|0x000000062c200000, 0x000000062c400000, 0x000000062c400000|100%| E|CS|TAMS 0x000000062c200000, 0x000000062c200000| Complete 
| 308|0x000000062c400000, 0x000000062c600000, 0x000000062c600000|100%| E|CS|TAMS 0x000000062c400000, 0x000000062c400000| Complete 

Card table byte_map: [0x000001e3cca10000,0x000001e3cd9f0000] _byte_map_base: 0x000001e3c99e2000

Marking Bits (Prev, Next): (CMBitMap*) 0x000001e3b87165c0, (CMBitMap*) 0x000001e3b8716588
 Prev Bits: [0x000001e3d6860000, 0x000001e3de6f0000)
 Next Bits: [0x000001e3ce9d0000, 0x000001e3d6860000)

Polling page: 0x000001e3b6470000

Metaspace:

Usage:
  Non-class:     53.27 MB capacity,    52.80 MB (>99%) used,   376.84 KB ( <1%) free+waste,    99.50 KB ( <1%) overhead. 
      Class:      7.01 MB capacity,     6.70 MB ( 96%) used,   268.44 KB (  4%) free+waste,    43.94 KB ( <1%) overhead. 
       Both:     60.28 MB capacity,    59.51 MB ( 99%) used,   645.27 KB (  1%) free+waste,   143.44 KB ( <1%) overhead. 

Virtual space:
  Non-class space:       54.00 MB reserved,      53.38 MB ( 99%) committed 
      Class space:        1.00 GB reserved,       7.13 MB ( <1%) committed 
             Both:        1.05 GB reserved,      60.51 MB (  6%) committed 

Chunk freelists:
   Non-Class:  56.00 KB
       Class:  22.00 KB
        Both:  78.00 KB

MaxMetaspaceSize: 17179869184.00 GB
CompressedClassSpaceSize: 1.00 GB
Initial GC threshold: 20.80 MB
Current GC threshold: 98.97 MB
CDS: off

CodeHeap 'non-profiled nmethods': size=119168Kb used=5031Kb max_used=5031Kb free=114136Kb
 bounds [0x000001e3c3d40000, 0x000001e3c4230000, 0x000001e3cb1a0000]
CodeHeap 'profiled nmethods': size=119168Kb used=24596Kb max_used=24596Kb free=94571Kb
 bounds [0x000001e3bc8e0000, 0x000001e3be0f0000, 0x000001e3c3d40000]
CodeHeap 'non-nmethods': size=7424Kb used=2992Kb max_used=3054Kb free=4431Kb
 bounds [0x000001e3bc1a0000, 0x000001e3bc4b0000, 0x000001e3bc8e0000]
 total_blobs=9366 nmethods=8785 adapters=489
 compilation: enabled
              stopped_count=0, restarted_count=0
 full_count=0

Compilation events (20 events):
Event: 3.923 Thread 0x000001e3e2921000 8839       3       org.jetbrains.kotlin.com.intellij.util.containers.ConcurrentIntKeyRefValueHashMap::get (17 bytes)
Event: 3.923 Thread 0x000001e3e21dd000 8840       3       org.jetbrains.kotlin.com.intellij.util.containers.ConcurrentIntObjectHashMap::get (125 bytes)
Event: 3.923 Thread 0x000001e3e2934000 nmethod 8838 0x000001e3be0c8990 code [0x000001e3be0c8b80, 0x000001e3be0c9138]
Event: 3.923 Thread 0x000001e3e2921000 nmethod 8839 0x000001e3be0c9310 code [0x000001e3be0c9500, 0x000001e3be0c98d8]
Event: 3.923 Thread 0x000001e3e2921000 8841       3       org.jetbrains.kotlin.resolve.calls.components.ClassicTypeSystemContextForCS::argumentsCount (6 bytes)
Event: 3.923 Thread 0x000001e3e2921000 nmethod 8841 0x000001e3be0c9a10 code [0x000001e3be0c9bc0, 0x000001e3be0c9ce8]
Event: 3.923 Thread 0x000001e3e21dd000 nmethod 8840 0x000001e3be0c9d90 code [0x000001e3be0ca020, 0x000001e3be0caeb8]
Event: 3.924 Thread 0x000001e3e2934000 8842       3       org.jetbrains.kotlin.descriptors.impl.AbstractTypeAliasDescriptor$typeConstructor$1::getParameters (8 bytes)
Event: 3.924 Thread 0x000001e3e2921000 8843       3       org.jetbrains.kotlin.serialization.deserialization.descriptors.DeserializedTypeAliasDescriptor::getTypeConstructorTypeParameters (17 bytes)
Event: 3.924 Thread 0x000001e3e2934000 nmethod 8842 0x000001e3be0cb390 code [0x000001e3be0cb540, 0x000001e3be0cb708]
Event: 3.925 Thread 0x000001e3e2921000 nmethod 8843 0x000001e3be0cb810 code [0x000001e3be0cbaa0, 0x000001e3be0cc358]
Event: 3.926 Thread 0x000001e3e21dd000 8844       1       org.jetbrains.kotlin.resolve.scopes.LexicalScopeImpl::getImplicitReceiver (5 bytes)
Event: 3.926 Thread 0x000001e3e21dd000 nmethod 8844 0x000001e3c421c690 code [0x000001e3c421c840, 0x000001e3c421c8f8]
Event: 3.926 Thread 0x000001e3e23cb800 nmethod 8837 0x000001e3be0cc710 code [0x000001e3be0cd420, 0x000001e3be0d5a68]
Event: 3.928 Thread 0x000001e3e2934000 8845       2       kotlin.collections.CollectionsKt___CollectionsKt::toSet (138 bytes)
Event: 3.928 Thread 0x000001e3e2934000 nmethod 8845 0x000001e3be0d8410 code [0x000001e3be0d8720, 0x000001e3be0d91f8]
Event: 3.929 Thread 0x000001e3e2921000 8846       3       org.jetbrains.kotlin.load.java.structure.impl.classFiles.BinaryJavaClass::visit (165 bytes)
Event: 3.929 Thread 0x000001e3e21dd000 8847       3       org.jetbrains.kotlin.load.java.structure.impl.classFiles.BinaryJavaClass::setTypeParameters (13 bytes)
Event: 3.929 Thread 0x000001e3e23cb800 8848       3       org.jetbrains.kotlin.load.java.structure.impl.classFiles.BinaryJavaClass::setSupertypes (13 bytes)
Event: 3.929 Thread 0x000001e3e2934000 8849       3       org.jetbrains.kotlin.load.java.structure.impl.classFiles.BinaryJavaClass::visitEnd (22 bytes)

GC Heap History (12 events):
Event: 0.305 GC heap before
{Heap before GC invocations=0 (full 0):
 garbage-first heap   total 520192K, used 26624K [0x0000000605c00000, 0x0000000800000000)
  region size 2048K, 12 young (24576K), 0 survivors (0K)
 Metaspace       used 11765K, capacity 11826K, committed 11904K, reserved 1060864K
  class space    used 1089K, capacity 1109K, committed 1152K, reserved 1048576K
}
Event: 0.307 GC heap after
{Heap after GC invocations=1 (full 0):
 garbage-first heap   total 520192K, used 6619K [0x0000000605c00000, 0x0000000800000000)
  region size 2048K, 2 young (4096K), 2 survivors (4096K)
 Metaspace       used 11765K, capacity 11826K, committed 11904K, reserved 1060864K
  class space    used 1089K, capacity 1109K, committed 1152K, reserved 1048576K
}
Event: 0.727 GC heap before
{Heap before GC invocations=1 (full 0):
 garbage-first heap   total 520192K, used 47579K [0x0000000605c00000, 0x0000000800000000)
  region size 2048K, 23 young (47104K), 2 survivors (4096K)
 Metaspace       used 20960K, capacity 21186K, committed 21248K, reserved 1069056K
  class space    used 2201K, capacity 2280K, committed 2304K, reserved 1048576K
}
Event: 0.734 GC heap after
{Heap after GC invocations=2 (full 0):
 garbage-first heap   total 520192K, used 10508K [0x0000000605c00000, 0x0000000800000000)
  region size 2048K, 4 young (8192K), 4 survivors (8192K)
 Metaspace       used 20960K, capacity 21186K, committed 21248K, reserved 1069056K
  class space    used 2201K, capacity 2280K, committed 2304K, reserved 1048576K
}
Event: 1.471 GC heap before
{Heap before GC invocations=3 (full 0):
 garbage-first heap   total 520192K, used 80140K [0x0000000605c00000, 0x0000000800000000)
  region size 2048K, 36 young (73728K), 4 survivors (8192K)
 Metaspace       used 35262K, capacity 35774K, committed 36048K, reserved 1081344K
  class space    used 4376K, capacity 4578K, committed 4608K, reserved 1048576K
}
Event: 1.489 GC heap after
{Heap after GC invocations=4 (full 0):
 garbage-first heap   total 520192K, used 23841K [0x0000000605c00000, 0x0000000800000000)
  region size 2048K, 6 young (12288K), 6 survivors (12288K)
 Metaspace       used 35262K, capacity 35774K, committed 36048K, reserved 1081344K
  class space    used 4376K, capacity 4578K, committed 4608K, reserved 1048576K
}
Event: 2.348 GC heap before
{Heap before GC invocations=5 (full 0):
 garbage-first heap   total 520192K, used 120097K [0x0000000605c00000, 0x0000000800000000)
  region size 2048K, 52 young (106496K), 6 survivors (12288K)
 Metaspace       used 49656K, capacity 50339K, committed 50640K, reserved 1093632K
  class space    used 5798K, capacity 6070K, committed 6144K, reserved 1048576K
}
Event: 2.357 GC heap after
{Heap after GC invocations=6 (full 0):
 garbage-first heap   total 520192K, used 36417K [0x0000000605c00000, 0x0000000800000000)
  region size 2048K, 7 young (14336K), 7 survivors (14336K)
 Metaspace       used 49656K, capacity 50339K, committed 50640K, reserved 1093632K
  class space    used 5798K, capacity 6070K, committed 6144K, reserved 1048576K
}
Event: 2.524 GC heap before
{Heap before GC invocations=6 (full 0):
 garbage-first heap   total 520192K, used 63041K [0x0000000605c00000, 0x0000000800000000)
  region size 2048K, 20 young (40960K), 7 survivors (14336K)
 Metaspace       used 51144K, capacity 51760K, committed 52048K, reserved 1095680K
  class space    used 5909K, capacity 6174K, committed 6272K, reserved 1048576K
}
Event: 2.530 GC heap after
{Heap after GC invocations=7 (full 0):
 garbage-first heap   total 632832K, used 39270K [0x0000000605c00000, 0x0000000800000000)
  region size 2048K, 2 young (4096K), 2 survivors (4096K)
 Metaspace       used 51144K, capacity 51760K, committed 52048K, reserved 1095680K
  class space    used 5909K, capacity 6174K, committed 6272K, reserved 1048576K
}
Event: 3.562 GC heap before
{Heap before GC invocations=7 (full 0):
 garbage-first heap   total 632832K, used 108902K [0x0000000605c00000, 0x0000000800000000)
  region size 2048K, 37 young (75776K), 2 survivors (4096K)
 Metaspace       used 59405K, capacity 60128K, committed 60296K, reserved 1101824K
  class space    used 6752K, capacity 7074K, committed 7168K, reserved 1048576K
}
Event: 3.571 GC heap after
{Heap after GC invocations=8 (full 0):
 garbage-first heap   total 632832K, used 50013K [0x0000000605c00000, 0x0000000800000000)
  region size 2048K, 7 young (14336K), 7 survivors (14336K)
 Metaspace       used 59405K, capacity 60128K, committed 60296K, reserved 1101824K
  class space    used 6752K, capacity 7074K, committed 7168K, reserved 1048576K
}

Deoptimization events (20 events):
Event: 3.915 Thread 0x000001e3b868e000 Uncommon trap: trap_request=0xffffff4d fr.pc=0x000001e3c401ffa0 relative=0x00000000000001e0
Event: 3.915 Thread 0x000001e3b868e000 Uncommon trap: reason=unstable_if action=reinterpret pc=0x000001e3c401ffa0 method=org.jetbrains.kotlin.util.slicedMap.OpenAddressLinearProbingHashTable.get(Ljava/lang/Object;)Ljava/lang/Object; @ 77 c2
Event: 3.915 Thread 0x000001e3b868e000 DEOPT PACKING pc=0x000001e3c401ffa0 sp=0x0000007e55dfab00
Event: 3.915 Thread 0x000001e3b868e000 DEOPT UNPACKING pc=0x000001e3bc1ea1af sp=0x0000007e55dfaa90 mode 2
Event: 3.919 Thread 0x000001e3b868e000 Uncommon trap: trap_request=0xffffffc6 fr.pc=0x000001e3c41e0fd8 relative=0x00000000000005d8
Event: 3.919 Thread 0x000001e3b868e000 Uncommon trap: reason=bimorphic_or_optimized_type_check action=maybe_recompile pc=0x000001e3c41e0fd8 method=kotlin.sequences.FlatteningSequence$iterator$1.ensureItemIterator()Z @ 80 c2
Event: 3.919 Thread 0x000001e3b868e000 DEOPT PACKING pc=0x000001e3c41e0fd8 sp=0x0000007e55dfaf80
Event: 3.919 Thread 0x000001e3b868e000 DEOPT UNPACKING pc=0x000001e3bc1ea1af sp=0x0000007e55dfaec8 mode 2
Event: 3.922 Thread 0x000001e3b868e000 Uncommon trap: trap_request=0xffffffc6 fr.pc=0x000001e3c41e0fd8 relative=0x00000000000005d8
Event: 3.922 Thread 0x000001e3b868e000 Uncommon trap: reason=bimorphic_or_optimized_type_check action=maybe_recompile pc=0x000001e3c41e0fd8 method=kotlin.sequences.FlatteningSequence$iterator$1.ensureItemIterator()Z @ 80 c2
Event: 3.922 Thread 0x000001e3b868e000 DEOPT PACKING pc=0x000001e3c41e0fd8 sp=0x0000007e55dfbf80
Event: 3.922 Thread 0x000001e3b868e000 DEOPT UNPACKING pc=0x000001e3bc1ea1af sp=0x0000007e55dfbec8 mode 2
Event: 3.924 Thread 0x000001e3b868e000 Uncommon trap: trap_request=0xffffffc6 fr.pc=0x000001e3c41e0fd8 relative=0x00000000000005d8
Event: 3.924 Thread 0x000001e3b868e000 Uncommon trap: reason=bimorphic_or_optimized_type_check action=maybe_recompile pc=0x000001e3c41e0fd8 method=kotlin.sequences.FlatteningSequence$iterator$1.ensureItemIterator()Z @ 80 c2
Event: 3.924 Thread 0x000001e3b868e000 DEOPT PACKING pc=0x000001e3c41e0fd8 sp=0x0000007e55dfba70
Event: 3.924 Thread 0x000001e3b868e000 DEOPT UNPACKING pc=0x000001e3bc1ea1af sp=0x0000007e55dfb9b8 mode 2
Event: 3.926 Thread 0x000001e3b868e000 Uncommon trap: trap_request=0xffffffc6 fr.pc=0x000001e3c41e0fd8 relative=0x00000000000005d8
Event: 3.926 Thread 0x000001e3b868e000 Uncommon trap: reason=bimorphic_or_optimized_type_check action=maybe_recompile pc=0x000001e3c41e0fd8 method=kotlin.sequences.FlatteningSequence$iterator$1.ensureItemIterator()Z @ 80 c2
Event: 3.926 Thread 0x000001e3b868e000 DEOPT PACKING pc=0x000001e3c41e0fd8 sp=0x0000007e55dfb8e0
Event: 3.926 Thread 0x000001e3b868e000 DEOPT UNPACKING pc=0x000001e3bc1ea1af sp=0x0000007e55dfb828 mode 2

Classes redefined (0 events):
No events

Internal exceptions (20 events):
Event: 0.923 Thread 0x000001e3b868e000 Exception <a 'java/lang/NoSuchMethodError'{0x000000062440a8a8}: 'void java.lang.invoke.DirectMethodHandle$Holder.invokeStatic(java.lang.Object, java.lang.Object, java.lang.Object, java.lang.Object)'> (0x000000062440a8a8) thrown at [./src/hotspot/share/interpreter/linkResolver.cpp, line 773]
Event: 0.966 Thread 0x000001e3b868e000 Exception <a 'java/lang/NoSuchMethodError'{0x00000006243e9e70}: 'void java.lang.invoke.DirectMethodHandle$Holder.invokeStaticInit(java.lang.Object, java.lang.Object)'> (0x00000006243e9e70) thrown at [./src/hotspot/share/interpreter/linkResolver.cpp, line 773]
Event: 1.032 Thread 0x000001e3b868e000 Exception <a 'java/lang/NoSuchMethodError'{0x0000000623a2d078}: 'void java.lang.invoke.DirectMethodHandle$Holder.invokeVirtual(java.lang.Object, java.lang.Object)'> (0x0000000623a2d078) thrown at [./src/hotspot/share/interpreter/linkResolver.cpp, line 773]
Event: 1.037 Thread 0x000001e3b868e000 Exception <a 'java/lang/NoSuchMethodError'{0x0000000623a9fef0}: 'int java.lang.invoke.DirectMethodHandle$Holder.invokeVirtual(java.lang.Object, java.lang.Object)'> (0x0000000623a9fef0) thrown at [./src/hotspot/share/interpreter/linkResolver.cpp, line 773]
Event: 1.528 Thread 0x000001e3b868e000 Exception <a 'java/lang/NoSuchMethodError'{0x0000000625221c48}: 'java.lang.Object java.lang.invoke.DirectMethodHandle$Holder.invokeVirtual(java.lang.Object, java.lang.Object, java.lang.Object)'> (0x0000000625221c48) thrown at [./src/hotspot/share/interpreter/linkResolver.cpp, line 773]
Event: 1.894 Thread 0x000001e3b868e000 Exception <a 'java/lang/NoSuchMethodError'{0x00000006228d3860}: 'java.lang.Object java.lang.invoke.Invokers$Holder.linkToTargetMethod(java.lang.Object, int, java.lang.Object)'> (0x00000006228d3860) thrown at [./src/hotspot/share/interpreter/linkResolver.cpp, line 773]
Event: 2.083 Thread 0x000001e3b868e000 Exception <a 'java/lang/NoSuchMethodError'{0x0000000621a690d8}: 'java.lang.Object java.lang.invoke.DirectMethodHandle$Holder.invokeStatic(java.lang.Object, java.lang.Object, java.lang.Object, int)'> (0x0000000621a690d8) thrown at [./src/hotspot/share/interpreter/linkResolver.cpp, line 773]
Event: 2.083 Thread 0x000001e3b868e000 Exception <a 'java/lang/NoSuchMethodError'{0x0000000621a6cd48}: 'java.lang.Object java.lang.invoke.DirectMethodHandle$Holder.invokeSpecial(java.lang.Object, java.lang.Object, java.lang.Object, java.lang.Object, int)'> (0x0000000621a6cd48) thrown at [./src/hotspot/share/interpreter/linkResolver.cpp, line 773]
Event: 2.083 Thread 0x000001e3b868e000 Exception <a 'java/lang/NoSuchMethodError'{0x0000000621a70058}: 'java.lang.Object java.lang.invoke.Invokers$Holder.linkToTargetMethod(java.lang.Object, java.lang.Object, int, java.lang.Object)'> (0x0000000621a70058) thrown at [./src/hotspot/share/interpreter/linkResolver.cpp, line 773]
Event: 2.668 Thread 0x000001e3b868e000 Exception <a 'java/lang/NoSuchMethodError'{0x000000062b610f58}: 'java.lang.Object java.lang.invoke.DirectMethodHandle$Holder.invokeSpecial(java.lang.Object, java.lang.Object, java.lang.Object, java.lang.Object, java.lang.Object, java.lang.Object, java.lang.Object, java.lang.Object, java.lang.Object)'> (0x000000062b610f58) thrown at [./src/hotspot/share/interpreter/linkResolver.cpp, line 773]
Event: 2.668 Thread 0x000001e3b868e000 Exception <a 'java/lang/NoSuchMethodError'{0x000000062b615150}: 'java.lang.Object java.lang.invoke.Invokers$Holder.linkToTargetMethod(java.lang.Object, java.lang.Object, java.lang.Object, java.lang.Object, java.lang.Object, java.lang.Object, java.lang.Object, java.lang.Object)'> (0x000000062b615150) thrown at [./src/hotspot/share/interpreter/linkResolver.cpp, line 773]
Event: 2.738 Thread 0x000001e3b868e000 Implicit null exception at 0x000001e3c3f37dfe to 0x000001e3c3f380b4
Event: 3.058 Thread 0x000001e3b868e000 Exception <a 'java/lang/NoSuchMethodError'{0x000000062a219dc0}: 'java.lang.Object java.lang.invoke.DirectMethodHandle$Holder.invokeSpecial(java.lang.Object, java.lang.Object, java.lang.Object, java.lang.Object, java.lang.Object, int)'> (0x000000062a219dc0) thrown at [./src/hotspot/share/interpreter/linkResolver.cpp, line 773]
Event: 3.059 Thread 0x000001e3b868e000 Exception <a 'java/lang/NoSuchMethodError'{0x000000062a21d960}: 'java.lang.Object java.lang.invoke.Invokers$Holder.linkToTargetMethod(java.lang.Object, java.lang.Object, java.lang.Object, int, java.lang.Object)'> (0x000000062a21d960) thrown at [./src/hotspot/share/interpreter/linkResolver.cpp, line 773]
Event: 3.123 Thread 0x000001e3b868e000 Exception <a 'java/lang/NoSuchMethodError'{0x000000062a16cb88}: 'java.lang.Object java.lang.invoke.Invokers$Holder.linkToTargetMethod(java.lang.Object, java.lang.Object, java.lang.Object, java.lang.Object, java.lang.Object, java.lang.Object)'> (0x000000062a16cb88) thrown at [./src/hotspot/share/interpreter/linkResolver.cpp, line 773]
Event: 3.166 Thread 0x000001e3b868e000 Implicit null exception at 0x000001e3c403dbb3 to 0x000001e3c403df88
Event: 3.189 Thread 0x000001e3b868e000 Implicit null exception at 0x000001e3c3df4df5 to 0x000001e3c3df4fdc
Event: 3.581 Thread 0x000001e3b868e000 Exception <a 'java/lang/NoSuchMethodError'{0x000000062c4aad68}: 'java.lang.Object java.lang.invoke.DirectMethodHandle$Holder.invokeStaticInit(java.lang.Object, java.lang.Object, java.lang.Object)'> (0x000000062c4aad68) thrown at [./src/hotspot/share/interpreter/linkResolver.cpp, line 773]
Event: 3.829 Thread 0x000001e3b868e000 Exception <a 'java/lang/NoSuchMethodError'{0x000000062a485e78}: 'int java.lang.invoke.DirectMethodHandle$Holder.invokeInterface(java.lang.Object, java.lang.Object)'> (0x000000062a485e78) thrown at [./src/hotspot/share/interpreter/linkResolver.cpp, line 773]
Event: 3.839 Thread 0x000001e3b868e000 Exception <a 'java/lang/NoSuchMethodError'{0x000000062a588e70}: 'java.lang.Object java.lang.invoke.DirectMethodHandle$Holder.invokeStatic(java.lang.Object, int, java.lang.Object, java.lang.Object)'> (0x000000062a588e70) thrown at [./src/hotspot/share/interpreter/linkResolver.cpp, line 773]

Events (20 events):
Event: 3.919 loading class org/jetbrains/kotlin/resolve/calls/checkers/DslScopeViolationCallChecker$checkCallImplicitReceiver$$inlined$filterIsInstance$1
Event: 3.919 loading class org/jetbrains/kotlin/resolve/calls/checkers/DslScopeViolationCallChecker$checkCallImplicitReceiver$$inlined$filterIsInstance$1 done
Event: 3.919 loading class org/jetbrains/kotlin/resolve/calls/checkers/DslScopeViolationCallChecker$checkCallImplicitReceiver$receiversUntilOneFromTheCall$1
Event: 3.919 loading class org/jetbrains/kotlin/resolve/calls/checkers/DslScopeViolationCallChecker$checkCallImplicitReceiver$receiversUntilOneFromTheCall$1 done
Event: 3.919 loading class kotlin/sequences/SequencesKt___SequencesKt$flatMap$1
Event: 3.919 loading class kotlin/sequences/SequencesKt___SequencesKt$flatMap$1 done
Event: 3.919 loading class org/jetbrains/kotlin/resolve/calls/checkers/DslScopeViolationCallChecker$checkCallImplicitReceiver$receiversUntilOneFromTheCall$2
Event: 3.919 loading class org/jetbrains/kotlin/resolve/calls/checkers/DslScopeViolationCallChecker$checkCallImplicitReceiver$receiversUntilOneFromTheCall$2 done
Event: 3.919 loading class org/jetbrains/kotlin/resolve/calls/checkers/DslScopeViolationCallChecker$checkCallImplicitReceiver$receiversUntilOneFromTheCall$3
Event: 3.919 loading class org/jetbrains/kotlin/resolve/calls/checkers/DslScopeViolationCallChecker$checkCallImplicitReceiver$receiversUntilOneFromTheCall$3 done
Event: 3.921 loading class org/jetbrains/kotlin/resolve/calls/components/ResolutionPartsKt$resolveKotlinArgument$1
Event: 3.921 loading class org/jetbrains/kotlin/resolve/calls/components/ResolutionPartsKt$resolveKotlinArgument$1 done
Event: 3.921 loading class org/jetbrains/kotlin/types/checker/NewKotlinTypeCheckerKt
Event: 3.921 loading class org/jetbrains/kotlin/types/checker/NewKotlinTypeCheckerKt done
Event: 3.922 loading class org/jetbrains/kotlin/resolve/calls/util/ResolvedCallUtilKt$hasInferredReturnType$1
Event: 3.922 loading class org/jetbrains/kotlin/resolve/calls/util/ResolvedCallUtilKt$hasInferredReturnType$1 done
Event: 3.923 loading class org/jetbrains/kotlin/types/AbstractTypeApproximator$WhenMappings
Event: 3.923 loading class org/jetbrains/kotlin/types/AbstractTypeApproximator$WhenMappings done
Event: 3.923 loading class org/jetbrains/kotlin/types/expressions/FunctionsTypingVisitor$collectReturns$3
Event: 3.923 loading class org/jetbrains/kotlin/types/expressions/FunctionsTypingVisitor$collectReturns$3 done


Dynamic libraries:
0x00007ff67ff20000 - 0x00007ff67ff2a000 	C:\Program Files\Android\Android Studio\jre\bin\java.exe
0x00007ffed2d90000 - 0x00007ffed2f85000 	C:\Windows\SYSTEM32\ntdll.dll
0x00007ffed1280000 - 0x00007ffed133d000 	C:\Windows\System32\KERNEL32.DLL
0x00007ffed04a0000 - 0x00007ffed076d000 	C:\Windows\System32\KERNELBASE.dll
0x00007ffed0ae0000 - 0x00007ffed0be0000 	C:\Windows\System32\ucrtbase.dll
0x00007ffec9f60000 - 0x00007ffec9f79000 	C:\Program Files\Android\Android Studio\jre\bin\jli.dll
0x00007ffebe810000 - 0x00007ffebe827000 	C:\Program Files\Android\Android Studio\jre\bin\VCRUNTIME140.dll
0x00007ffed1a30000 - 0x00007ffed1bd0000 	C:\Windows\System32\USER32.dll
0x00007ffed0db0000 - 0x00007ffed0dd2000 	C:\Windows\System32\win32u.dll
0x00007ffed2d20000 - 0x00007ffed2d4a000 	C:\Windows\System32\GDI32.dll
0x00007ffeaa0c0000 - 0x00007ffeaa35a000 	C:\Windows\WinSxS\amd64_microsoft.windows.common-controls_6595b64144ccf1df_6.0.19041.1110_none_60b5254171f9507e\COMCTL32.dll
0x00007ffed0770000 - 0x00007ffed087b000 	C:\Windows\System32\gdi32full.dll
0x00007ffed0c10000 - 0x00007ffed0cad000 	C:\Windows\System32\msvcp_win.dll
0x00007ffed1ef0000 - 0x00007ffed1f8e000 	C:\Windows\System32\msvcrt.dll
0x00007ffed0de0000 - 0x00007ffed0e10000 	C:\Windows\System32\IMM32.DLL
0x00007ffebcb90000 - 0x00007ffebcc2d000 	C:\Program Files\Android\Android Studio\jre\bin\msvcp140.dll
0x00007ffeb1ab0000 - 0x00007ffeb2595000 	C:\Program Files\Android\Android Studio\jre\bin\server\jvm.dll
0x00007ffed1f90000 - 0x00007ffed203e000 	C:\Windows\System32\ADVAPI32.dll
0x00007ffed1cb0000 - 0x00007ffed1d4c000 	C:\Windows\System32\sechost.dll
0x00007ffed2950000 - 0x00007ffed2a75000 	C:\Windows\System32\RPCRT4.dll
0x00007ffed1170000 - 0x00007ffed1178000 	C:\Windows\System32\PSAPI.DLL
0x00007ffea8350000 - 0x00007ffea8359000 	C:\Windows\SYSTEM32\WSOCK32.dll
0x00007ffea98b0000 - 0x00007ffea98d7000 	C:\Windows\SYSTEM32\WINMM.dll
0x00007ffeca3f0000 - 0x00007ffeca3fa000 	C:\Windows\SYSTEM32\VERSION.dll
0x00007ffed1d50000 - 0x00007ffed1dbb000 	C:\Windows\System32\WS2_32.dll
0x00007ffece270000 - 0x00007ffece282000 	C:\Windows\SYSTEM32\kernel.appcore.dll
0x00007ffeb7320000 - 0x00007ffeb7331000 	C:\Program Files\Android\Android Studio\jre\bin\verify.dll
0x00007ffec31f0000 - 0x00007ffec33d4000 	C:\Windows\SYSTEM32\DBGHELP.DLL
0x00007ffec3dc0000 - 0x00007ffec3dec000 	C:\Windows\SYSTEM32\dbgcore.DLL
0x00007ffed0880000 - 0x00007ffed0902000 	C:\Windows\System32\bcryptPrimitives.dll
0x00007ffeb1a80000 - 0x00007ffeb1aa9000 	C:\Program Files\Android\Android Studio\jre\bin\java.dll
0x00007ffecb250000 - 0x00007ffecb25b000 	C:\Program Files\Android\Android Studio\jre\bin\jimage.dll
0x00007ffeb5920000 - 0x00007ffeb5938000 	C:\Program Files\Android\Android Studio\jre\bin\zip.dll
0x00007ffed2150000 - 0x00007ffed2894000 	C:\Windows\System32\SHELL32.dll
0x00007ffece580000 - 0x00007ffeced14000 	C:\Windows\SYSTEM32\windows.storage.dll
0x00007ffed0e10000 - 0x00007ffed1164000 	C:\Windows\System32\combase.dll
0x00007ffecfd50000 - 0x00007ffecfd7c000 	C:\Windows\SYSTEM32\Wldp.dll
0x00007ffed28a0000 - 0x00007ffed294d000 	C:\Windows\System32\SHCORE.dll
0x00007ffed2cb0000 - 0x00007ffed2d05000 	C:\Windows\System32\shlwapi.dll
0x00007ffed03e0000 - 0x00007ffed03ff000 	C:\Windows\SYSTEM32\profapi.dll
0x00007ffeb1a60000 - 0x00007ffeb1a7a000 	C:\Program Files\Android\Android Studio\jre\bin\net.dll
0x00007ffec9200000 - 0x00007ffec930a000 	C:\Windows\SYSTEM32\WINHTTP.dll
0x00007ffecfb30000 - 0x00007ffecfb9a000 	C:\Windows\system32\mswsock.dll
0x00007ffeb1a40000 - 0x00007ffeb1a54000 	C:\Program Files\Android\Android Studio\jre\bin\nio.dll

dbghelp: loaded successfully - version: 4.0.5 - missing functions: none
symbol engine: initialized successfully - sym options: 0x614 - pdb path: .;C:\Program Files\Android\Android Studio\jre\bin;C:\Windows\SYSTEM32;C:\Windows\WinSxS\amd64_microsoft.windows.common-controls_6595b64144ccf1df_6.0.19041.1110_none_60b5254171f9507e;C:\Program Files\Android\Android Studio\jre\bin\server

VM Arguments:
java_command: org.jetbrains.kotlin.cli.jvm.K2JVMCompiler @C:\Users\Sergio\AndroidStudioProjects\spc_swabApp_SergioVersionNew\app\build\20220606_1247660341377670867.compiler.options
java_class_path (initial): C:\Users\Sergio\.gradle\caches\modules-2\files-2.1\org.jetbrains.kotlin\kotlin-compiler-embeddable\1.6.21\97bdd5a752ce73b58ef16c17bc7f0ea2faff7a2e\kotlin-compiler-embeddable-1.6.21.jar;C:\Users\Sergio\.gradle\caches\modules-2\files-2.1\org.jetbrains.kotlin\kotlin-reflect\1.6.21\5dc3574d9b7bebfcb4ec6b10ada4aaa9e140bd0b\kotlin-reflect-1.6.21.jar;C:\Users\Sergio\.gradle\caches\modules-2\files-2.1\org.jetbrains.kotlin\kotlin-stdlib\1.6.21\11ef67f1900634fd951bad28c53ec957fabbe5b8\kotlin-stdlib-1.6.21.jar;C:\Users\Sergio\.gradle\caches\modules-2\files-2.1\org.jetbrains.kotlin\kotlin-script-runtime\1.6.21\99c6675100da5d6d5b1c5a1032f27f28008d101b\kotlin-script-runtime-1.6.21.jar;C:\Users\Sergio\.gradle\caches\modules-2\files-2.1\org.jetbrains.kotlin\kotlin-daemon-embeddable\1.6.21\46b78cf392e1c4f10854c3cadba44abb7b82250f\kotlin-daemon-embeddable-1.6.21.jar;C:\Users\Sergio\.gradle\caches\modules-2\files-2.1\org.jetbrains.intellij.deps\trove4j\1.0.20200330\3afb14d5f9ceb459d724e907a21145e8ff394f02\trove4j-1.0.20200330.jar;C:\Users\Sergio\.gradle\caches\modules-2\files-2.1\net.java.dev.jna\jna\5.6.0\330f2244e9030119ab3030fc3fededc86713d9cc\jna-5.6.0.jar;C:\Users\Sergio\.gradle\caches\modules-2\files-2.1\org.jetbrains.kotlin\kotlin-stdlib-common\1.6.21\5e5b55c26dbc80372a920aef60eb774b714559b8\kotlin-stdlib-common-1.6.21.jar;C:\Users\Sergio\.gradle\caches\modules-2\files-2.1\org.jetbrains\annotations\13.0\919f0dfe192fb4e063e7dacadee7f8bb9a2672a9\annotations-13.0.jar
Launcher Type: SUN_STANDARD

[Global flags]
     intx CICompilerCount                          = 12                                        {product} {ergonomic}
     uint ConcGCThreads                            = 3                                         {product} {ergonomic}
     uint G1ConcRefinementThreads                  = 13                                        {product} {ergonomic}
   size_t G1HeapRegionSize                         = 2097152                                   {product} {ergonomic}
    uintx GCDrainStackTargetSize                   = 64                                        {product} {ergonomic}
   size_t InitialHeapSize                          = 532676608                                 {product} {ergonomic}
   size_t MarkStackSize                            = 4194304                                   {product} {ergonomic}
   size_t MaxHeapSize                              = 8493465600                                {product} {ergonomic}
   size_t MaxNewSize                               = 5096079360                                {product} {ergonomic}
   size_t MinHeapDeltaBytes                        = 2097152                                   {product} {ergonomic}
    uintx NonNMethodCodeHeapSize                   = 7594288                                {pd product} {ergonomic}
    uintx NonProfiledCodeHeapSize                  = 122031976                              {pd product} {ergonomic}
    uintx ProfiledCodeHeapSize                     = 122031976                              {pd product} {ergonomic}
    uintx ReservedCodeCacheSize                    = 251658240                              {pd product} {ergonomic}
     bool SegmentedCodeCache                       = true                                      {product} {ergonomic}
     bool UseCompressedClassPointers               = true                                 {lp64_product} {ergonomic}
     bool UseCompressedOops                        = true                                 {lp64_product} {ergonomic}
     bool UseG1GC                                  = true                                      {product} {ergonomic}
     bool UseLargePagesIndividualAllocation        = false                                  {pd product} {ergonomic}

Logging:
Log output configuration:
 #0: stdout all=warning uptime,level,tags
 #1: stderr all=off uptime,level,tags

Environment Variables:
PATH=C:\Program Files (x86)\VMware\VMware Workstation\bin\;C:\Program Files\Eclipse Foundation\jdk-8.0.302.8-hotspot\bin;C:\Python39\Scripts\;C:\Python39\;C:\Program Files\Common Files\Oracle\Java\javapath;C:\Program Files (x86)\Microsoft SDKs\Azure\CLI2\wbin;C:\Windows\system32;C:\Windows;C:\Windows\System32\Wbem;C:\Windows\System32\WindowsPowerShell\v1.0\;C:\Windows\System32\OpenSSH\;C:\Program Files\dotnet\;C:\Program Files\Microsoft SQL Server\130\Tools\Binn\;C:\Program Files\Microsoft SQL Server\Client SDK\ODBC\170\Tools\Binn\;C:\Program Files\Microsoft SQL Server\120\DTS\Binn\;C:\Program Files\Microsoft SQL Server\Client SDK\ODBC\110\Tools\Binn\;C:\Program Files (x86)\Microsoft SQL Server\120\Tools\Binn\;C:\Program Files\Microsoft SQL Server\120\Tools\Binn\;C:\Program Files (x86)\Microsoft SQL Server\120\Tools\Binn\ManagementStudio\;C:\Program Files (x86)\Microsoft SQL Server\120\DTS\Binn\;C:\Users\Sergio\anaconda3;C:\Users\Sergio\anaconda3\Library\mingw-w64\bin;C:\Users\Sergio\anaconda3\Library\usr\bin;C:\Users\Sergio\anaconda3\Library\bin;C:\Users\Sergio\anaconda3\Scripts;C:\Users\Sergio\AppData\Local;C:\;C:\ProgramData\chocolatey\bin;C:\Program Files\CMake\bin;C:\Program Files\Graphviz\bin;C:\Program Files\PuTTY\;D:\xampp\php;C:\ProgramData\ComposerSetup\bin;C:\Program Files\Git\cmd;C:\Users\Sergio\anaconda3;C:\Users\Sergio\anaconda3\Library\mingw-w64\bin;C:\Users\Sergio\anaconda3\Library\usr\bin;C:\Users\Sergio\anaconda3\Library\bin;C:\Users\Sergio\anaconda3\Scripts;C:\Users\Sergio\AppData\Local\Microsoft\WindowsApps;C:\Users\Sergio\AppData\Local\GitHubDesktop\bin;C:\Users\Sergio\AppData\Local\Programs\Microsoft VS Code\bin;C:\Users\Sergio\.dotnet\tools;C:\Program Files\Sublime Text 3;D:\SERGIO\Portables\iperf-3.1.3-win64;c:\snmp\bin\;C:\Program Files\Notepad++;C:\Users\Sergio\AppData\Roaming\Composer\vendor\bin;C:\cygwin64\bin;C:\cygwin64\usr\local\bin;C:\Users\Sergio\AppData\Local\Markdown Monster;C:\Users\Sergio\.dotnet\tools;D:\SERGIO\Portables\ookla-spee
USERNAME=Sergio
OS=Windows_NT
PROCESSOR_IDENTIFIER=Intel64 Family 6 Model 165 Stepping 5, GenuineIntel



---------------  S Y S T E M  ---------------

OS: Windows 10 , 64 bit Build 19041 (10.0.19041.1706)
OS uptime: 1 days 17:51 hours
Hyper-V role detected

CPU:total 16 (initial active 16) (8 cores per cpu, 2 threads per core) family 6 model 165 stepping 5 microcode 0xca, cmov, cx8, fxsr, mmx, sse, sse2, sse3, ssse3, sse4.1, sse4.2, popcnt, avx, avx2, aes, clmul, erms, 3dnowpref, lzcnt, ht, tsc, tscinvbit, bmi1, bmi2, adx, fma

Memory: 4k page, system-wide physical 32394M (670M free)
TotalPageFile size 40586M (AvailPageFile size 7M)
current process WorkingSet (physical memory assigned to process): 474M, peak: 474M
current process commit charge ("private bytes"): 913M, peak: 915M

vm_info: OpenJDK 64-Bit Server VM (11.0.12+7-b1504.28-7817840) for windows-amd64 JRE (11.0.12+7-b1504.28-7817840), built on Oct 13 2021 22:12:33 by "builder" with MS VC++ 14.0 (VS2015)

END.
